<?xml version="1.0" encoding="UTF-8"?>
<robot generator="Robot 6.0.2 (Python 3.11.2 on darwin)" generated="20230331 08:57:36.925" rpa="false" schemaversion="3">
<suite id="s1" name="Tests" source="/Users/lennart/Documents/Development/Studium/2022_Master-Thesis/robot-execution-time/example/tests">
<suite id="s1-s1" name="Invalid Login" source="/Users/lennart/Documents/Development/Studium/2022_Master-Thesis/robot-execution-time/example/tests/invalid_login.robot">
<kw name="Open Browser To Login Page" library="resource" type="SETUP">
<kw name="Open Browser" library="SeleniumLibrary">
<arg>${LOGIN URL}</arg>
<arg>${BROWSER}</arg>
<doc>Opens a new browser instance to the optional ``url``.</doc>
<msg timestamp="20230331 08:57:37.309" level="INFO">Opening browser 'Chrome' to base url 'http://localhost:7272/'.</msg>
<status status="PASS" starttime="20230331 08:57:37.308" endtime="20230331 08:57:41.158"/>
</kw>
<kw name="Maximize Browser Window" library="SeleniumLibrary">
<doc>Maximizes current browser window.</doc>
<status status="PASS" starttime="20230331 08:57:41.158" endtime="20230331 08:57:41.663"/>
</kw>
<kw name="Set Selenium Speed" library="SeleniumLibrary">
<arg>${DELAY}</arg>
<doc>Sets the delay that is waited after each Selenium command.</doc>
<status status="PASS" starttime="20230331 08:57:41.663" endtime="20230331 08:57:41.664"/>
</kw>
<kw name="Login Page Should Be Open" library="resource">
<kw name="Title Should Be" library="SeleniumLibrary">
<arg>Login Page</arg>
<doc>Verifies that the current page title equals ``title``.</doc>
<msg timestamp="20230331 08:57:41.675" level="INFO">Page title is 'Login Page'.</msg>
<status status="PASS" starttime="20230331 08:57:41.665" endtime="20230331 08:57:41.675"/>
</kw>
<status status="PASS" starttime="20230331 08:57:41.664" endtime="20230331 08:57:41.676"/>
</kw>
<status status="PASS" starttime="20230331 08:57:37.308" endtime="20230331 08:57:41.676"/>
</kw>
<test id="s1-s1-t1" name="Invalid Username" line="17">
<kw name="Go To Login Page" library="resource" type="SETUP">
<kw name="Go To" library="SeleniumLibrary">
<arg>${LOGIN URL}</arg>
<doc>Navigates the current browser window to the provided ``url``.</doc>
<msg timestamp="20230331 08:57:41.678" level="INFO">Opening url 'http://localhost:7272/'</msg>
<status status="PASS" starttime="20230331 08:57:41.678" endtime="20230331 08:57:41.705"/>
</kw>
<kw name="Login Page Should Be Open" library="resource">
<kw name="Title Should Be" library="SeleniumLibrary">
<arg>Login Page</arg>
<doc>Verifies that the current page title equals ``title``.</doc>
<msg timestamp="20230331 08:57:41.719" level="INFO">Page title is 'Login Page'.</msg>
<status status="PASS" starttime="20230331 08:57:41.706" endtime="20230331 08:57:41.719"/>
</kw>
<status status="PASS" starttime="20230331 08:57:41.706" endtime="20230331 08:57:41.719"/>
</kw>
<status status="PASS" starttime="20230331 08:57:41.678" endtime="20230331 08:57:41.719"/>
</kw>
<kw name="Login With Invalid Credentials Should Fail">
<arg>invalid</arg>
<arg>${VALID PASSWORD}</arg>
<kw name="Input Username" library="resource">
<arg>${username}</arg>
<kw name="Input Text" library="SeleniumLibrary">
<arg>username_field</arg>
<arg>${username}</arg>
<doc>Types the given ``text`` into the text field identified by ``locator``.</doc>
<msg timestamp="20230331 08:57:41.723" level="INFO">Typing text 'invalid' into text field 'username_field'.</msg>
<status status="PASS" starttime="20230331 08:57:41.722" endtime="20230331 08:57:41.920"/>
</kw>
<status status="PASS" starttime="20230331 08:57:41.721" endtime="20230331 08:57:41.920"/>
</kw>
<kw name="Input Password" library="resource">
<arg>${password}</arg>
<kw name="Input Text" library="SeleniumLibrary">
<arg>password_field</arg>
<arg>${password}</arg>
<doc>Types the given ``text`` into the text field identified by ``locator``.</doc>
<msg timestamp="20230331 08:57:41.921" level="INFO">Typing text 'mode' into text field 'password_field'.</msg>
<status status="PASS" starttime="20230331 08:57:41.921" endtime="20230331 08:57:42.059"/>
</kw>
<status status="PASS" starttime="20230331 08:57:41.921" endtime="20230331 08:57:42.059"/>
</kw>
<kw name="Submit Credentials" library="resource">
<kw name="Click Button" library="SeleniumLibrary">
<arg>login_button</arg>
<doc>Clicks the button identified by ``locator``.</doc>
<msg timestamp="20230331 08:57:42.060" level="INFO">Clicking button 'login_button'.</msg>
<status status="PASS" starttime="20230331 08:57:42.059" endtime="20230331 08:57:42.195"/>
</kw>
<status status="PASS" starttime="20230331 08:57:42.059" endtime="20230331 08:57:42.195"/>
</kw>
<kw name="Login Should Have Failed">
<kw name="Location Should Be" library="SeleniumLibrary">
<arg>${ERROR URL}</arg>
<doc>Verifies that the current URL is exactly ``url``.</doc>
<msg timestamp="20230331 08:57:42.205" level="INFO">Current location is 'http://localhost:7272/error.html'.</msg>
<status status="PASS" starttime="20230331 08:57:42.197" endtime="20230331 08:57:42.205"/>
</kw>
<kw name="Title Should Be" library="SeleniumLibrary">
<arg>Error Page</arg>
<doc>Verifies that the current page title equals ``title``.</doc>
<msg timestamp="20230331 08:57:42.209" level="INFO">Page title is 'Error Page'.</msg>
<status status="PASS" starttime="20230331 08:57:42.205" endtime="20230331 08:57:42.209"/>
</kw>
<status status="PASS" starttime="20230331 08:57:42.196" endtime="20230331 08:57:42.209"/>
</kw>
<status status="PASS" starttime="20230331 08:57:41.720" endtime="20230331 08:57:42.209"/>
</kw>
<status status="PASS" starttime="20230331 08:57:41.676" endtime="20230331 08:57:42.209"/>
</test>
<test id="s1-s1-t2" name="Invalid Password" line="18">
<kw name="Go To Login Page" library="resource" type="SETUP">
<kw name="Go To" library="SeleniumLibrary">
<arg>${LOGIN URL}</arg>
<doc>Navigates the current browser window to the provided ``url``.</doc>
<msg timestamp="20230331 08:57:42.211" level="INFO">Opening url 'http://localhost:7272/'</msg>
<status status="PASS" starttime="20230331 08:57:42.211" endtime="20230331 08:57:42.290"/>
</kw>
<kw name="Login Page Should Be Open" library="resource">
<kw name="Title Should Be" library="SeleniumLibrary">
<arg>Login Page</arg>
<doc>Verifies that the current page title equals ``title``.</doc>
<msg timestamp="20230331 08:57:42.302" level="INFO">Page title is 'Login Page'.</msg>
<status status="PASS" starttime="20230331 08:57:42.291" endtime="20230331 08:57:42.302"/>
</kw>
<status status="PASS" starttime="20230331 08:57:42.290" endtime="20230331 08:57:42.303"/>
</kw>
<status status="PASS" starttime="20230331 08:57:42.211" endtime="20230331 08:57:42.303"/>
</kw>
<kw name="Login With Invalid Credentials Should Fail">
<arg>${VALID USER}</arg>
<arg>invalid</arg>
<kw name="Input Username" library="resource">
<arg>${username}</arg>
<kw name="Input Text" library="SeleniumLibrary">
<arg>username_field</arg>
<arg>${username}</arg>
<doc>Types the given ``text`` into the text field identified by ``locator``.</doc>
<msg timestamp="20230331 08:57:42.304" level="INFO">Typing text 'demo' into text field 'username_field'.</msg>
<status status="PASS" starttime="20230331 08:57:42.304" endtime="20230331 08:57:42.429"/>
</kw>
<status status="PASS" starttime="20230331 08:57:42.303" endtime="20230331 08:57:42.429"/>
</kw>
<kw name="Input Password" library="resource">
<arg>${password}</arg>
<kw name="Input Text" library="SeleniumLibrary">
<arg>password_field</arg>
<arg>${password}</arg>
<doc>Types the given ``text`` into the text field identified by ``locator``.</doc>
<msg timestamp="20230331 08:57:42.430" level="INFO">Typing text 'invalid' into text field 'password_field'.</msg>
<status status="PASS" starttime="20230331 08:57:42.430" endtime="20230331 08:57:42.534"/>
</kw>
<status status="PASS" starttime="20230331 08:57:42.429" endtime="20230331 08:57:42.534"/>
</kw>
<kw name="Submit Credentials" library="resource">
<kw name="Click Button" library="SeleniumLibrary">
<arg>login_button</arg>
<doc>Clicks the button identified by ``locator``.</doc>
<msg timestamp="20230331 08:57:42.535" level="INFO">Clicking button 'login_button'.</msg>
<status status="PASS" starttime="20230331 08:57:42.535" endtime="20230331 08:57:42.621"/>
</kw>
<status status="PASS" starttime="20230331 08:57:42.534" endtime="20230331 08:57:42.621"/>
</kw>
<kw name="Login Should Have Failed">
<kw name="Location Should Be" library="SeleniumLibrary">
<arg>${ERROR URL}</arg>
<doc>Verifies that the current URL is exactly ``url``.</doc>
<msg timestamp="20230331 08:57:42.633" level="INFO">Current location is 'http://localhost:7272/error.html'.</msg>
<status status="PASS" starttime="20230331 08:57:42.621" endtime="20230331 08:57:42.633"/>
</kw>
<kw name="Title Should Be" library="SeleniumLibrary">
<arg>Error Page</arg>
<doc>Verifies that the current page title equals ``title``.</doc>
<msg timestamp="20230331 08:57:42.638" level="INFO">Page title is 'Error Page'.</msg>
<status status="PASS" starttime="20230331 08:57:42.633" endtime="20230331 08:57:42.638"/>
</kw>
<status status="PASS" starttime="20230331 08:57:42.621" endtime="20230331 08:57:42.638"/>
</kw>
<status status="PASS" starttime="20230331 08:57:42.303" endtime="20230331 08:57:42.638"/>
</kw>
<status status="PASS" starttime="20230331 08:57:42.210" endtime="20230331 08:57:42.638"/>
</test>
<test id="s1-s1-t3" name="Invalid Username And Password" line="19">
<kw name="Go To Login Page" library="resource" type="SETUP">
<kw name="Go To" library="SeleniumLibrary">
<arg>${LOGIN URL}</arg>
<doc>Navigates the current browser window to the provided ``url``.</doc>
<msg timestamp="20230331 08:57:42.640" level="INFO">Opening url 'http://localhost:7272/'</msg>
<status status="PASS" starttime="20230331 08:57:42.640" endtime="20230331 08:57:42.685"/>
</kw>
<kw name="Login Page Should Be Open" library="resource">
<kw name="Title Should Be" library="SeleniumLibrary">
<arg>Login Page</arg>
<doc>Verifies that the current page title equals ``title``.</doc>
<msg timestamp="20230331 08:57:42.690" level="INFO">Page title is 'Login Page'.</msg>
<status status="PASS" starttime="20230331 08:57:42.686" endtime="20230331 08:57:42.690"/>
</kw>
<status status="PASS" starttime="20230331 08:57:42.685" endtime="20230331 08:57:42.690"/>
</kw>
<status status="PASS" starttime="20230331 08:57:42.639" endtime="20230331 08:57:42.690"/>
</kw>
<kw name="Login With Invalid Credentials Should Fail">
<arg>invalid</arg>
<arg>whatever</arg>
<kw name="Input Username" library="resource">
<arg>${username}</arg>
<kw name="Input Text" library="SeleniumLibrary">
<arg>username_field</arg>
<arg>${username}</arg>
<doc>Types the given ``text`` into the text field identified by ``locator``.</doc>
<msg timestamp="20230331 08:57:42.691" level="INFO">Typing text 'invalid' into text field 'username_field'.</msg>
<status status="PASS" starttime="20230331 08:57:42.691" endtime="20230331 08:57:42.806"/>
</kw>
<status status="PASS" starttime="20230331 08:57:42.691" endtime="20230331 08:57:42.806"/>
</kw>
<kw name="Input Password" library="resource">
<arg>${password}</arg>
<kw name="Input Text" library="SeleniumLibrary">
<arg>password_field</arg>
<arg>${password}</arg>
<doc>Types the given ``text`` into the text field identified by ``locator``.</doc>
<msg timestamp="20230331 08:57:42.807" level="INFO">Typing text 'whatever' into text field 'password_field'.</msg>
<status status="PASS" starttime="20230331 08:57:42.806" endtime="20230331 08:57:42.898"/>
</kw>
<status status="PASS" starttime="20230331 08:57:42.806" endtime="20230331 08:57:42.898"/>
</kw>
<kw name="Submit Credentials" library="resource">
<kw name="Click Button" library="SeleniumLibrary">
<arg>login_button</arg>
<doc>Clicks the button identified by ``locator``.</doc>
<msg timestamp="20230331 08:57:42.899" level="INFO">Clicking button 'login_button'.</msg>
<status status="PASS" starttime="20230331 08:57:42.899" endtime="20230331 08:57:43.022"/>
</kw>
<status status="PASS" starttime="20230331 08:57:42.898" endtime="20230331 08:57:43.023"/>
</kw>
<kw name="Login Should Have Failed">
<kw name="Location Should Be" library="SeleniumLibrary">
<arg>${ERROR URL}</arg>
<doc>Verifies that the current URL is exactly ``url``.</doc>
<msg timestamp="20230331 08:57:43.039" level="INFO">Current location is 'http://localhost:7272/error.html'.</msg>
<status status="PASS" starttime="20230331 08:57:43.023" endtime="20230331 08:57:43.039"/>
</kw>
<kw name="Title Should Be" library="SeleniumLibrary">
<arg>Error Page</arg>
<doc>Verifies that the current page title equals ``title``.</doc>
<msg timestamp="20230331 08:57:43.050" level="INFO">Page title is 'Error Page'.</msg>
<status status="PASS" starttime="20230331 08:57:43.039" endtime="20230331 08:57:43.050"/>
</kw>
<status status="PASS" starttime="20230331 08:57:43.023" endtime="20230331 08:57:43.050"/>
</kw>
<status status="PASS" starttime="20230331 08:57:42.690" endtime="20230331 08:57:43.051"/>
</kw>
<status status="PASS" starttime="20230331 08:57:42.639" endtime="20230331 08:57:43.051"/>
</test>
<test id="s1-s1-t4" name="Empty Username" line="20">
<kw name="Go To Login Page" library="resource" type="SETUP">
<kw name="Go To" library="SeleniumLibrary">
<arg>${LOGIN URL}</arg>
<doc>Navigates the current browser window to the provided ``url``.</doc>
<msg timestamp="20230331 08:57:43.053" level="INFO">Opening url 'http://localhost:7272/'</msg>
<status status="PASS" starttime="20230331 08:57:43.052" endtime="20230331 08:57:43.164"/>
</kw>
<kw name="Login Page Should Be Open" library="resource">
<kw name="Title Should Be" library="SeleniumLibrary">
<arg>Login Page</arg>
<doc>Verifies that the current page title equals ``title``.</doc>
<msg timestamp="20230331 08:57:43.170" level="INFO">Page title is 'Login Page'.</msg>
<status status="PASS" starttime="20230331 08:57:43.164" endtime="20230331 08:57:43.170"/>
</kw>
<status status="PASS" starttime="20230331 08:57:43.164" endtime="20230331 08:57:43.170"/>
</kw>
<status status="PASS" starttime="20230331 08:57:43.052" endtime="20230331 08:57:43.170"/>
</kw>
<kw name="Login With Invalid Credentials Should Fail">
<arg>${EMPTY}</arg>
<arg>${VALID PASSWORD}</arg>
<kw name="Input Username" library="resource">
<arg>${username}</arg>
<kw name="Input Text" library="SeleniumLibrary">
<arg>username_field</arg>
<arg>${username}</arg>
<doc>Types the given ``text`` into the text field identified by ``locator``.</doc>
<msg timestamp="20230331 08:57:43.173" level="INFO">Typing text '' into text field 'username_field'.</msg>
<status status="PASS" starttime="20230331 08:57:43.173" endtime="20230331 08:57:43.273"/>
</kw>
<status status="PASS" starttime="20230331 08:57:43.172" endtime="20230331 08:57:43.273"/>
</kw>
<kw name="Input Password" library="resource">
<arg>${password}</arg>
<kw name="Input Text" library="SeleniumLibrary">
<arg>password_field</arg>
<arg>${password}</arg>
<doc>Types the given ``text`` into the text field identified by ``locator``.</doc>
<msg timestamp="20230331 08:57:43.274" level="INFO">Typing text 'mode' into text field 'password_field'.</msg>
<status status="PASS" starttime="20230331 08:57:43.273" endtime="20230331 08:57:43.360"/>
</kw>
<status status="PASS" starttime="20230331 08:57:43.273" endtime="20230331 08:57:43.360"/>
</kw>
<kw name="Submit Credentials" library="resource">
<kw name="Click Button" library="SeleniumLibrary">
<arg>login_button</arg>
<doc>Clicks the button identified by ``locator``.</doc>
<msg timestamp="20230331 08:57:43.361" level="INFO">Clicking button 'login_button'.</msg>
<status status="PASS" starttime="20230331 08:57:43.361" endtime="20230331 08:57:43.506"/>
</kw>
<status status="PASS" starttime="20230331 08:57:43.360" endtime="20230331 08:57:43.507"/>
</kw>
<kw name="Login Should Have Failed">
<kw name="Location Should Be" library="SeleniumLibrary">
<arg>${ERROR URL}</arg>
<doc>Verifies that the current URL is exactly ``url``.</doc>
<msg timestamp="20230331 08:57:43.522" level="INFO">Current location is 'http://localhost:7272/error.html'.</msg>
<status status="PASS" starttime="20230331 08:57:43.507" endtime="20230331 08:57:43.522"/>
</kw>
<kw name="Title Should Be" library="SeleniumLibrary">
<arg>Error Page</arg>
<doc>Verifies that the current page title equals ``title``.</doc>
<msg timestamp="20230331 08:57:43.548" level="INFO">Page title is 'Error Page'.</msg>
<status status="PASS" starttime="20230331 08:57:43.522" endtime="20230331 08:57:43.548"/>
</kw>
<status status="PASS" starttime="20230331 08:57:43.507" endtime="20230331 08:57:43.548"/>
</kw>
<status status="PASS" starttime="20230331 08:57:43.171" endtime="20230331 08:57:43.548"/>
</kw>
<status status="PASS" starttime="20230331 08:57:43.052" endtime="20230331 08:57:43.549"/>
</test>
<test id="s1-s1-t5" name="Empty Password" line="21">
<kw name="Go To Login Page" library="resource" type="SETUP">
<kw name="Go To" library="SeleniumLibrary">
<arg>${LOGIN URL}</arg>
<doc>Navigates the current browser window to the provided ``url``.</doc>
<msg timestamp="20230331 08:57:43.552" level="INFO">Opening url 'http://localhost:7272/'</msg>
<status status="PASS" starttime="20230331 08:57:43.552" endtime="20230331 08:57:43.646"/>
</kw>
<kw name="Login Page Should Be Open" library="resource">
<kw name="Title Should Be" library="SeleniumLibrary">
<arg>Login Page</arg>
<doc>Verifies that the current page title equals ``title``.</doc>
<msg timestamp="20230331 08:57:43.650" level="INFO">Page title is 'Login Page'.</msg>
<status status="PASS" starttime="20230331 08:57:43.646" endtime="20230331 08:57:43.650"/>
</kw>
<status status="PASS" starttime="20230331 08:57:43.646" endtime="20230331 08:57:43.650"/>
</kw>
<status status="PASS" starttime="20230331 08:57:43.552" endtime="20230331 08:57:43.650"/>
</kw>
<kw name="Login With Invalid Credentials Should Fail">
<arg>${VALID USER}</arg>
<arg>${EMPTY}</arg>
<kw name="Input Username" library="resource">
<arg>${username}</arg>
<kw name="Input Text" library="SeleniumLibrary">
<arg>username_field</arg>
<arg>${username}</arg>
<doc>Types the given ``text`` into the text field identified by ``locator``.</doc>
<msg timestamp="20230331 08:57:43.652" level="INFO">Typing text 'demo' into text field 'username_field'.</msg>
<status status="PASS" starttime="20230331 08:57:43.651" endtime="20230331 08:57:43.762"/>
</kw>
<status status="PASS" starttime="20230331 08:57:43.651" endtime="20230331 08:57:43.762"/>
</kw>
<kw name="Input Password" library="resource">
<arg>${password}</arg>
<kw name="Input Text" library="SeleniumLibrary">
<arg>password_field</arg>
<arg>${password}</arg>
<doc>Types the given ``text`` into the text field identified by ``locator``.</doc>
<msg timestamp="20230331 08:57:43.763" level="INFO">Typing text '' into text field 'password_field'.</msg>
<status status="PASS" starttime="20230331 08:57:43.763" endtime="20230331 08:57:43.848"/>
</kw>
<status status="PASS" starttime="20230331 08:57:43.762" endtime="20230331 08:57:43.848"/>
</kw>
<kw name="Submit Credentials" library="resource">
<kw name="Click Button" library="SeleniumLibrary">
<arg>login_button</arg>
<doc>Clicks the button identified by ``locator``.</doc>
<msg timestamp="20230331 08:57:43.849" level="INFO">Clicking button 'login_button'.</msg>
<status status="PASS" starttime="20230331 08:57:43.848" endtime="20230331 08:57:43.957"/>
</kw>
<status status="PASS" starttime="20230331 08:57:43.848" endtime="20230331 08:57:43.957"/>
</kw>
<kw name="Login Should Have Failed">
<kw name="Location Should Be" library="SeleniumLibrary">
<arg>${ERROR URL}</arg>
<doc>Verifies that the current URL is exactly ``url``.</doc>
<msg timestamp="20230331 08:57:43.968" level="INFO">Current location is 'http://localhost:7272/error.html'.</msg>
<status status="PASS" starttime="20230331 08:57:43.957" endtime="20230331 08:57:43.968"/>
</kw>
<kw name="Title Should Be" library="SeleniumLibrary">
<arg>Error Page</arg>
<doc>Verifies that the current page title equals ``title``.</doc>
<msg timestamp="20230331 08:57:43.972" level="INFO">Page title is 'Error Page'.</msg>
<status status="PASS" starttime="20230331 08:57:43.968" endtime="20230331 08:57:43.972"/>
</kw>
<status status="PASS" starttime="20230331 08:57:43.957" endtime="20230331 08:57:43.972"/>
</kw>
<status status="PASS" starttime="20230331 08:57:43.650" endtime="20230331 08:57:43.972"/>
</kw>
<status status="PASS" starttime="20230331 08:57:43.551" endtime="20230331 08:57:43.972"/>
</test>
<test id="s1-s1-t6" name="Empty Username And Password" line="22">
<kw name="Go To Login Page" library="resource" type="SETUP">
<kw name="Go To" library="SeleniumLibrary">
<arg>${LOGIN URL}</arg>
<doc>Navigates the current browser window to the provided ``url``.</doc>
<msg timestamp="20230331 08:57:43.974" level="INFO">Opening url 'http://localhost:7272/'</msg>
<status status="PASS" starttime="20230331 08:57:43.974" endtime="20230331 08:57:44.057"/>
</kw>
<kw name="Login Page Should Be Open" library="resource">
<kw name="Title Should Be" library="SeleniumLibrary">
<arg>Login Page</arg>
<doc>Verifies that the current page title equals ``title``.</doc>
<msg timestamp="20230331 08:57:44.066" level="INFO">Page title is 'Login Page'.</msg>
<status status="PASS" starttime="20230331 08:57:44.058" endtime="20230331 08:57:44.066"/>
</kw>
<status status="PASS" starttime="20230331 08:57:44.057" endtime="20230331 08:57:44.066"/>
</kw>
<status status="PASS" starttime="20230331 08:57:43.973" endtime="20230331 08:57:44.066"/>
</kw>
<kw name="Login With Invalid Credentials Should Fail">
<arg>${EMPTY}</arg>
<arg>${EMPTY}</arg>
<kw name="Input Username" library="resource">
<arg>${username}</arg>
<kw name="Input Text" library="SeleniumLibrary">
<arg>username_field</arg>
<arg>${username}</arg>
<doc>Types the given ``text`` into the text field identified by ``locator``.</doc>
<msg timestamp="20230331 08:57:44.068" level="INFO">Typing text '' into text field 'username_field'.</msg>
<status status="PASS" starttime="20230331 08:57:44.068" endtime="20230331 08:57:44.198"/>
</kw>
<status status="PASS" starttime="20230331 08:57:44.068" endtime="20230331 08:57:44.198"/>
</kw>
<kw name="Input Password" library="resource">
<arg>${password}</arg>
<kw name="Input Text" library="SeleniumLibrary">
<arg>password_field</arg>
<arg>${password}</arg>
<doc>Types the given ``text`` into the text field identified by ``locator``.</doc>
<msg timestamp="20230331 08:57:44.199" level="INFO">Typing text '' into text field 'password_field'.</msg>
<status status="PASS" starttime="20230331 08:57:44.198" endtime="20230331 08:57:44.275"/>
</kw>
<status status="PASS" starttime="20230331 08:57:44.198" endtime="20230331 08:57:44.275"/>
</kw>
<kw name="Submit Credentials" library="resource">
<kw name="Click Button" library="SeleniumLibrary">
<arg>login_button</arg>
<doc>Clicks the button identified by ``locator``.</doc>
<msg timestamp="20230331 08:57:44.276" level="INFO">Clicking button 'login_button'.</msg>
<status status="PASS" starttime="20230331 08:57:44.276" endtime="20230331 08:57:44.401"/>
</kw>
<status status="PASS" starttime="20230331 08:57:44.275" endtime="20230331 08:57:44.401"/>
</kw>
<kw name="Login Should Have Failed">
<kw name="Location Should Be" library="SeleniumLibrary">
<arg>${ERROR URL}</arg>
<doc>Verifies that the current URL is exactly ``url``.</doc>
<msg timestamp="20230331 08:57:44.408" level="INFO">Current location is 'http://localhost:7272/error.html'.</msg>
<status status="PASS" starttime="20230331 08:57:44.402" endtime="20230331 08:57:44.408"/>
</kw>
<kw name="Title Should Be" library="SeleniumLibrary">
<arg>Error Page</arg>
<doc>Verifies that the current page title equals ``title``.</doc>
<msg timestamp="20230331 08:57:44.416" level="INFO">Page title is 'Error Page'.</msg>
<status status="PASS" starttime="20230331 08:57:44.408" endtime="20230331 08:57:44.416"/>
</kw>
<status status="PASS" starttime="20230331 08:57:44.402" endtime="20230331 08:57:44.416"/>
</kw>
<status status="PASS" starttime="20230331 08:57:44.067" endtime="20230331 08:57:44.416"/>
</kw>
<status status="PASS" starttime="20230331 08:57:43.973" endtime="20230331 08:57:44.416"/>
</test>
<kw name="Close Browser" library="SeleniumLibrary" type="TEARDOWN">
<doc>Closes the current browser.</doc>
<status status="PASS" starttime="20230331 08:57:44.420" endtime="20230331 08:57:44.577"/>
</kw>
<doc>A test suite containing tests related to invalid login.

These tests are data-driven by their nature. They use a single
keyword, specified with Test Template setting, that is called
with different arguments to cover different scenarios.

This suite also demonstrates using setups and teardowns in
different levels.</doc>
<status status="PASS" starttime="20230331 08:57:36.962" endtime="20230331 08:57:44.577"/>
</suite>
<suite id="s1-s2" name="Valid Login" source="/Users/lennart/Documents/Development/Studium/2022_Master-Thesis/robot-execution-time/example/tests/valid_login.robot">
<test id="s1-s2-t1" name="Valid Login" line="10">
<kw name="Open Browser To Login Page" library="resource">
<kw name="Open Browser" library="SeleniumLibrary">
<arg>${LOGIN URL}</arg>
<arg>${BROWSER}</arg>
<doc>Opens a new browser instance to the optional ``url``.</doc>
<msg timestamp="20230331 08:57:44.670" level="INFO">Opening browser 'Chrome' to base url 'http://localhost:7272/'.</msg>
<status status="PASS" starttime="20230331 08:57:44.669" endtime="20230331 08:57:47.958"/>
</kw>
<kw name="Maximize Browser Window" library="SeleniumLibrary">
<doc>Maximizes current browser window.</doc>
<status status="PASS" starttime="20230331 08:57:47.959" endtime="20230331 08:57:48.443"/>
</kw>
<kw name="Set Selenium Speed" library="SeleniumLibrary">
<arg>${DELAY}</arg>
<doc>Sets the delay that is waited after each Selenium command.</doc>
<status status="PASS" starttime="20230331 08:57:48.444" endtime="20230331 08:57:48.444"/>
</kw>
<kw name="Login Page Should Be Open" library="resource">
<kw name="Title Should Be" library="SeleniumLibrary">
<arg>Login Page</arg>
<doc>Verifies that the current page title equals ``title``.</doc>
<msg timestamp="20230331 08:57:48.455" level="INFO">Page title is 'Login Page'.</msg>
<status status="PASS" starttime="20230331 08:57:48.444" endtime="20230331 08:57:48.456"/>
</kw>
<status status="PASS" starttime="20230331 08:57:48.444" endtime="20230331 08:57:48.456"/>
</kw>
<status status="PASS" starttime="20230331 08:57:44.669" endtime="20230331 08:57:48.456"/>
</kw>
<kw name="Input Username" library="resource">
<arg>demo</arg>
<kw name="Input Text" library="SeleniumLibrary">
<arg>username_field</arg>
<arg>${username}</arg>
<doc>Types the given ``text`` into the text field identified by ``locator``.</doc>
<msg timestamp="20230331 08:57:48.458" level="INFO">Typing text 'demo' into text field 'username_field'.</msg>
<status status="PASS" starttime="20230331 08:57:48.457" endtime="20230331 08:57:48.634"/>
</kw>
<status status="PASS" starttime="20230331 08:57:48.456" endtime="20230331 08:57:48.634"/>
</kw>
<kw name="Input Password" library="resource">
<arg>mode</arg>
<kw name="Input Text" library="SeleniumLibrary">
<arg>password_field</arg>
<arg>${password}</arg>
<doc>Types the given ``text`` into the text field identified by ``locator``.</doc>
<msg timestamp="20230331 08:57:48.635" level="INFO">Typing text 'mode' into text field 'password_field'.</msg>
<status status="PASS" starttime="20230331 08:57:48.635" endtime="20230331 08:57:48.739"/>
</kw>
<status status="PASS" starttime="20230331 08:57:48.634" endtime="20230331 08:57:48.739"/>
</kw>
<kw name="Submit Credentials" library="resource">
<kw name="Click Button" library="SeleniumLibrary">
<arg>login_button</arg>
<doc>Clicks the button identified by ``locator``.</doc>
<msg timestamp="20230331 08:57:48.740" level="INFO">Clicking button 'login_button'.</msg>
<status status="PASS" starttime="20230331 08:57:48.740" endtime="20230331 08:57:48.874"/>
</kw>
<status status="PASS" starttime="20230331 08:57:48.740" endtime="20230331 08:57:48.874"/>
</kw>
<kw name="Welcome Page Should Be Open" library="resource">
<kw name="Location Should Be" library="SeleniumLibrary">
<arg>${WELCOME URL}</arg>
<doc>Verifies that the current URL is exactly ``url``.</doc>
<msg timestamp="20230331 08:57:48.887" level="INFO">Current location is 'http://localhost:7272/welcome.html'.</msg>
<status status="PASS" starttime="20230331 08:57:48.875" endtime="20230331 08:57:48.887"/>
</kw>
<kw name="Title Should Be" library="SeleniumLibrary">
<arg>Welcome Page</arg>
<doc>Verifies that the current page title equals ``title``.</doc>
<msg timestamp="20230331 08:57:48.891" level="INFO">Page title is 'Welcome Page'.</msg>
<status status="PASS" starttime="20230331 08:57:48.887" endtime="20230331 08:57:48.891"/>
</kw>
<status status="PASS" starttime="20230331 08:57:48.874" endtime="20230331 08:57:48.891"/>
</kw>
<kw name="Close Browser" library="SeleniumLibrary" type="TEARDOWN">
<doc>Closes the current browser.</doc>
<status status="PASS" starttime="20230331 08:57:48.892" endtime="20230331 08:57:49.048"/>
</kw>
<status status="PASS" starttime="20230331 08:57:44.667" endtime="20230331 08:57:49.053"/>
</test>
<doc>A test suite with a single test for valid login.

This test has a workflow that is created using keywords in
the imported resource file.</doc>
<status status="PASS" starttime="20230331 08:57:44.582" endtime="20230331 08:57:49.061"/>
</suite>
<status status="PASS" starttime="20230331 08:57:36.928" endtime="20230331 08:57:49.070"/>
</suite>
<statistics>
<total>
<stat pass="7" fail="0" skip="0">All Tests</stat>
</total>
<tag>
</tag>
<suite>
<stat pass="7" fail="0" skip="0" id="s1" name="Tests">Tests</stat>
<stat pass="6" fail="0" skip="0" id="s1-s1" name="Invalid Login">Tests.Invalid Login</stat>
<stat pass="1" fail="0" skip="0" id="s1-s2" name="Valid Login">Tests.Valid Login</stat>
</suite>
</statistics>
<errors>
</errors>
</robot>
