<?xml version="1.0" encoding="UTF-8"?>
<robot generator="Robot 6.0.2 (Python 3.10.9 on darwin)" generated="20230216 17:33:18.607" rpa="false" schemaversion="3">
<suite id="s1" name="Tests" source="/Users/lennart/Documents/Development/Studium/2022_Master-Thesis/robot-execution-time/example/tests">
<suite id="s1-s1" name="Invalid Login" source="/Users/lennart/Documents/Development/Studium/2022_Master-Thesis/robot-execution-time/example/tests/invalid_login.robot">
<kw name="Open Browser To Login Page" library="resource" type="SETUP">
<kw name="Open Browser" library="SeleniumLibrary">
<arg>${LOGIN URL}</arg>
<arg>${BROWSER}</arg>
<doc>Opens a new browser instance to the optional ``url``.</doc>
<msg timestamp="20230216 17:33:19.040" level="INFO">Opening browser 'Chrome' to base url 'http://localhost:7272/'.</msg>
<status status="PASS" starttime="20230216 17:33:19.040" endtime="20230216 17:33:23.338"/>
</kw>
<kw name="Maximize Browser Window" library="SeleniumLibrary">
<doc>Maximizes current browser window.</doc>
<status status="PASS" starttime="20230216 17:33:23.339" endtime="20230216 17:33:23.856"/>
</kw>
<kw name="Set Selenium Speed" library="SeleniumLibrary">
<arg>${DELAY}</arg>
<doc>Sets the delay that is waited after each Selenium command.</doc>
<status status="PASS" starttime="20230216 17:33:23.856" endtime="20230216 17:33:23.858"/>
</kw>
<kw name="Login Page Should Be Open" library="resource">
<kw name="Title Should Be" library="SeleniumLibrary">
<arg>Login Page</arg>
<doc>Verifies that the current page title equals ``title``.</doc>
<msg timestamp="20230216 17:33:23.867" level="INFO">Page title is 'Login Page'.</msg>
<status status="PASS" starttime="20230216 17:33:23.858" endtime="20230216 17:33:23.867"/>
</kw>
<status status="PASS" starttime="20230216 17:33:23.858" endtime="20230216 17:33:23.868"/>
</kw>
<status status="PASS" starttime="20230216 17:33:19.039" endtime="20230216 17:33:23.868"/>
</kw>
<test id="s1-s1-t1" name="Invalid Username" line="17">
<kw name="Go To Login Page" library="resource" type="SETUP">
<kw name="Go To" library="SeleniumLibrary">
<arg>${LOGIN URL}</arg>
<doc>Navigates the current browser window to the provided ``url``.</doc>
<msg timestamp="20230216 17:33:23.870" level="INFO">Opening url 'http://localhost:7272/'</msg>
<status status="PASS" starttime="20230216 17:33:23.869" endtime="20230216 17:33:23.910"/>
</kw>
<kw name="Login Page Should Be Open" library="resource">
<kw name="Title Should Be" library="SeleniumLibrary">
<arg>Login Page</arg>
<doc>Verifies that the current page title equals ``title``.</doc>
<msg timestamp="20230216 17:33:23.915" level="INFO">Page title is 'Login Page'.</msg>
<status status="PASS" starttime="20230216 17:33:23.911" endtime="20230216 17:33:23.915"/>
</kw>
<status status="PASS" starttime="20230216 17:33:23.911" endtime="20230216 17:33:23.915"/>
</kw>
<status status="PASS" starttime="20230216 17:33:23.869" endtime="20230216 17:33:23.915"/>
</kw>
<kw name="Login With Invalid Credentials Should Fail">
<arg>invalid</arg>
<arg>${VALID PASSWORD}</arg>
<kw name="Input Username" library="resource">
<arg>${username}</arg>
<kw name="Input Text" library="SeleniumLibrary">
<arg>username_field</arg>
<arg>${username}</arg>
<doc>Types the given ``text`` into the text field identified by ``locator``.</doc>
<msg timestamp="20230216 17:33:23.917" level="INFO">Typing text 'invalid' into text field 'username_field'.</msg>
<status status="PASS" starttime="20230216 17:33:23.916" endtime="20230216 17:33:24.173"/>
</kw>
<status status="PASS" starttime="20230216 17:33:23.916" endtime="20230216 17:33:24.173"/>
</kw>
<kw name="Input Password" library="resource">
<arg>${password}</arg>
<kw name="Input Text" library="SeleniumLibrary">
<arg>password_field</arg>
<arg>${password}</arg>
<doc>Types the given ``text`` into the text field identified by ``locator``.</doc>
<msg timestamp="20230216 17:33:24.174" level="INFO">Typing text 'mode' into text field 'password_field'.</msg>
<status status="PASS" starttime="20230216 17:33:24.173" endtime="20230216 17:33:24.249"/>
</kw>
<status status="PASS" starttime="20230216 17:33:24.173" endtime="20230216 17:33:24.250"/>
</kw>
<kw name="Submit Credentials" library="resource">
<kw name="Click Button" library="SeleniumLibrary">
<arg>login_button</arg>
<doc>Clicks the button identified by ``locator``.</doc>
<msg timestamp="20230216 17:33:24.250" level="INFO">Clicking button 'login_button'.</msg>
<status status="PASS" starttime="20230216 17:33:24.250" endtime="20230216 17:33:24.394"/>
</kw>
<status status="PASS" starttime="20230216 17:33:24.250" endtime="20230216 17:33:24.394"/>
</kw>
<kw name="Login Should Have Failed">
<kw name="Location Should Be" library="SeleniumLibrary">
<arg>${ERROR URL}</arg>
<doc>Verifies that the current URL is exactly ``url``.</doc>
<msg timestamp="20230216 17:33:24.399" level="INFO">Current location is 'http://localhost:7272/error.html'.</msg>
<status status="PASS" starttime="20230216 17:33:24.394" endtime="20230216 17:33:24.399"/>
</kw>
<kw name="Title Should Be" library="SeleniumLibrary">
<arg>Error Page</arg>
<doc>Verifies that the current page title equals ``title``.</doc>
<msg timestamp="20230216 17:33:24.409" level="INFO">Page title is 'Error Page'.</msg>
<status status="PASS" starttime="20230216 17:33:24.399" endtime="20230216 17:33:24.409"/>
</kw>
<status status="PASS" starttime="20230216 17:33:24.394" endtime="20230216 17:33:24.409"/>
</kw>
<status status="PASS" starttime="20230216 17:33:23.915" endtime="20230216 17:33:24.409"/>
</kw>
<status status="PASS" starttime="20230216 17:33:23.868" endtime="20230216 17:33:24.410"/>
</test>
<test id="s1-s1-t2" name="Invalid Password" line="18">
<kw name="Go To Login Page" library="resource" type="SETUP">
<kw name="Go To" library="SeleniumLibrary">
<arg>${LOGIN URL}</arg>
<doc>Navigates the current browser window to the provided ``url``.</doc>
<msg timestamp="20230216 17:33:24.416" level="INFO">Opening url 'http://localhost:7272/'</msg>
<status status="PASS" starttime="20230216 17:33:24.416" endtime="20230216 17:33:24.471"/>
</kw>
<kw name="Login Page Should Be Open" library="resource">
<kw name="Title Should Be" library="SeleniumLibrary">
<arg>Login Page</arg>
<doc>Verifies that the current page title equals ``title``.</doc>
<msg timestamp="20230216 17:33:24.477" level="INFO">Page title is 'Login Page'.</msg>
<status status="PASS" starttime="20230216 17:33:24.472" endtime="20230216 17:33:24.477"/>
</kw>
<status status="PASS" starttime="20230216 17:33:24.471" endtime="20230216 17:33:24.477"/>
</kw>
<status status="PASS" starttime="20230216 17:33:24.415" endtime="20230216 17:33:24.478"/>
</kw>
<kw name="Login With Invalid Credentials Should Fail">
<arg>${VALID USER}</arg>
<arg>invalid</arg>
<kw name="Input Username" library="resource">
<arg>${username}</arg>
<kw name="Input Text" library="SeleniumLibrary">
<arg>username_field</arg>
<arg>${username}</arg>
<doc>Types the given ``text`` into the text field identified by ``locator``.</doc>
<msg timestamp="20230216 17:33:24.480" level="INFO">Typing text 'demo' into text field 'username_field'.</msg>
<status status="PASS" starttime="20230216 17:33:24.480" endtime="20230216 17:33:24.564"/>
</kw>
<status status="PASS" starttime="20230216 17:33:24.479" endtime="20230216 17:33:24.564"/>
</kw>
<kw name="Input Password" library="resource">
<arg>${password}</arg>
<kw name="Input Text" library="SeleniumLibrary">
<arg>password_field</arg>
<arg>${password}</arg>
<doc>Types the given ``text`` into the text field identified by ``locator``.</doc>
<msg timestamp="20230216 17:33:24.565" level="INFO">Typing text 'invalid' into text field 'password_field'.</msg>
<status status="PASS" starttime="20230216 17:33:24.564" endtime="20230216 17:33:24.648"/>
</kw>
<status status="PASS" starttime="20230216 17:33:24.564" endtime="20230216 17:33:24.648"/>
</kw>
<kw name="Submit Credentials" library="resource">
<kw name="Click Button" library="SeleniumLibrary">
<arg>login_button</arg>
<doc>Clicks the button identified by ``locator``.</doc>
<msg timestamp="20230216 17:33:24.649" level="INFO">Clicking button 'login_button'.</msg>
<status status="PASS" starttime="20230216 17:33:24.649" endtime="20230216 17:33:24.748"/>
</kw>
<status status="PASS" starttime="20230216 17:33:24.649" endtime="20230216 17:33:24.749"/>
</kw>
<kw name="Login Should Have Failed">
<kw name="Location Should Be" library="SeleniumLibrary">
<arg>${ERROR URL}</arg>
<doc>Verifies that the current URL is exactly ``url``.</doc>
<msg timestamp="20230216 17:33:24.757" level="INFO">Current location is 'http://localhost:7272/error.html'.</msg>
<status status="PASS" starttime="20230216 17:33:24.749" endtime="20230216 17:33:24.758"/>
</kw>
<kw name="Title Should Be" library="SeleniumLibrary">
<arg>Error Page</arg>
<doc>Verifies that the current page title equals ``title``.</doc>
<msg timestamp="20230216 17:33:24.761" level="INFO">Page title is 'Error Page'.</msg>
<status status="PASS" starttime="20230216 17:33:24.758" endtime="20230216 17:33:24.761"/>
</kw>
<status status="PASS" starttime="20230216 17:33:24.749" endtime="20230216 17:33:24.762"/>
</kw>
<status status="PASS" starttime="20230216 17:33:24.478" endtime="20230216 17:33:24.762"/>
</kw>
<status status="PASS" starttime="20230216 17:33:24.413" endtime="20230216 17:33:24.762"/>
</test>
<test id="s1-s1-t3" name="Invalid Username And Password" line="19">
<kw name="Go To Login Page" library="resource" type="SETUP">
<kw name="Go To" library="SeleniumLibrary">
<arg>${LOGIN URL}</arg>
<doc>Navigates the current browser window to the provided ``url``.</doc>
<msg timestamp="20230216 17:33:24.763" level="INFO">Opening url 'http://localhost:7272/'</msg>
<status status="PASS" starttime="20230216 17:33:24.763" endtime="20230216 17:33:24.810"/>
</kw>
<kw name="Login Page Should Be Open" library="resource">
<kw name="Title Should Be" library="SeleniumLibrary">
<arg>Login Page</arg>
<doc>Verifies that the current page title equals ``title``.</doc>
<msg timestamp="20230216 17:33:24.814" level="INFO">Page title is 'Login Page'.</msg>
<status status="PASS" starttime="20230216 17:33:24.811" endtime="20230216 17:33:24.814"/>
</kw>
<status status="PASS" starttime="20230216 17:33:24.810" endtime="20230216 17:33:24.814"/>
</kw>
<status status="PASS" starttime="20230216 17:33:24.763" endtime="20230216 17:33:24.815"/>
</kw>
<kw name="Login With Invalid Credentials Should Fail">
<arg>invalid</arg>
<arg>whatever</arg>
<kw name="Input Username" library="resource">
<arg>${username}</arg>
<kw name="Input Text" library="SeleniumLibrary">
<arg>username_field</arg>
<arg>${username}</arg>
<doc>Types the given ``text`` into the text field identified by ``locator``.</doc>
<msg timestamp="20230216 17:33:24.816" level="INFO">Typing text 'invalid' into text field 'username_field'.</msg>
<status status="PASS" starttime="20230216 17:33:24.815" endtime="20230216 17:33:24.989"/>
</kw>
<status status="PASS" starttime="20230216 17:33:24.815" endtime="20230216 17:33:24.989"/>
</kw>
<kw name="Input Password" library="resource">
<arg>${password}</arg>
<kw name="Input Text" library="SeleniumLibrary">
<arg>password_field</arg>
<arg>${password}</arg>
<doc>Types the given ``text`` into the text field identified by ``locator``.</doc>
<msg timestamp="20230216 17:33:24.990" level="INFO">Typing text 'whatever' into text field 'password_field'.</msg>
<status status="PASS" starttime="20230216 17:33:24.990" endtime="20230216 17:33:25.065"/>
</kw>
<status status="PASS" starttime="20230216 17:33:24.989" endtime="20230216 17:33:25.065"/>
</kw>
<kw name="Submit Credentials" library="resource">
<kw name="Click Button" library="SeleniumLibrary">
<arg>login_button</arg>
<doc>Clicks the button identified by ``locator``.</doc>
<msg timestamp="20230216 17:33:25.066" level="INFO">Clicking button 'login_button'.</msg>
<status status="PASS" starttime="20230216 17:33:25.066" endtime="20230216 17:33:25.156"/>
</kw>
<status status="PASS" starttime="20230216 17:33:25.065" endtime="20230216 17:33:25.157"/>
</kw>
<kw name="Login Should Have Failed">
<kw name="Location Should Be" library="SeleniumLibrary">
<arg>${ERROR URL}</arg>
<doc>Verifies that the current URL is exactly ``url``.</doc>
<msg timestamp="20230216 17:33:25.167" level="INFO">Current location is 'http://localhost:7272/error.html'.</msg>
<status status="PASS" starttime="20230216 17:33:25.158" endtime="20230216 17:33:25.167"/>
</kw>
<kw name="Title Should Be" library="SeleniumLibrary">
<arg>Error Page</arg>
<doc>Verifies that the current page title equals ``title``.</doc>
<msg timestamp="20230216 17:33:25.174" level="INFO">Page title is 'Error Page'.</msg>
<status status="PASS" starttime="20230216 17:33:25.167" endtime="20230216 17:33:25.175"/>
</kw>
<status status="PASS" starttime="20230216 17:33:25.157" endtime="20230216 17:33:25.175"/>
</kw>
<status status="PASS" starttime="20230216 17:33:24.815" endtime="20230216 17:33:25.175"/>
</kw>
<status status="PASS" starttime="20230216 17:33:24.762" endtime="20230216 17:33:25.175"/>
</test>
<test id="s1-s1-t4" name="Empty Username" line="20">
<kw name="Go To Login Page" library="resource" type="SETUP">
<kw name="Go To" library="SeleniumLibrary">
<arg>${LOGIN URL}</arg>
<doc>Navigates the current browser window to the provided ``url``.</doc>
<msg timestamp="20230216 17:33:25.179" level="INFO">Opening url 'http://localhost:7272/'</msg>
<status status="PASS" starttime="20230216 17:33:25.178" endtime="20230216 17:33:25.226"/>
</kw>
<kw name="Login Page Should Be Open" library="resource">
<kw name="Title Should Be" library="SeleniumLibrary">
<arg>Login Page</arg>
<doc>Verifies that the current page title equals ``title``.</doc>
<msg timestamp="20230216 17:33:25.231" level="INFO">Page title is 'Login Page'.</msg>
<status status="PASS" starttime="20230216 17:33:25.227" endtime="20230216 17:33:25.231"/>
</kw>
<status status="PASS" starttime="20230216 17:33:25.227" endtime="20230216 17:33:25.231"/>
</kw>
<status status="PASS" starttime="20230216 17:33:25.178" endtime="20230216 17:33:25.231"/>
</kw>
<kw name="Login With Invalid Credentials Should Fail">
<arg>${EMPTY}</arg>
<arg>${VALID PASSWORD}</arg>
<kw name="Input Username" library="resource">
<arg>${username}</arg>
<kw name="Input Text" library="SeleniumLibrary">
<arg>username_field</arg>
<arg>${username}</arg>
<doc>Types the given ``text`` into the text field identified by ``locator``.</doc>
<msg timestamp="20230216 17:33:25.235" level="INFO">Typing text '' into text field 'username_field'.</msg>
<status status="PASS" starttime="20230216 17:33:25.234" endtime="20230216 17:33:25.314"/>
</kw>
<status status="PASS" starttime="20230216 17:33:25.233" endtime="20230216 17:33:25.314"/>
</kw>
<kw name="Input Password" library="resource">
<arg>${password}</arg>
<kw name="Input Text" library="SeleniumLibrary">
<arg>password_field</arg>
<arg>${password}</arg>
<doc>Types the given ``text`` into the text field identified by ``locator``.</doc>
<msg timestamp="20230216 17:33:25.315" level="INFO">Typing text 'mode' into text field 'password_field'.</msg>
<status status="PASS" starttime="20230216 17:33:25.315" endtime="20230216 17:33:25.393"/>
</kw>
<status status="PASS" starttime="20230216 17:33:25.314" endtime="20230216 17:33:25.394"/>
</kw>
<kw name="Submit Credentials" library="resource">
<kw name="Click Button" library="SeleniumLibrary">
<arg>login_button</arg>
<doc>Clicks the button identified by ``locator``.</doc>
<msg timestamp="20230216 17:33:25.394" level="INFO">Clicking button 'login_button'.</msg>
<status status="PASS" starttime="20230216 17:33:25.394" endtime="20230216 17:33:25.488"/>
</kw>
<status status="PASS" starttime="20230216 17:33:25.394" endtime="20230216 17:33:25.489"/>
</kw>
<kw name="Login Should Have Failed">
<kw name="Location Should Be" library="SeleniumLibrary">
<arg>${ERROR URL}</arg>
<doc>Verifies that the current URL is exactly ``url``.</doc>
<msg timestamp="20230216 17:33:25.494" level="INFO">Current location is 'http://localhost:7272/error.html'.</msg>
<status status="PASS" starttime="20230216 17:33:25.489" endtime="20230216 17:33:25.494"/>
</kw>
<kw name="Title Should Be" library="SeleniumLibrary">
<arg>Error Page</arg>
<doc>Verifies that the current page title equals ``title``.</doc>
<msg timestamp="20230216 17:33:25.499" level="INFO">Page title is 'Error Page'.</msg>
<status status="PASS" starttime="20230216 17:33:25.494" endtime="20230216 17:33:25.499"/>
</kw>
<status status="PASS" starttime="20230216 17:33:25.489" endtime="20230216 17:33:25.499"/>
</kw>
<status status="PASS" starttime="20230216 17:33:25.232" endtime="20230216 17:33:25.499"/>
</kw>
<status status="PASS" starttime="20230216 17:33:25.177" endtime="20230216 17:33:25.500"/>
</test>
<test id="s1-s1-t5" name="Empty Password" line="21">
<kw name="Go To Login Page" library="resource" type="SETUP">
<kw name="Go To" library="SeleniumLibrary">
<arg>${LOGIN URL}</arg>
<doc>Navigates the current browser window to the provided ``url``.</doc>
<msg timestamp="20230216 17:33:25.509" level="INFO">Opening url 'http://localhost:7272/'</msg>
<status status="PASS" starttime="20230216 17:33:25.509" endtime="20230216 17:33:25.555"/>
</kw>
<kw name="Login Page Should Be Open" library="resource">
<kw name="Title Should Be" library="SeleniumLibrary">
<arg>Login Page</arg>
<doc>Verifies that the current page title equals ``title``.</doc>
<msg timestamp="20230216 17:33:25.560" level="INFO">Page title is 'Login Page'.</msg>
<status status="PASS" starttime="20230216 17:33:25.556" endtime="20230216 17:33:25.560"/>
</kw>
<status status="PASS" starttime="20230216 17:33:25.556" endtime="20230216 17:33:25.560"/>
</kw>
<status status="PASS" starttime="20230216 17:33:25.508" endtime="20230216 17:33:25.560"/>
</kw>
<kw name="Login With Invalid Credentials Should Fail">
<arg>${VALID USER}</arg>
<arg>${EMPTY}</arg>
<kw name="Input Username" library="resource">
<arg>${username}</arg>
<kw name="Input Text" library="SeleniumLibrary">
<arg>username_field</arg>
<arg>${username}</arg>
<doc>Types the given ``text`` into the text field identified by ``locator``.</doc>
<msg timestamp="20230216 17:33:25.563" level="INFO">Typing text 'demo' into text field 'username_field'.</msg>
<status status="PASS" starttime="20230216 17:33:25.562" endtime="20230216 17:33:25.664"/>
</kw>
<status status="PASS" starttime="20230216 17:33:25.562" endtime="20230216 17:33:25.664"/>
</kw>
<kw name="Input Password" library="resource">
<arg>${password}</arg>
<kw name="Input Text" library="SeleniumLibrary">
<arg>password_field</arg>
<arg>${password}</arg>
<doc>Types the given ``text`` into the text field identified by ``locator``.</doc>
<msg timestamp="20230216 17:33:25.666" level="INFO">Typing text '' into text field 'password_field'.</msg>
<status status="PASS" starttime="20230216 17:33:25.665" endtime="20230216 17:33:25.740"/>
</kw>
<status status="PASS" starttime="20230216 17:33:25.665" endtime="20230216 17:33:25.740"/>
</kw>
<kw name="Submit Credentials" library="resource">
<kw name="Click Button" library="SeleniumLibrary">
<arg>login_button</arg>
<doc>Clicks the button identified by ``locator``.</doc>
<msg timestamp="20230216 17:33:25.741" level="INFO">Clicking button 'login_button'.</msg>
<status status="PASS" starttime="20230216 17:33:25.741" endtime="20230216 17:33:25.840"/>
</kw>
<status status="PASS" starttime="20230216 17:33:25.740" endtime="20230216 17:33:25.840"/>
</kw>
<kw name="Login Should Have Failed">
<kw name="Location Should Be" library="SeleniumLibrary">
<arg>${ERROR URL}</arg>
<doc>Verifies that the current URL is exactly ``url``.</doc>
<msg timestamp="20230216 17:33:25.847" level="INFO">Current location is 'http://localhost:7272/error.html'.</msg>
<status status="PASS" starttime="20230216 17:33:25.841" endtime="20230216 17:33:25.847"/>
</kw>
<kw name="Title Should Be" library="SeleniumLibrary">
<arg>Error Page</arg>
<doc>Verifies that the current page title equals ``title``.</doc>
<msg timestamp="20230216 17:33:25.856" level="INFO">Page title is 'Error Page'.</msg>
<status status="PASS" starttime="20230216 17:33:25.847" endtime="20230216 17:33:25.857"/>
</kw>
<status status="PASS" starttime="20230216 17:33:25.840" endtime="20230216 17:33:25.857"/>
</kw>
<status status="PASS" starttime="20230216 17:33:25.560" endtime="20230216 17:33:25.857"/>
</kw>
<status status="PASS" starttime="20230216 17:33:25.507" endtime="20230216 17:33:25.857"/>
</test>
<test id="s1-s1-t6" name="Empty Username And Password" line="22">
<kw name="Go To Login Page" library="resource" type="SETUP">
<kw name="Go To" library="SeleniumLibrary">
<arg>${LOGIN URL}</arg>
<doc>Navigates the current browser window to the provided ``url``.</doc>
<msg timestamp="20230216 17:33:25.862" level="INFO">Opening url 'http://localhost:7272/'</msg>
<status status="PASS" starttime="20230216 17:33:25.862" endtime="20230216 17:33:25.909"/>
</kw>
<kw name="Login Page Should Be Open" library="resource">
<kw name="Title Should Be" library="SeleniumLibrary">
<arg>Login Page</arg>
<doc>Verifies that the current page title equals ``title``.</doc>
<msg timestamp="20230216 17:33:25.913" level="INFO">Page title is 'Login Page'.</msg>
<status status="PASS" starttime="20230216 17:33:25.909" endtime="20230216 17:33:25.913"/>
</kw>
<status status="PASS" starttime="20230216 17:33:25.909" endtime="20230216 17:33:25.914"/>
</kw>
<status status="PASS" starttime="20230216 17:33:25.862" endtime="20230216 17:33:25.914"/>
</kw>
<kw name="Login With Invalid Credentials Should Fail">
<arg>${EMPTY}</arg>
<arg>${EMPTY}</arg>
<kw name="Input Username" library="resource">
<arg>${username}</arg>
<kw name="Input Text" library="SeleniumLibrary">
<arg>username_field</arg>
<arg>${username}</arg>
<doc>Types the given ``text`` into the text field identified by ``locator``.</doc>
<msg timestamp="20230216 17:33:25.918" level="INFO">Typing text '' into text field 'username_field'.</msg>
<status status="PASS" starttime="20230216 17:33:25.916" endtime="20230216 17:33:26.001"/>
</kw>
<status status="PASS" starttime="20230216 17:33:25.916" endtime="20230216 17:33:26.001"/>
</kw>
<kw name="Input Password" library="resource">
<arg>${password}</arg>
<kw name="Input Text" library="SeleniumLibrary">
<arg>password_field</arg>
<arg>${password}</arg>
<doc>Types the given ``text`` into the text field identified by ``locator``.</doc>
<msg timestamp="20230216 17:33:26.003" level="INFO">Typing text '' into text field 'password_field'.</msg>
<status status="PASS" starttime="20230216 17:33:26.002" endtime="20230216 17:33:26.073"/>
</kw>
<status status="PASS" starttime="20230216 17:33:26.001" endtime="20230216 17:33:26.073"/>
</kw>
<kw name="Submit Credentials" library="resource">
<kw name="Click Button" library="SeleniumLibrary">
<arg>login_button</arg>
<doc>Clicks the button identified by ``locator``.</doc>
<msg timestamp="20230216 17:33:26.074" level="INFO">Clicking button 'login_button'.</msg>
<status status="PASS" starttime="20230216 17:33:26.074" endtime="20230216 17:33:26.157"/>
</kw>
<status status="PASS" starttime="20230216 17:33:26.073" endtime="20230216 17:33:26.158"/>
</kw>
<kw name="Login Should Have Failed">
<kw name="Location Should Be" library="SeleniumLibrary">
<arg>${ERROR URL}</arg>
<doc>Verifies that the current URL is exactly ``url``.</doc>
<msg timestamp="20230216 17:33:26.166" level="INFO">Current location is 'http://localhost:7272/error.html'.</msg>
<status status="PASS" starttime="20230216 17:33:26.158" endtime="20230216 17:33:26.166"/>
</kw>
<kw name="Title Should Be" library="SeleniumLibrary">
<arg>Error Page</arg>
<doc>Verifies that the current page title equals ``title``.</doc>
<msg timestamp="20230216 17:33:26.174" level="INFO">Page title is 'Error Page'.</msg>
<status status="PASS" starttime="20230216 17:33:26.166" endtime="20230216 17:33:26.174"/>
</kw>
<status status="PASS" starttime="20230216 17:33:26.158" endtime="20230216 17:33:26.174"/>
</kw>
<status status="PASS" starttime="20230216 17:33:25.914" endtime="20230216 17:33:26.174"/>
</kw>
<status status="PASS" starttime="20230216 17:33:25.860" endtime="20230216 17:33:26.175"/>
</test>
<kw name="Close Browser" library="SeleniumLibrary" type="TEARDOWN">
<doc>Closes the current browser.</doc>
<status status="PASS" starttime="20230216 17:33:26.178" endtime="20230216 17:33:26.313"/>
</kw>
<doc>A test suite containing tests related to invalid login.

These tests are data-driven by their nature. They use a single
keyword, specified with Test Template setting, that is called
with different arguments to cover different scenarios.

This suite also demonstrates using setups and teardowns in
different levels.</doc>
<status status="PASS" starttime="20230216 17:33:18.656" endtime="20230216 17:33:26.313"/>
</suite>
<suite id="s1-s2" name="Valid Login" source="/Users/lennart/Documents/Development/Studium/2022_Master-Thesis/robot-execution-time/example/tests/valid_login.robot">
<test id="s1-s2-t1" name="Valid Login" line="10">
<kw name="Open Browser To Login Page" library="resource">
<kw name="Open Browser" library="SeleniumLibrary">
<arg>${LOGIN URL}</arg>
<arg>${BROWSER}</arg>
<doc>Opens a new browser instance to the optional ``url``.</doc>
<msg timestamp="20230216 17:33:26.380" level="INFO">Opening browser 'Chrome' to base url 'http://localhost:7272/'.</msg>
<status status="PASS" starttime="20230216 17:33:26.379" endtime="20230216 17:33:29.019"/>
</kw>
<kw name="Maximize Browser Window" library="SeleniumLibrary">
<doc>Maximizes current browser window.</doc>
<status status="PASS" starttime="20230216 17:33:29.019" endtime="20230216 17:33:29.486"/>
</kw>
<kw name="Set Selenium Speed" library="SeleniumLibrary">
<arg>${DELAY}</arg>
<doc>Sets the delay that is waited after each Selenium command.</doc>
<status status="PASS" starttime="20230216 17:33:29.486" endtime="20230216 17:33:29.487"/>
</kw>
<kw name="Login Page Should Be Open" library="resource">
<kw name="Title Should Be" library="SeleniumLibrary">
<arg>Login Page</arg>
<doc>Verifies that the current page title equals ``title``.</doc>
<msg timestamp="20230216 17:33:29.494" level="INFO">Page title is 'Login Page'.</msg>
<status status="PASS" starttime="20230216 17:33:29.488" endtime="20230216 17:33:29.494"/>
</kw>
<status status="PASS" starttime="20230216 17:33:29.487" endtime="20230216 17:33:29.494"/>
</kw>
<status status="PASS" starttime="20230216 17:33:26.378" endtime="20230216 17:33:29.494"/>
</kw>
<kw name="Input Username" library="resource">
<arg>demo</arg>
<kw name="Input Text" library="SeleniumLibrary">
<arg>username_field</arg>
<arg>${username}</arg>
<doc>Types the given ``text`` into the text field identified by ``locator``.</doc>
<msg timestamp="20230216 17:33:29.496" level="INFO">Typing text 'demo' into text field 'username_field'.</msg>
<status status="PASS" starttime="20230216 17:33:29.495" endtime="20230216 17:33:29.627"/>
</kw>
<status status="PASS" starttime="20230216 17:33:29.495" endtime="20230216 17:33:29.627"/>
</kw>
<kw name="Input Password" library="resource">
<arg>mode</arg>
<kw name="Input Text" library="SeleniumLibrary">
<arg>password_field</arg>
<arg>${password}</arg>
<doc>Types the given ``text`` into the text field identified by ``locator``.</doc>
<msg timestamp="20230216 17:33:29.629" level="INFO">Typing text 'mode' into text field 'password_field'.</msg>
<status status="PASS" starttime="20230216 17:33:29.628" endtime="20230216 17:33:29.712"/>
</kw>
<status status="PASS" starttime="20230216 17:33:29.628" endtime="20230216 17:33:29.712"/>
</kw>
<kw name="Submit Credentials" library="resource">
<kw name="Click Button" library="SeleniumLibrary">
<arg>login_button</arg>
<doc>Clicks the button identified by ``locator``.</doc>
<msg timestamp="20230216 17:33:29.713" level="INFO">Clicking button 'login_button'.</msg>
<status status="PASS" starttime="20230216 17:33:29.712" endtime="20230216 17:33:29.811"/>
</kw>
<status status="PASS" starttime="20230216 17:33:29.712" endtime="20230216 17:33:29.811"/>
</kw>
<kw name="Welcome Page Should Be Open" library="resource">
<kw name="Location Should Be" library="SeleniumLibrary">
<arg>${WELCOME URL}</arg>
<doc>Verifies that the current URL is exactly ``url``.</doc>
<msg timestamp="20230216 17:33:29.817" level="INFO">Current location is 'http://localhost:7272/welcome.html'.</msg>
<status status="PASS" starttime="20230216 17:33:29.812" endtime="20230216 17:33:29.817"/>
</kw>
<kw name="Title Should Be" library="SeleniumLibrary">
<arg>Welcome Page</arg>
<doc>Verifies that the current page title equals ``title``.</doc>
<msg timestamp="20230216 17:33:29.828" level="INFO">Page title is 'Welcome Page'.</msg>
<status status="PASS" starttime="20230216 17:33:29.817" endtime="20230216 17:33:29.828"/>
</kw>
<status status="PASS" starttime="20230216 17:33:29.812" endtime="20230216 17:33:29.828"/>
</kw>
<kw name="Close Browser" library="SeleniumLibrary" type="TEARDOWN">
<doc>Closes the current browser.</doc>
<status status="PASS" starttime="20230216 17:33:29.829" endtime="20230216 17:33:29.958"/>
</kw>
<status status="PASS" starttime="20230216 17:33:26.377" endtime="20230216 17:33:29.958"/>
</test>
<doc>A test suite with a single test for valid login.

This test has a workflow that is created using keywords in
the imported resource file.</doc>
<status status="PASS" starttime="20230216 17:33:26.325" endtime="20230216 17:33:29.959"/>
</suite>
<status status="PASS" starttime="20230216 17:33:18.611" endtime="20230216 17:33:29.966"/>
</suite>
<statistics>
<total>
<stat pass="7" fail="0" skip="0">All Tests</stat>
</total>
<tag>
</tag>
<suite>
<stat pass="7" fail="0" skip="0" id="s1" name="Tests">Tests</stat>
<stat pass="6" fail="0" skip="0" id="s1-s1" name="Invalid Login">Tests.Invalid Login</stat>
<stat pass="1" fail="0" skip="0" id="s1-s2" name="Valid Login">Tests.Valid Login</stat>
</suite>
</statistics>
<errors>
</errors>
</robot>
