<?xml version="1.0" encoding="UTF-8"?>
<robot generator="Robot 6.0.2 (Python 3.11.9 on darwin)" generated="20250104 13:35:25.452" rpa="false" schemaversion="3">
<suite id="s1" name="Tests" source="/Users/lennart/Documents/Development/Studium/Robocon/robotframework-perfbot/example/tests">
<suite id="s1-s1" name="Invalid Login" source="/Users/lennart/Documents/Development/Studium/Robocon/robotframework-perfbot/example/tests/invalid_login.robot">
<kw name="Open Browser To Login Page" library="resource" type="SETUP">
<kw name="New Browser" library="Browser">
<arg>browser=${BROWSER}</arg>
<arg>headless=${HEADLESS}</arg>
<tag>BrowserControl</tag>
<tag>Setter</tag>
<doc>Create a new playwright Browser with specified options.</doc>
<msg timestamp="20250104 13:35:25.685" level="INFO">{"browser": "chromium", "headless": false, "chromiumSandbox": false, "devtools": false, "handleSIGHUP": true, "handleSIGINT": true, "handleSIGTERM": true, "slowMo": 0.0, "timeout": 30000.0, "tracesDir": "/Users/lennart/Documents/Development/Studium/Robocon/robotframework-perfbot/example/browser/traces/temp/ea027267-4566-45f3-9492-860126acd828"}</msg>
<msg timestamp="20250104 13:35:25.735" level="INFO">Starting Browser process /usr/local/lib/python3.11/site-packages/Browser/wrapper/index.js using port 50005</msg>
<msg timestamp="20250104 13:35:25.735" level="INFO">Node startup parameters: ['node', '/usr/local/lib/python3.11/site-packages/Browser/wrapper/index.js', '50005']</msg>
<msg timestamp="20250104 13:35:27.918" level="INFO">Successfully created browser with options: {"browser":"chromium","headless":false,"chromiumSandbox":false,"devtools":false,"handleSIGHUP":true,"handleSIGINT":true,"handleSIGTERM":true,"slowMo":0,"timeout":30000,"tracesDir":"/Users/lennart/Documents/Development/Studium/Robocon/robotframework-perfbot/example/browser/traces/temp/ea027267-4566-45f3-9492-860126acd828"}</msg>
<status status="PASS" starttime="20250104 13:35:25.684" endtime="20250104 13:35:27.918"/>
</kw>
<kw name="New Page" library="Browser">
<arg>${LOGIN URL}</arg>
<tag>BrowserControl</tag>
<tag>Setter</tag>
<doc>Open a new Page.</doc>
<msg timestamp="20250104 13:35:28.890" level="INFO">Successfully initialized new page object and opened url: http://localhost:7272/</msg>
<msg timestamp="20250104 13:35:28.890" level="INFO">No context was open. New context was automatically opened when this page is created.</msg>
<status status="PASS" starttime="20250104 13:35:27.919" endtime="20250104 13:35:28.890"/>
</kw>
<status status="PASS" starttime="20250104 13:35:25.684" endtime="20250104 13:35:28.891"/>
</kw>
<test id="s1-s1-t1" name="Invalid Username" line="17">
<kw name="Go To Login Page" library="resource" type="SETUP">
<kw name="New Page" library="Browser">
<arg>${LOGIN URL}</arg>
<tag>BrowserControl</tag>
<tag>Setter</tag>
<doc>Open a new Page.</doc>
<msg timestamp="20250104 13:35:29.257" level="INFO">Successfully initialized new page object and opened url: http://localhost:7272/</msg>
<status status="PASS" starttime="20250104 13:35:28.949" endtime="20250104 13:35:29.258"/>
</kw>
<status status="PASS" starttime="20250104 13:35:28.944" endtime="20250104 13:35:29.258"/>
</kw>
<kw name="Login With Invalid Credentials Should Fail">
<arg>invalid</arg>
<arg>${VALID PASSWORD}</arg>
<kw name="Input Username" library="resource">
<arg>${username}</arg>
<kw name="Fill Text" library="Browser">
<arg>id=username_field</arg>
<arg>${username}</arg>
<tag>PageContent</tag>
<tag>Setter</tag>
<doc>Clears and fills the given ``txt`` into the text field found by ``selector``.</doc>
<msg timestamp="20250104 13:35:29.262" level="INFO">Fills the text 'invalid' in the given field.</msg>
<status status="PASS" starttime="20250104 13:35:29.262" endtime="20250104 13:35:29.364"/>
</kw>
<status status="PASS" starttime="20250104 13:35:29.260" endtime="20250104 13:35:29.364"/>
</kw>
<kw name="Input Password" library="resource">
<arg>${password}</arg>
<kw name="Fill Text" library="Browser">
<arg>id=password_field</arg>
<arg>${password}</arg>
<tag>PageContent</tag>
<tag>Setter</tag>
<doc>Clears and fills the given ``txt`` into the text field found by ``selector``.</doc>
<msg timestamp="20250104 13:35:29.366" level="INFO">Fills the text 'mode' in the given field.</msg>
<status status="PASS" starttime="20250104 13:35:29.365" endtime="20250104 13:35:29.412"/>
</kw>
<status status="PASS" starttime="20250104 13:35:29.364" endtime="20250104 13:35:29.412"/>
</kw>
<kw name="Submit Credentials" library="resource">
<kw name="Click" library="Browser">
<arg>id=login_button</arg>
<tag>PageContent</tag>
<tag>Setter</tag>
<doc>Simulates mouse click on the element found by ``selector``.</doc>
<msg timestamp="20250104 13:35:29.414" level="INFO">Clicks the element 'id=login_button'.</msg>
<status status="PASS" starttime="20250104 13:35:29.413" endtime="20250104 13:35:29.543"/>
</kw>
<status status="PASS" starttime="20250104 13:35:29.413" endtime="20250104 13:35:29.543"/>
</kw>
<kw name="Login Should Have Failed">
<kw name="Get Url" library="Browser">
<arg>*=</arg>
<arg>${ERROR URL}</arg>
<tag>Assertion</tag>
<tag>Getter</tag>
<tag>PageContent</tag>
<doc>Returns the current URL.</doc>
<status status="PASS" starttime="20250104 13:35:29.546" endtime="20250104 13:35:29.555"/>
</kw>
<kw name="Get Title" library="Browser">
<arg>equals</arg>
<arg>Error Page</arg>
<tag>Assertion</tag>
<tag>Getter</tag>
<tag>PageContent</tag>
<doc>Returns the title of the current page.</doc>
<msg timestamp="20250104 13:35:29.568" level="INFO">Title: 'Error Page'</msg>
<status status="PASS" starttime="20250104 13:35:29.556" endtime="20250104 13:35:29.568"/>
</kw>
<status status="PASS" starttime="20250104 13:35:29.544" endtime="20250104 13:35:29.569"/>
</kw>
<status status="PASS" starttime="20250104 13:35:29.259" endtime="20250104 13:35:29.569"/>
</kw>
<status status="PASS" starttime="20250104 13:35:28.891" endtime="20250104 13:35:29.570"/>
</test>
<test id="s1-s1-t2" name="Invalid Password" line="18">
<kw name="Go To Login Page" library="resource" type="SETUP">
<kw name="New Page" library="Browser">
<arg>${LOGIN URL}</arg>
<tag>BrowserControl</tag>
<tag>Setter</tag>
<doc>Open a new Page.</doc>
<msg timestamp="20250104 13:35:29.801" level="INFO">Successfully initialized new page object and opened url: http://localhost:7272/</msg>
<status status="PASS" starttime="20250104 13:35:29.664" endtime="20250104 13:35:29.803"/>
</kw>
<status status="PASS" starttime="20250104 13:35:29.664" endtime="20250104 13:35:29.803"/>
</kw>
<kw name="Login With Invalid Credentials Should Fail">
<arg>${VALID USER}</arg>
<arg>invalid</arg>
<kw name="Input Username" library="resource">
<arg>${username}</arg>
<kw name="Fill Text" library="Browser">
<arg>id=username_field</arg>
<arg>${username}</arg>
<tag>PageContent</tag>
<tag>Setter</tag>
<doc>Clears and fills the given ``txt`` into the text field found by ``selector``.</doc>
<msg timestamp="20250104 13:35:29.815" level="INFO">Fills the text 'demo' in the given field.</msg>
<status status="PASS" starttime="20250104 13:35:29.814" endtime="20250104 13:35:29.871"/>
</kw>
<status status="PASS" starttime="20250104 13:35:29.807" endtime="20250104 13:35:29.872"/>
</kw>
<kw name="Input Password" library="resource">
<arg>${password}</arg>
<kw name="Fill Text" library="Browser">
<arg>id=password_field</arg>
<arg>${password}</arg>
<tag>PageContent</tag>
<tag>Setter</tag>
<doc>Clears and fills the given ``txt`` into the text field found by ``selector``.</doc>
<msg timestamp="20250104 13:35:29.873" level="INFO">Fills the text 'invalid' in the given field.</msg>
<status status="PASS" starttime="20250104 13:35:29.872" endtime="20250104 13:35:29.898"/>
</kw>
<status status="PASS" starttime="20250104 13:35:29.872" endtime="20250104 13:35:29.898"/>
</kw>
<kw name="Submit Credentials" library="resource">
<kw name="Click" library="Browser">
<arg>id=login_button</arg>
<tag>PageContent</tag>
<tag>Setter</tag>
<doc>Simulates mouse click on the element found by ``selector``.</doc>
<msg timestamp="20250104 13:35:29.900" level="INFO">Clicks the element 'id=login_button'.</msg>
<status status="PASS" starttime="20250104 13:35:29.899" endtime="20250104 13:35:29.992"/>
</kw>
<status status="PASS" starttime="20250104 13:35:29.899" endtime="20250104 13:35:29.993"/>
</kw>
<kw name="Login Should Have Failed">
<kw name="Get Url" library="Browser">
<arg>*=</arg>
<arg>${ERROR URL}</arg>
<tag>Assertion</tag>
<tag>Getter</tag>
<tag>PageContent</tag>
<doc>Returns the current URL.</doc>
<status status="PASS" starttime="20250104 13:35:29.994" endtime="20250104 13:35:30.000"/>
</kw>
<kw name="Get Title" library="Browser">
<arg>equals</arg>
<arg>Error Page</arg>
<tag>Assertion</tag>
<tag>Getter</tag>
<tag>PageContent</tag>
<doc>Returns the title of the current page.</doc>
<msg timestamp="20250104 13:35:30.011" level="INFO">Title: 'Error Page'</msg>
<status status="PASS" starttime="20250104 13:35:30.001" endtime="20250104 13:35:30.011"/>
</kw>
<status status="PASS" starttime="20250104 13:35:29.993" endtime="20250104 13:35:30.011"/>
</kw>
<status status="PASS" starttime="20250104 13:35:29.806" endtime="20250104 13:35:30.012"/>
</kw>
<status status="PASS" starttime="20250104 13:35:29.652" endtime="20250104 13:35:30.013"/>
</test>
<test id="s1-s1-t3" name="Invalid Username And Password" line="19">
<kw name="Go To Login Page" library="resource" type="SETUP">
<kw name="New Page" library="Browser">
<arg>${LOGIN URL}</arg>
<tag>BrowserControl</tag>
<tag>Setter</tag>
<doc>Open a new Page.</doc>
<msg timestamp="20250104 13:35:30.228" level="INFO">Successfully initialized new page object and opened url: http://localhost:7272/</msg>
<status status="PASS" starttime="20250104 13:35:30.099" endtime="20250104 13:35:30.228"/>
</kw>
<status status="PASS" starttime="20250104 13:35:30.098" endtime="20250104 13:35:30.228"/>
</kw>
<kw name="Login With Invalid Credentials Should Fail">
<arg>invalid</arg>
<arg>whatever</arg>
<kw name="Input Username" library="resource">
<arg>${username}</arg>
<kw name="Fill Text" library="Browser">
<arg>id=username_field</arg>
<arg>${username}</arg>
<tag>PageContent</tag>
<tag>Setter</tag>
<doc>Clears and fills the given ``txt`` into the text field found by ``selector``.</doc>
<msg timestamp="20250104 13:35:30.230" level="INFO">Fills the text 'invalid' in the given field.</msg>
<status status="PASS" starttime="20250104 13:35:30.230" endtime="20250104 13:35:30.323"/>
</kw>
<status status="PASS" starttime="20250104 13:35:30.229" endtime="20250104 13:35:30.323"/>
</kw>
<kw name="Input Password" library="resource">
<arg>${password}</arg>
<kw name="Fill Text" library="Browser">
<arg>id=password_field</arg>
<arg>${password}</arg>
<tag>PageContent</tag>
<tag>Setter</tag>
<doc>Clears and fills the given ``txt`` into the text field found by ``selector``.</doc>
<msg timestamp="20250104 13:35:30.324" level="INFO">Fills the text 'whatever' in the given field.</msg>
<status status="PASS" starttime="20250104 13:35:30.324" endtime="20250104 13:35:30.342"/>
</kw>
<status status="PASS" starttime="20250104 13:35:30.323" endtime="20250104 13:35:30.343"/>
</kw>
<kw name="Submit Credentials" library="resource">
<kw name="Click" library="Browser">
<arg>id=login_button</arg>
<tag>PageContent</tag>
<tag>Setter</tag>
<doc>Simulates mouse click on the element found by ``selector``.</doc>
<msg timestamp="20250104 13:35:30.344" level="INFO">Clicks the element 'id=login_button'.</msg>
<status status="PASS" starttime="20250104 13:35:30.343" endtime="20250104 13:35:30.421"/>
</kw>
<status status="PASS" starttime="20250104 13:35:30.343" endtime="20250104 13:35:30.422"/>
</kw>
<kw name="Login Should Have Failed">
<kw name="Get Url" library="Browser">
<arg>*=</arg>
<arg>${ERROR URL}</arg>
<tag>Assertion</tag>
<tag>Getter</tag>
<tag>PageContent</tag>
<doc>Returns the current URL.</doc>
<status status="PASS" starttime="20250104 13:35:30.423" endtime="20250104 13:35:30.431"/>
</kw>
<kw name="Get Title" library="Browser">
<arg>equals</arg>
<arg>Error Page</arg>
<tag>Assertion</tag>
<tag>Getter</tag>
<tag>PageContent</tag>
<doc>Returns the title of the current page.</doc>
<msg timestamp="20250104 13:35:30.438" level="INFO">Title: 'Error Page'</msg>
<status status="PASS" starttime="20250104 13:35:30.431" endtime="20250104 13:35:30.438"/>
</kw>
<status status="PASS" starttime="20250104 13:35:30.422" endtime="20250104 13:35:30.438"/>
</kw>
<status status="PASS" starttime="20250104 13:35:30.229" endtime="20250104 13:35:30.439"/>
</kw>
<status status="PASS" starttime="20250104 13:35:30.088" endtime="20250104 13:35:30.439"/>
</test>
<test id="s1-s1-t4" name="Empty Username" line="20">
<kw name="Go To Login Page" library="resource" type="SETUP">
<kw name="New Page" library="Browser">
<arg>${LOGIN URL}</arg>
<tag>BrowserControl</tag>
<tag>Setter</tag>
<doc>Open a new Page.</doc>
<msg timestamp="20250104 13:35:30.647" level="INFO">Successfully initialized new page object and opened url: http://localhost:7272/</msg>
<status status="PASS" starttime="20250104 13:35:30.521" endtime="20250104 13:35:30.647"/>
</kw>
<status status="PASS" starttime="20250104 13:35:30.520" endtime="20250104 13:35:30.648"/>
</kw>
<kw name="Login With Invalid Credentials Should Fail">
<arg>${EMPTY}</arg>
<arg>${VALID PASSWORD}</arg>
<kw name="Input Username" library="resource">
<arg>${username}</arg>
<kw name="Fill Text" library="Browser">
<arg>id=username_field</arg>
<arg>${username}</arg>
<tag>PageContent</tag>
<tag>Setter</tag>
<doc>Clears and fills the given ``txt`` into the text field found by ``selector``.</doc>
<msg timestamp="20250104 13:35:30.652" level="INFO">Fills the text '' in the given field.</msg>
<status status="PASS" starttime="20250104 13:35:30.651" endtime="20250104 13:35:30.745"/>
</kw>
<status status="PASS" starttime="20250104 13:35:30.651" endtime="20250104 13:35:30.745"/>
</kw>
<kw name="Input Password" library="resource">
<arg>${password}</arg>
<kw name="Fill Text" library="Browser">
<arg>id=password_field</arg>
<arg>${password}</arg>
<tag>PageContent</tag>
<tag>Setter</tag>
<doc>Clears and fills the given ``txt`` into the text field found by ``selector``.</doc>
<msg timestamp="20250104 13:35:30.747" level="INFO">Fills the text 'mode' in the given field.</msg>
<status status="PASS" starttime="20250104 13:35:30.746" endtime="20250104 13:35:30.767"/>
</kw>
<status status="PASS" starttime="20250104 13:35:30.745" endtime="20250104 13:35:30.767"/>
</kw>
<kw name="Submit Credentials" library="resource">
<kw name="Click" library="Browser">
<arg>id=login_button</arg>
<tag>PageContent</tag>
<tag>Setter</tag>
<doc>Simulates mouse click on the element found by ``selector``.</doc>
<msg timestamp="20250104 13:35:30.770" level="INFO">Clicks the element 'id=login_button'.</msg>
<status status="PASS" starttime="20250104 13:35:30.769" endtime="20250104 13:35:30.839"/>
</kw>
<status status="PASS" starttime="20250104 13:35:30.768" endtime="20250104 13:35:30.839"/>
</kw>
<kw name="Login Should Have Failed">
<kw name="Get Url" library="Browser">
<arg>*=</arg>
<arg>${ERROR URL}</arg>
<tag>Assertion</tag>
<tag>Getter</tag>
<tag>PageContent</tag>
<doc>Returns the current URL.</doc>
<status status="PASS" starttime="20250104 13:35:30.840" endtime="20250104 13:35:30.847"/>
</kw>
<kw name="Get Title" library="Browser">
<arg>equals</arg>
<arg>Error Page</arg>
<tag>Assertion</tag>
<tag>Getter</tag>
<tag>PageContent</tag>
<doc>Returns the title of the current page.</doc>
<msg timestamp="20250104 13:35:30.854" level="INFO">Title: 'Error Page'</msg>
<status status="PASS" starttime="20250104 13:35:30.847" endtime="20250104 13:35:30.854"/>
</kw>
<status status="PASS" starttime="20250104 13:35:30.839" endtime="20250104 13:35:30.854"/>
</kw>
<status status="PASS" starttime="20250104 13:35:30.649" endtime="20250104 13:35:30.854"/>
</kw>
<status status="PASS" starttime="20250104 13:35:30.510" endtime="20250104 13:35:30.854"/>
</test>
<test id="s1-s1-t5" name="Empty Password" line="21">
<kw name="Go To Login Page" library="resource" type="SETUP">
<kw name="New Page" library="Browser">
<arg>${LOGIN URL}</arg>
<tag>BrowserControl</tag>
<tag>Setter</tag>
<doc>Open a new Page.</doc>
<msg timestamp="20250104 13:35:31.056" level="INFO">Successfully initialized new page object and opened url: http://localhost:7272/</msg>
<status status="PASS" starttime="20250104 13:35:30.931" endtime="20250104 13:35:31.057"/>
</kw>
<status status="PASS" starttime="20250104 13:35:30.931" endtime="20250104 13:35:31.059"/>
</kw>
<kw name="Login With Invalid Credentials Should Fail">
<arg>${VALID USER}</arg>
<arg>${EMPTY}</arg>
<kw name="Input Username" library="resource">
<arg>${username}</arg>
<kw name="Fill Text" library="Browser">
<arg>id=username_field</arg>
<arg>${username}</arg>
<tag>PageContent</tag>
<tag>Setter</tag>
<doc>Clears and fills the given ``txt`` into the text field found by ``selector``.</doc>
<msg timestamp="20250104 13:35:31.065" level="INFO">Fills the text 'demo' in the given field.</msg>
<status status="PASS" starttime="20250104 13:35:31.065" endtime="20250104 13:35:31.131"/>
</kw>
<status status="PASS" starttime="20250104 13:35:31.065" endtime="20250104 13:35:31.132"/>
</kw>
<kw name="Input Password" library="resource">
<arg>${password}</arg>
<kw name="Fill Text" library="Browser">
<arg>id=password_field</arg>
<arg>${password}</arg>
<tag>PageContent</tag>
<tag>Setter</tag>
<doc>Clears and fills the given ``txt`` into the text field found by ``selector``.</doc>
<msg timestamp="20250104 13:35:31.132" level="INFO">Fills the text '' in the given field.</msg>
<status status="PASS" starttime="20250104 13:35:31.132" endtime="20250104 13:35:31.157"/>
</kw>
<status status="PASS" starttime="20250104 13:35:31.132" endtime="20250104 13:35:31.158"/>
</kw>
<kw name="Submit Credentials" library="resource">
<kw name="Click" library="Browser">
<arg>id=login_button</arg>
<tag>PageContent</tag>
<tag>Setter</tag>
<doc>Simulates mouse click on the element found by ``selector``.</doc>
<msg timestamp="20250104 13:35:31.159" level="INFO">Clicks the element 'id=login_button'.</msg>
<status status="PASS" starttime="20250104 13:35:31.159" endtime="20250104 13:35:31.242"/>
</kw>
<status status="PASS" starttime="20250104 13:35:31.158" endtime="20250104 13:35:31.243"/>
</kw>
<kw name="Login Should Have Failed">
<kw name="Get Url" library="Browser">
<arg>*=</arg>
<arg>${ERROR URL}</arg>
<tag>Assertion</tag>
<tag>Getter</tag>
<tag>PageContent</tag>
<doc>Returns the current URL.</doc>
<status status="PASS" starttime="20250104 13:35:31.245" endtime="20250104 13:35:31.250"/>
</kw>
<kw name="Get Title" library="Browser">
<arg>equals</arg>
<arg>Error Page</arg>
<tag>Assertion</tag>
<tag>Getter</tag>
<tag>PageContent</tag>
<doc>Returns the title of the current page.</doc>
<msg timestamp="20250104 13:35:31.259" level="INFO">Title: 'Error Page'</msg>
<status status="PASS" starttime="20250104 13:35:31.250" endtime="20250104 13:35:31.259"/>
</kw>
<status status="PASS" starttime="20250104 13:35:31.244" endtime="20250104 13:35:31.259"/>
</kw>
<status status="PASS" starttime="20250104 13:35:31.064" endtime="20250104 13:35:31.259"/>
</kw>
<status status="PASS" starttime="20250104 13:35:30.920" endtime="20250104 13:35:31.260"/>
</test>
<test id="s1-s1-t6" name="Empty Username And Password" line="22">
<kw name="Go To Login Page" library="resource" type="SETUP">
<kw name="New Page" library="Browser">
<arg>${LOGIN URL}</arg>
<tag>BrowserControl</tag>
<tag>Setter</tag>
<doc>Open a new Page.</doc>
<msg timestamp="20250104 13:35:31.474" level="INFO">Successfully initialized new page object and opened url: http://localhost:7272/</msg>
<status status="PASS" starttime="20250104 13:35:31.337" endtime="20250104 13:35:31.474"/>
</kw>
<status status="PASS" starttime="20250104 13:35:31.336" endtime="20250104 13:35:31.474"/>
</kw>
<kw name="Login With Invalid Credentials Should Fail">
<arg>${EMPTY}</arg>
<arg>${EMPTY}</arg>
<kw name="Input Username" library="resource">
<arg>${username}</arg>
<kw name="Fill Text" library="Browser">
<arg>id=username_field</arg>
<arg>${username}</arg>
<tag>PageContent</tag>
<tag>Setter</tag>
<doc>Clears and fills the given ``txt`` into the text field found by ``selector``.</doc>
<msg timestamp="20250104 13:35:31.480" level="INFO">Fills the text '' in the given field.</msg>
<status status="PASS" starttime="20250104 13:35:31.479" endtime="20250104 13:35:31.542"/>
</kw>
<status status="PASS" starttime="20250104 13:35:31.477" endtime="20250104 13:35:31.543"/>
</kw>
<kw name="Input Password" library="resource">
<arg>${password}</arg>
<kw name="Fill Text" library="Browser">
<arg>id=password_field</arg>
<arg>${password}</arg>
<tag>PageContent</tag>
<tag>Setter</tag>
<doc>Clears and fills the given ``txt`` into the text field found by ``selector``.</doc>
<msg timestamp="20250104 13:35:31.544" level="INFO">Fills the text '' in the given field.</msg>
<status status="PASS" starttime="20250104 13:35:31.544" endtime="20250104 13:35:31.582"/>
</kw>
<status status="PASS" starttime="20250104 13:35:31.543" endtime="20250104 13:35:31.582"/>
</kw>
<kw name="Submit Credentials" library="resource">
<kw name="Click" library="Browser">
<arg>id=login_button</arg>
<tag>PageContent</tag>
<tag>Setter</tag>
<doc>Simulates mouse click on the element found by ``selector``.</doc>
<msg timestamp="20250104 13:35:31.588" level="INFO">Clicks the element 'id=login_button'.</msg>
<status status="PASS" starttime="20250104 13:35:31.587" endtime="20250104 13:35:31.705"/>
</kw>
<status status="PASS" starttime="20250104 13:35:31.584" endtime="20250104 13:35:31.706"/>
</kw>
<kw name="Login Should Have Failed">
<kw name="Get Url" library="Browser">
<arg>*=</arg>
<arg>${ERROR URL}</arg>
<tag>Assertion</tag>
<tag>Getter</tag>
<tag>PageContent</tag>
<doc>Returns the current URL.</doc>
<status status="PASS" starttime="20250104 13:35:31.707" endtime="20250104 13:35:31.720"/>
</kw>
<kw name="Get Title" library="Browser">
<arg>equals</arg>
<arg>Error Page</arg>
<tag>Assertion</tag>
<tag>Getter</tag>
<tag>PageContent</tag>
<doc>Returns the title of the current page.</doc>
<msg timestamp="20250104 13:35:31.732" level="INFO">Title: 'Error Page'</msg>
<status status="PASS" starttime="20250104 13:35:31.720" endtime="20250104 13:35:31.732"/>
</kw>
<status status="PASS" starttime="20250104 13:35:31.706" endtime="20250104 13:35:31.733"/>
</kw>
<status status="PASS" starttime="20250104 13:35:31.475" endtime="20250104 13:35:31.733"/>
</kw>
<status status="PASS" starttime="20250104 13:35:31.322" endtime="20250104 13:35:31.734"/>
</test>
<kw name="Close Browser" library="Browser" type="TEARDOWN">
<tag>BrowserControl</tag>
<tag>Setter</tag>
<doc>Closes the current browser.</doc>
<msg timestamp="20250104 13:35:32.073" level="INFO">Closed browser</msg>
<status status="PASS" starttime="20250104 13:35:31.796" endtime="20250104 13:35:32.073"/>
</kw>
<doc>A test suite containing tests related to invalid login.

These tests are data-driven by their nature. They use a single
keyword, specified with Test Template setting, that is called
with different arguments to cover different scenarios.

This suite also demonstrates using setups and teardowns in
different levels.</doc>
<status status="PASS" starttime="20250104 13:35:25.475" endtime="20250104 13:35:32.073"/>
</suite>
<suite id="s1-s2" name="Valid Login" source="/Users/lennart/Documents/Development/Studium/Robocon/robotframework-perfbot/example/tests/valid_login.robot">
<test id="s1-s2-t1" name="Valid Login" line="10">
<kw name="Open Browser To Login Page" library="resource">
<kw name="New Browser" library="Browser">
<arg>browser=${BROWSER}</arg>
<arg>headless=${HEADLESS}</arg>
<tag>BrowserControl</tag>
<tag>Setter</tag>
<doc>Create a new playwright Browser with specified options.</doc>
<msg timestamp="20250104 13:35:32.173" level="INFO">{"browser": "chromium", "headless": false, "chromiumSandbox": false, "devtools": false, "handleSIGHUP": true, "handleSIGINT": true, "handleSIGTERM": true, "slowMo": 0.0, "timeout": 30000.0, "tracesDir": "/Users/lennart/Documents/Development/Studium/Robocon/robotframework-perfbot/example/browser/traces/temp/8925eea4-f23d-4120-9caf-bed9acd5c383"}</msg>
<msg timestamp="20250104 13:35:32.718" level="INFO">Successfully created browser with options: {"browser":"chromium","headless":false,"chromiumSandbox":false,"devtools":false,"handleSIGHUP":true,"handleSIGINT":true,"handleSIGTERM":true,"slowMo":0,"timeout":30000,"tracesDir":"/Users/lennart/Documents/Development/Studium/Robocon/robotframework-perfbot/example/browser/traces/temp/8925eea4-f23d-4120-9caf-bed9acd5c383"}</msg>
<status status="PASS" starttime="20250104 13:35:32.172" endtime="20250104 13:35:32.723"/>
</kw>
<kw name="New Page" library="Browser">
<arg>${LOGIN URL}</arg>
<tag>BrowserControl</tag>
<tag>Setter</tag>
<doc>Open a new Page.</doc>
<msg timestamp="20250104 13:35:33.453" level="INFO">Successfully initialized new page object and opened url: http://localhost:7272/</msg>
<msg timestamp="20250104 13:35:33.453" level="INFO">No context was open. New context was automatically opened when this page is created.</msg>
<status status="PASS" starttime="20250104 13:35:32.724" endtime="20250104 13:35:33.454"/>
</kw>
<status status="PASS" starttime="20250104 13:35:32.170" endtime="20250104 13:35:33.455"/>
</kw>
<kw name="Login Page Should Be Open" library="resource">
<kw name="Get Title" library="Browser">
<arg>equals</arg>
<arg>Login Page</arg>
<tag>Assertion</tag>
<tag>Getter</tag>
<tag>PageContent</tag>
<doc>Returns the title of the current page.</doc>
<msg timestamp="20250104 13:35:33.472" level="INFO">Title: 'Login Page'</msg>
<status status="PASS" starttime="20250104 13:35:33.456" endtime="20250104 13:35:33.472"/>
</kw>
<status status="PASS" starttime="20250104 13:35:33.455" endtime="20250104 13:35:33.472"/>
</kw>
<kw name="Input Username" library="resource">
<arg>demo</arg>
<kw name="Fill Text" library="Browser">
<arg>id=username_field</arg>
<arg>${username}</arg>
<tag>PageContent</tag>
<tag>Setter</tag>
<doc>Clears and fills the given ``txt`` into the text field found by ``selector``.</doc>
<msg timestamp="20250104 13:35:33.478" level="INFO">Fills the text 'demo' in the given field.</msg>
<status status="PASS" starttime="20250104 13:35:33.474" endtime="20250104 13:35:33.522"/>
</kw>
<status status="PASS" starttime="20250104 13:35:33.473" endtime="20250104 13:35:33.523"/>
</kw>
<kw name="Input Password" library="resource">
<arg>mode</arg>
<kw name="Fill Text" library="Browser">
<arg>id=password_field</arg>
<arg>${password}</arg>
<tag>PageContent</tag>
<tag>Setter</tag>
<doc>Clears and fills the given ``txt`` into the text field found by ``selector``.</doc>
<msg timestamp="20250104 13:35:33.525" level="INFO">Fills the text 'mode' in the given field.</msg>
<status status="PASS" starttime="20250104 13:35:33.525" endtime="20250104 13:35:33.557"/>
</kw>
<status status="PASS" starttime="20250104 13:35:33.523" endtime="20250104 13:35:33.557"/>
</kw>
<kw name="Submit Credentials" library="resource">
<kw name="Click" library="Browser">
<arg>id=login_button</arg>
<tag>PageContent</tag>
<tag>Setter</tag>
<doc>Simulates mouse click on the element found by ``selector``.</doc>
<msg timestamp="20250104 13:35:33.560" level="INFO">Clicks the element 'id=login_button'.</msg>
<status status="PASS" starttime="20250104 13:35:33.559" endtime="20250104 13:35:33.632"/>
</kw>
<status status="PASS" starttime="20250104 13:35:33.558" endtime="20250104 13:35:33.632"/>
</kw>
<kw name="Welcome Page Should Be Open" library="resource">
<kw name="Get Url" library="Browser">
<arg>*=</arg>
<arg>${WELCOME URL}</arg>
<tag>Assertion</tag>
<tag>Getter</tag>
<tag>PageContent</tag>
<doc>Returns the current URL.</doc>
<status status="PASS" starttime="20250104 13:35:33.635" endtime="20250104 13:35:33.641"/>
</kw>
<kw name="Get Title" library="Browser">
<arg>equals</arg>
<arg>Welcome Page</arg>
<tag>Assertion</tag>
<tag>Getter</tag>
<tag>PageContent</tag>
<doc>Returns the title of the current page.</doc>
<msg timestamp="20250104 13:35:33.653" level="INFO">Title: 'Welcome Page'</msg>
<status status="PASS" starttime="20250104 13:35:33.642" endtime="20250104 13:35:33.653"/>
</kw>
<status status="PASS" starttime="20250104 13:35:33.633" endtime="20250104 13:35:33.653"/>
</kw>
<kw name="Close Browser" library="Browser" type="TEARDOWN">
<tag>BrowserControl</tag>
<tag>Setter</tag>
<doc>Closes the current browser.</doc>
<msg timestamp="20250104 13:35:33.915" level="INFO">Closed browser</msg>
<status status="PASS" starttime="20250104 13:35:33.654" endtime="20250104 13:35:33.916"/>
</kw>
<status status="PASS" starttime="20250104 13:35:32.168" endtime="20250104 13:35:33.916"/>
</test>
<doc>A test suite with a single test for valid login.

This test has a workflow that is created using keywords in
the imported resource file.</doc>
<status status="PASS" starttime="20250104 13:35:32.086" endtime="20250104 13:35:33.925"/>
</suite>
<status status="PASS" starttime="20250104 13:35:25.454" endtime="20250104 13:35:33.936"/>
</suite>
<statistics>
<total>
<stat pass="7" fail="0" skip="0">All Tests</stat>
</total>
<tag>
</tag>
<suite>
<stat pass="7" fail="0" skip="0" id="s1" name="Tests">Tests</stat>
<stat pass="6" fail="0" skip="0" id="s1-s1" name="Invalid Login">Tests.Invalid Login</stat>
<stat pass="1" fail="0" skip="0" id="s1-s2" name="Valid Login">Tests.Valid Login</stat>
</suite>
</statistics>
<errors>
</errors>
</robot>
