<?xml version="1.0" encoding="UTF-8"?>
<robot generator="Robot 6.0.2 (Python 3.11.9 on darwin)" generated="20250124 20:54:06.441" rpa="false" schemaversion="3">
<suite id="s1" name="Tests" source="/Users/lennart/Documents/Development/Studium/2022_Master-Thesis/robotframework-perfbot/example/tests">
<suite id="s1-s1" name="Invalid Login" source="/Users/lennart/Documents/Development/Studium/2022_Master-Thesis/robotframework-perfbot/example/tests/invalid_login.robot">
<kw name="Open Browser To Login Page" library="resource" type="SETUP">
<kw name="New Browser" library="Browser">
<arg>browser=${BROWSER}</arg>
<arg>headless=${HEADLESS}</arg>
<tag>BrowserControl</tag>
<tag>Setter</tag>
<doc>Create a new playwright Browser with specified options.</doc>
<msg timestamp="20250124 20:54:07.038" level="INFO">{"browser": "chromium", "headless": false, "chromiumSandbox": false, "devtools": false, "handleSIGHUP": true, "handleSIGINT": true, "handleSIGTERM": true, "slowMo": 0.0, "timeout": 30000.0, "tracesDir": "/Users/lennart/Documents/Development/Studium/2022_Master-Thesis/robotframework-perfbot/example/browser/traces/temp/5741eade-f9bc-4f14-a7ac-739bf1dbe94e"}</msg>
<msg timestamp="20250124 20:54:07.436" level="INFO">Starting Browser process /usr/local/lib/python3.11/site-packages/Browser/wrapper/index.js using port 55448</msg>
<msg timestamp="20250124 20:54:07.436" level="INFO">Node startup parameters: ['node', '/usr/local/lib/python3.11/site-packages/Browser/wrapper/index.js', '55448']</msg>
<msg timestamp="20250124 20:54:13.112" level="INFO">Successfully created browser with options: {"browser":"chromium","headless":false,"chromiumSandbox":false,"devtools":false,"handleSIGHUP":true,"handleSIGINT":true,"handleSIGTERM":true,"slowMo":0,"timeout":30000,"tracesDir":"/Users/lennart/Documents/Development/Studium/2022_Master-Thesis/robotframework-perfbot/example/browser/traces/temp/5741eade-f9bc-4f14-a7ac-739bf1dbe94e"}</msg>
<status status="PASS" starttime="20250124 20:54:07.038" endtime="20250124 20:54:13.113"/>
</kw>
<kw name="New Page" library="Browser">
<arg>${LOGIN URL}</arg>
<tag>BrowserControl</tag>
<tag>Setter</tag>
<doc>Open a new Page.</doc>
<msg timestamp="20250124 20:54:14.722" level="INFO">Successfully initialized new page object and opened url: http://localhost:7272/</msg>
<msg timestamp="20250124 20:54:14.722" level="INFO">No context was open. New context was automatically opened when this page is created.</msg>
<status status="PASS" starttime="20250124 20:54:13.113" endtime="20250124 20:54:14.722"/>
</kw>
<status status="PASS" starttime="20250124 20:54:07.037" endtime="20250124 20:54:14.723"/>
</kw>
<test id="s1-s1-t1" name="Invalid Username" line="17">
<kw name="Go To Login Page" library="resource" type="SETUP">
<kw name="New Page" library="Browser">
<arg>${LOGIN URL}</arg>
<tag>BrowserControl</tag>
<tag>Setter</tag>
<doc>Open a new Page.</doc>
<msg timestamp="20250124 20:54:15.052" level="INFO">Successfully initialized new page object and opened url: http://localhost:7272/</msg>
<status status="PASS" starttime="20250124 20:54:14.816" endtime="20250124 20:54:15.053"/>
</kw>
<status status="PASS" starttime="20250124 20:54:14.816" endtime="20250124 20:54:15.053"/>
</kw>
<kw name="Login With Invalid Credentials Should Fail">
<arg>invalid</arg>
<arg>${VALID PASSWORD}</arg>
<kw name="Input Username" library="resource">
<arg>${username}</arg>
<kw name="Fill Text" library="Browser">
<arg>id=username_field</arg>
<arg>${username}</arg>
<tag>PageContent</tag>
<tag>Setter</tag>
<doc>Clears and fills the given ``txt`` into the text field found by ``selector``.</doc>
<msg timestamp="20250124 20:54:15.058" level="INFO">Fills the text 'invalid' in the given field.</msg>
<status status="PASS" starttime="20250124 20:54:15.057" endtime="20250124 20:54:15.188"/>
</kw>
<status status="PASS" starttime="20250124 20:54:15.054" endtime="20250124 20:54:15.188"/>
</kw>
<kw name="Input Password" library="resource">
<arg>${password}</arg>
<kw name="Fill Text" library="Browser">
<arg>id=password_field</arg>
<arg>${password}</arg>
<tag>PageContent</tag>
<tag>Setter</tag>
<doc>Clears and fills the given ``txt`` into the text field found by ``selector``.</doc>
<msg timestamp="20250124 20:54:15.190" level="INFO">Fills the text 'mode' in the given field.</msg>
<status status="PASS" starttime="20250124 20:54:15.189" endtime="20250124 20:54:15.230"/>
</kw>
<status status="PASS" starttime="20250124 20:54:15.189" endtime="20250124 20:54:15.231"/>
</kw>
<kw name="Submit Credentials" library="resource">
<kw name="Click" library="Browser">
<arg>id=login_button</arg>
<tag>PageContent</tag>
<tag>Setter</tag>
<doc>Simulates mouse click on the element found by ``selector``.</doc>
<msg timestamp="20250124 20:54:15.232" level="INFO">Clicks the element 'id=login_button'.</msg>
<status status="PASS" starttime="20250124 20:54:15.232" endtime="20250124 20:54:15.336"/>
</kw>
<status status="PASS" starttime="20250124 20:54:15.231" endtime="20250124 20:54:15.337"/>
</kw>
<kw name="Login Should Have Failed">
<kw name="Get Url" library="Browser">
<arg>*=</arg>
<arg>${ERROR URL}</arg>
<tag>Assertion</tag>
<tag>Getter</tag>
<tag>PageContent</tag>
<doc>Returns the current URL.</doc>
<status status="PASS" starttime="20250124 20:54:15.337" endtime="20250124 20:54:15.344"/>
</kw>
<kw name="Get Title" library="Browser">
<arg>equals</arg>
<arg>Error Page</arg>
<tag>Assertion</tag>
<tag>Getter</tag>
<tag>PageContent</tag>
<doc>Returns the title of the current page.</doc>
<msg timestamp="20250124 20:54:15.352" level="INFO">Title: 'Error Page'</msg>
<status status="PASS" starttime="20250124 20:54:15.344" endtime="20250124 20:54:15.352"/>
</kw>
<status status="PASS" starttime="20250124 20:54:15.337" endtime="20250124 20:54:15.353"/>
</kw>
<status status="PASS" starttime="20250124 20:54:15.053" endtime="20250124 20:54:15.353"/>
</kw>
<status status="PASS" starttime="20250124 20:54:14.723" endtime="20250124 20:54:15.353"/>
</test>
<test id="s1-s1-t2" name="Invalid Password" line="18">
<kw name="Go To Login Page" library="resource" type="SETUP">
<kw name="New Page" library="Browser">
<arg>${LOGIN URL}</arg>
<tag>BrowserControl</tag>
<tag>Setter</tag>
<doc>Open a new Page.</doc>
<msg timestamp="20250124 20:54:15.623" level="INFO">Successfully initialized new page object and opened url: http://localhost:7272/</msg>
<status status="PASS" starttime="20250124 20:54:15.476" endtime="20250124 20:54:15.624"/>
</kw>
<status status="PASS" starttime="20250124 20:54:15.476" endtime="20250124 20:54:15.624"/>
</kw>
<kw name="Login With Invalid Credentials Should Fail">
<arg>${VALID USER}</arg>
<arg>invalid</arg>
<kw name="Input Username" library="resource">
<arg>${username}</arg>
<kw name="Fill Text" library="Browser">
<arg>id=username_field</arg>
<arg>${username}</arg>
<tag>PageContent</tag>
<tag>Setter</tag>
<doc>Clears and fills the given ``txt`` into the text field found by ``selector``.</doc>
<msg timestamp="20250124 20:54:15.627" level="INFO">Fills the text 'demo' in the given field.</msg>
<status status="PASS" starttime="20250124 20:54:15.626" endtime="20250124 20:54:15.726"/>
</kw>
<status status="PASS" starttime="20250124 20:54:15.625" endtime="20250124 20:54:15.727"/>
</kw>
<kw name="Input Password" library="resource">
<arg>${password}</arg>
<kw name="Fill Text" library="Browser">
<arg>id=password_field</arg>
<arg>${password}</arg>
<tag>PageContent</tag>
<tag>Setter</tag>
<doc>Clears and fills the given ``txt`` into the text field found by ``selector``.</doc>
<msg timestamp="20250124 20:54:15.742" level="INFO">Fills the text 'invalid' in the given field.</msg>
<status status="PASS" starttime="20250124 20:54:15.728" endtime="20250124 20:54:15.783"/>
</kw>
<status status="PASS" starttime="20250124 20:54:15.727" endtime="20250124 20:54:15.783"/>
</kw>
<kw name="Submit Credentials" library="resource">
<kw name="Click" library="Browser">
<arg>id=login_button</arg>
<tag>PageContent</tag>
<tag>Setter</tag>
<doc>Simulates mouse click on the element found by ``selector``.</doc>
<msg timestamp="20250124 20:54:15.785" level="INFO">Clicks the element 'id=login_button'.</msg>
<status status="PASS" starttime="20250124 20:54:15.785" endtime="20250124 20:54:15.872"/>
</kw>
<status status="PASS" starttime="20250124 20:54:15.784" endtime="20250124 20:54:15.873"/>
</kw>
<kw name="Login Should Have Failed">
<kw name="Get Url" library="Browser">
<arg>*=</arg>
<arg>${ERROR URL}</arg>
<tag>Assertion</tag>
<tag>Getter</tag>
<tag>PageContent</tag>
<doc>Returns the current URL.</doc>
<status status="PASS" starttime="20250124 20:54:15.873" endtime="20250124 20:54:15.877"/>
</kw>
<kw name="Get Title" library="Browser">
<arg>equals</arg>
<arg>Error Page</arg>
<tag>Assertion</tag>
<tag>Getter</tag>
<tag>PageContent</tag>
<doc>Returns the title of the current page.</doc>
<msg timestamp="20250124 20:54:15.888" level="INFO">Title: 'Error Page'</msg>
<status status="PASS" starttime="20250124 20:54:15.877" endtime="20250124 20:54:15.888"/>
</kw>
<status status="PASS" starttime="20250124 20:54:15.873" endtime="20250124 20:54:15.888"/>
</kw>
<status status="PASS" starttime="20250124 20:54:15.625" endtime="20250124 20:54:15.888"/>
</kw>
<status status="PASS" starttime="20250124 20:54:15.447" endtime="20250124 20:54:15.890"/>
</test>
<test id="s1-s1-t3" name="Invalid Username And Password" line="19">
<kw name="Go To Login Page" library="resource" type="SETUP">
<kw name="New Page" library="Browser">
<arg>${LOGIN URL}</arg>
<tag>BrowserControl</tag>
<tag>Setter</tag>
<doc>Open a new Page.</doc>
<msg timestamp="20250124 20:54:16.156" level="INFO">Successfully initialized new page object and opened url: http://localhost:7272/</msg>
<status status="PASS" starttime="20250124 20:54:16.005" endtime="20250124 20:54:16.157"/>
</kw>
<status status="PASS" starttime="20250124 20:54:16.004" endtime="20250124 20:54:16.157"/>
</kw>
<kw name="Login With Invalid Credentials Should Fail">
<arg>invalid</arg>
<arg>whatever</arg>
<kw name="Input Username" library="resource">
<arg>${username}</arg>
<kw name="Fill Text" library="Browser">
<arg>id=username_field</arg>
<arg>${username}</arg>
<tag>PageContent</tag>
<tag>Setter</tag>
<doc>Clears and fills the given ``txt`` into the text field found by ``selector``.</doc>
<msg timestamp="20250124 20:54:16.161" level="INFO">Fills the text 'invalid' in the given field.</msg>
<status status="PASS" starttime="20250124 20:54:16.160" endtime="20250124 20:54:16.250"/>
</kw>
<status status="PASS" starttime="20250124 20:54:16.159" endtime="20250124 20:54:16.250"/>
</kw>
<kw name="Input Password" library="resource">
<arg>${password}</arg>
<kw name="Fill Text" library="Browser">
<arg>id=password_field</arg>
<arg>${password}</arg>
<tag>PageContent</tag>
<tag>Setter</tag>
<doc>Clears and fills the given ``txt`` into the text field found by ``selector``.</doc>
<msg timestamp="20250124 20:54:16.252" level="INFO">Fills the text 'whatever' in the given field.</msg>
<status status="PASS" starttime="20250124 20:54:16.251" endtime="20250124 20:54:16.300"/>
</kw>
<status status="PASS" starttime="20250124 20:54:16.251" endtime="20250124 20:54:16.301"/>
</kw>
<kw name="Submit Credentials" library="resource">
<kw name="Click" library="Browser">
<arg>id=login_button</arg>
<tag>PageContent</tag>
<tag>Setter</tag>
<doc>Simulates mouse click on the element found by ``selector``.</doc>
<msg timestamp="20250124 20:54:16.303" level="INFO">Clicks the element 'id=login_button'.</msg>
<status status="PASS" starttime="20250124 20:54:16.303" endtime="20250124 20:54:16.369"/>
</kw>
<status status="PASS" starttime="20250124 20:54:16.302" endtime="20250124 20:54:16.369"/>
</kw>
<kw name="Login Should Have Failed">
<kw name="Get Url" library="Browser">
<arg>*=</arg>
<arg>${ERROR URL}</arg>
<tag>Assertion</tag>
<tag>Getter</tag>
<tag>PageContent</tag>
<doc>Returns the current URL.</doc>
<status status="PASS" starttime="20250124 20:54:16.370" endtime="20250124 20:54:16.377"/>
</kw>
<kw name="Get Title" library="Browser">
<arg>equals</arg>
<arg>Error Page</arg>
<tag>Assertion</tag>
<tag>Getter</tag>
<tag>PageContent</tag>
<doc>Returns the title of the current page.</doc>
<msg timestamp="20250124 20:54:16.385" level="INFO">Title: 'Error Page'</msg>
<status status="PASS" starttime="20250124 20:54:16.377" endtime="20250124 20:54:16.385"/>
</kw>
<status status="PASS" starttime="20250124 20:54:16.369" endtime="20250124 20:54:16.386"/>
</kw>
<status status="PASS" starttime="20250124 20:54:16.158" endtime="20250124 20:54:16.386"/>
</kw>
<status status="PASS" starttime="20250124 20:54:15.986" endtime="20250124 20:54:16.386"/>
</test>
<test id="s1-s1-t4" name="Empty Username" line="20">
<kw name="Go To Login Page" library="resource" type="SETUP">
<kw name="New Page" library="Browser">
<arg>${LOGIN URL}</arg>
<tag>BrowserControl</tag>
<tag>Setter</tag>
<doc>Open a new Page.</doc>
<msg timestamp="20250124 20:54:16.611" level="INFO">Successfully initialized new page object and opened url: http://localhost:7272/</msg>
<status status="PASS" starttime="20250124 20:54:16.503" endtime="20250124 20:54:16.613"/>
</kw>
<status status="PASS" starttime="20250124 20:54:16.502" endtime="20250124 20:54:16.613"/>
</kw>
<kw name="Login With Invalid Credentials Should Fail">
<arg>${EMPTY}</arg>
<arg>${VALID PASSWORD}</arg>
<kw name="Input Username" library="resource">
<arg>${username}</arg>
<kw name="Fill Text" library="Browser">
<arg>id=username_field</arg>
<arg>${username}</arg>
<tag>PageContent</tag>
<tag>Setter</tag>
<doc>Clears and fills the given ``txt`` into the text field found by ``selector``.</doc>
<msg timestamp="20250124 20:54:16.632" level="INFO">Fills the text '' in the given field.</msg>
<status status="PASS" starttime="20250124 20:54:16.619" endtime="20250124 20:54:16.728"/>
</kw>
<status status="PASS" starttime="20250124 20:54:16.618" endtime="20250124 20:54:16.728"/>
</kw>
<kw name="Input Password" library="resource">
<arg>${password}</arg>
<kw name="Fill Text" library="Browser">
<arg>id=password_field</arg>
<arg>${password}</arg>
<tag>PageContent</tag>
<tag>Setter</tag>
<doc>Clears and fills the given ``txt`` into the text field found by ``selector``.</doc>
<msg timestamp="20250124 20:54:16.729" level="INFO">Fills the text 'mode' in the given field.</msg>
<status status="PASS" starttime="20250124 20:54:16.729" endtime="20250124 20:54:16.762"/>
</kw>
<status status="PASS" starttime="20250124 20:54:16.728" endtime="20250124 20:54:16.763"/>
</kw>
<kw name="Submit Credentials" library="resource">
<kw name="Click" library="Browser">
<arg>id=login_button</arg>
<tag>PageContent</tag>
<tag>Setter</tag>
<doc>Simulates mouse click on the element found by ``selector``.</doc>
<msg timestamp="20250124 20:54:16.764" level="INFO">Clicks the element 'id=login_button'.</msg>
<status status="PASS" starttime="20250124 20:54:16.763" endtime="20250124 20:54:16.844"/>
</kw>
<status status="PASS" starttime="20250124 20:54:16.763" endtime="20250124 20:54:16.844"/>
</kw>
<kw name="Login Should Have Failed">
<kw name="Get Url" library="Browser">
<arg>*=</arg>
<arg>${ERROR URL}</arg>
<tag>Assertion</tag>
<tag>Getter</tag>
<tag>PageContent</tag>
<doc>Returns the current URL.</doc>
<status status="PASS" starttime="20250124 20:54:16.845" endtime="20250124 20:54:16.852"/>
</kw>
<kw name="Get Title" library="Browser">
<arg>equals</arg>
<arg>Error Page</arg>
<tag>Assertion</tag>
<tag>Getter</tag>
<tag>PageContent</tag>
<doc>Returns the title of the current page.</doc>
<msg timestamp="20250124 20:54:16.860" level="INFO">Title: 'Error Page'</msg>
<status status="PASS" starttime="20250124 20:54:16.852" endtime="20250124 20:54:16.860"/>
</kw>
<status status="PASS" starttime="20250124 20:54:16.844" endtime="20250124 20:54:16.860"/>
</kw>
<status status="PASS" starttime="20250124 20:54:16.615" endtime="20250124 20:54:16.860"/>
</kw>
<status status="PASS" starttime="20250124 20:54:16.477" endtime="20250124 20:54:16.861"/>
</test>
<test id="s1-s1-t5" name="Empty Password" line="21">
<kw name="Go To Login Page" library="resource" type="SETUP">
<kw name="New Page" library="Browser">
<arg>${LOGIN URL}</arg>
<tag>BrowserControl</tag>
<tag>Setter</tag>
<doc>Open a new Page.</doc>
<msg timestamp="20250124 20:54:17.082" level="INFO">Successfully initialized new page object and opened url: http://localhost:7272/</msg>
<status status="PASS" starttime="20250124 20:54:16.971" endtime="20250124 20:54:17.083"/>
</kw>
<status status="PASS" starttime="20250124 20:54:16.970" endtime="20250124 20:54:17.083"/>
</kw>
<kw name="Login With Invalid Credentials Should Fail">
<arg>${VALID USER}</arg>
<arg>${EMPTY}</arg>
<kw name="Input Username" library="resource">
<arg>${username}</arg>
<kw name="Fill Text" library="Browser">
<arg>id=username_field</arg>
<arg>${username}</arg>
<tag>PageContent</tag>
<tag>Setter</tag>
<doc>Clears and fills the given ``txt`` into the text field found by ``selector``.</doc>
<msg timestamp="20250124 20:54:17.091" level="INFO">Fills the text 'demo' in the given field.</msg>
<status status="PASS" starttime="20250124 20:54:17.090" endtime="20250124 20:54:17.252"/>
</kw>
<status status="PASS" starttime="20250124 20:54:17.090" endtime="20250124 20:54:17.253"/>
</kw>
<kw name="Input Password" library="resource">
<arg>${password}</arg>
<kw name="Fill Text" library="Browser">
<arg>id=password_field</arg>
<arg>${password}</arg>
<tag>PageContent</tag>
<tag>Setter</tag>
<doc>Clears and fills the given ``txt`` into the text field found by ``selector``.</doc>
<msg timestamp="20250124 20:54:17.254" level="INFO">Fills the text '' in the given field.</msg>
<status status="PASS" starttime="20250124 20:54:17.253" endtime="20250124 20:54:17.341"/>
</kw>
<status status="PASS" starttime="20250124 20:54:17.253" endtime="20250124 20:54:17.342"/>
</kw>
<kw name="Submit Credentials" library="resource">
<kw name="Click" library="Browser">
<arg>id=login_button</arg>
<tag>PageContent</tag>
<tag>Setter</tag>
<doc>Simulates mouse click on the element found by ``selector``.</doc>
<msg timestamp="20250124 20:54:17.343" level="INFO">Clicks the element 'id=login_button'.</msg>
<status status="PASS" starttime="20250124 20:54:17.342" endtime="20250124 20:54:17.393"/>
</kw>
<status status="PASS" starttime="20250124 20:54:17.342" endtime="20250124 20:54:17.393"/>
</kw>
<kw name="Login Should Have Failed">
<kw name="Get Url" library="Browser">
<arg>*=</arg>
<arg>${ERROR URL}</arg>
<tag>Assertion</tag>
<tag>Getter</tag>
<tag>PageContent</tag>
<doc>Returns the current URL.</doc>
<status status="PASS" starttime="20250124 20:54:17.395" endtime="20250124 20:54:17.401"/>
</kw>
<kw name="Get Title" library="Browser">
<arg>equals</arg>
<arg>Error Page</arg>
<tag>Assertion</tag>
<tag>Getter</tag>
<tag>PageContent</tag>
<doc>Returns the title of the current page.</doc>
<msg timestamp="20250124 20:54:17.407" level="INFO">Title: 'Error Page'</msg>
<status status="PASS" starttime="20250124 20:54:17.401" endtime="20250124 20:54:17.407"/>
</kw>
<status status="PASS" starttime="20250124 20:54:17.394" endtime="20250124 20:54:17.408"/>
</kw>
<status status="PASS" starttime="20250124 20:54:17.084" endtime="20250124 20:54:17.408"/>
</kw>
<status status="PASS" starttime="20250124 20:54:16.949" endtime="20250124 20:54:17.408"/>
</test>
<test id="s1-s1-t6" name="Empty Username And Password" line="22">
<kw name="Go To Login Page" library="resource" type="SETUP">
<kw name="New Page" library="Browser">
<arg>${LOGIN URL}</arg>
<tag>BrowserControl</tag>
<tag>Setter</tag>
<doc>Open a new Page.</doc>
<msg timestamp="20250124 20:54:17.646" level="INFO">Successfully initialized new page object and opened url: http://localhost:7272/</msg>
<status status="PASS" starttime="20250124 20:54:17.511" endtime="20250124 20:54:17.647"/>
</kw>
<status status="PASS" starttime="20250124 20:54:17.506" endtime="20250124 20:54:17.647"/>
</kw>
<kw name="Login With Invalid Credentials Should Fail">
<arg>${EMPTY}</arg>
<arg>${EMPTY}</arg>
<kw name="Input Username" library="resource">
<arg>${username}</arg>
<kw name="Fill Text" library="Browser">
<arg>id=username_field</arg>
<arg>${username}</arg>
<tag>PageContent</tag>
<tag>Setter</tag>
<doc>Clears and fills the given ``txt`` into the text field found by ``selector``.</doc>
<msg timestamp="20250124 20:54:17.651" level="INFO">Fills the text '' in the given field.</msg>
<status status="PASS" starttime="20250124 20:54:17.650" endtime="20250124 20:54:17.735"/>
</kw>
<status status="PASS" starttime="20250124 20:54:17.649" endtime="20250124 20:54:17.735"/>
</kw>
<kw name="Input Password" library="resource">
<arg>${password}</arg>
<kw name="Fill Text" library="Browser">
<arg>id=password_field</arg>
<arg>${password}</arg>
<tag>PageContent</tag>
<tag>Setter</tag>
<doc>Clears and fills the given ``txt`` into the text field found by ``selector``.</doc>
<msg timestamp="20250124 20:54:17.737" level="INFO">Fills the text '' in the given field.</msg>
<status status="PASS" starttime="20250124 20:54:17.736" endtime="20250124 20:54:17.776"/>
</kw>
<status status="PASS" starttime="20250124 20:54:17.736" endtime="20250124 20:54:17.776"/>
</kw>
<kw name="Submit Credentials" library="resource">
<kw name="Click" library="Browser">
<arg>id=login_button</arg>
<tag>PageContent</tag>
<tag>Setter</tag>
<doc>Simulates mouse click on the element found by ``selector``.</doc>
<msg timestamp="20250124 20:54:17.777" level="INFO">Clicks the element 'id=login_button'.</msg>
<status status="PASS" starttime="20250124 20:54:17.777" endtime="20250124 20:54:17.845"/>
</kw>
<status status="PASS" starttime="20250124 20:54:17.776" endtime="20250124 20:54:17.847"/>
</kw>
<kw name="Login Should Have Failed">
<kw name="Get Url" library="Browser">
<arg>*=</arg>
<arg>${ERROR URL}</arg>
<tag>Assertion</tag>
<tag>Getter</tag>
<tag>PageContent</tag>
<doc>Returns the current URL.</doc>
<status status="PASS" starttime="20250124 20:54:17.848" endtime="20250124 20:54:17.854"/>
</kw>
<kw name="Get Title" library="Browser">
<arg>equals</arg>
<arg>Error Page</arg>
<tag>Assertion</tag>
<tag>Getter</tag>
<tag>PageContent</tag>
<doc>Returns the title of the current page.</doc>
<msg timestamp="20250124 20:54:17.861" level="INFO">Title: 'Error Page'</msg>
<status status="PASS" starttime="20250124 20:54:17.854" endtime="20250124 20:54:17.861"/>
</kw>
<status status="PASS" starttime="20250124 20:54:17.847" endtime="20250124 20:54:17.862"/>
</kw>
<status status="PASS" starttime="20250124 20:54:17.647" endtime="20250124 20:54:17.862"/>
</kw>
<status status="PASS" starttime="20250124 20:54:17.492" endtime="20250124 20:54:17.862"/>
</test>
<kw name="Close Browser" library="Browser" type="TEARDOWN">
<tag>BrowserControl</tag>
<tag>Setter</tag>
<doc>Closes the current browser.</doc>
<msg timestamp="20250124 20:54:18.457" level="INFO">Closed browser</msg>
<status status="PASS" starttime="20250124 20:54:17.940" endtime="20250124 20:54:18.458"/>
</kw>
<doc>A test suite containing tests related to invalid login.

These tests are data-driven by their nature. They use a single
keyword, specified with Test Template setting, that is called
with different arguments to cover different scenarios.

This suite also demonstrates using setups and teardowns in
different levels.</doc>
<status status="PASS" starttime="20250124 20:54:06.467" endtime="20250124 20:54:18.458"/>
</suite>
<suite id="s1-s2" name="Valid Login" source="/Users/lennart/Documents/Development/Studium/2022_Master-Thesis/robotframework-perfbot/example/tests/valid_login.robot">
<test id="s1-s2-t1" name="Valid Login" line="10">
<kw name="Open Browser To Login Page" library="resource">
<kw name="New Browser" library="Browser">
<arg>browser=${BROWSER}</arg>
<arg>headless=${HEADLESS}</arg>
<tag>BrowserControl</tag>
<tag>Setter</tag>
<doc>Create a new playwright Browser with specified options.</doc>
<msg timestamp="20250124 20:54:18.566" level="INFO">{"browser": "chromium", "headless": false, "chromiumSandbox": false, "devtools": false, "handleSIGHUP": true, "handleSIGINT": true, "handleSIGTERM": true, "slowMo": 0.0, "timeout": 30000.0, "tracesDir": "/Users/lennart/Documents/Development/Studium/2022_Master-Thesis/robotframework-perfbot/example/browser/traces/temp/44fc1cf5-cb13-4d2a-9216-ee3908dfe3f0"}</msg>
<msg timestamp="20250124 20:54:19.126" level="INFO">Successfully created browser with options: {"browser":"chromium","headless":false,"chromiumSandbox":false,"devtools":false,"handleSIGHUP":true,"handleSIGINT":true,"handleSIGTERM":true,"slowMo":0,"timeout":30000,"tracesDir":"/Users/lennart/Documents/Development/Studium/2022_Master-Thesis/robotframework-perfbot/example/browser/traces/temp/44fc1cf5-cb13-4d2a-9216-ee3908dfe3f0"}</msg>
<status status="PASS" starttime="20250124 20:54:18.562" endtime="20250124 20:54:19.133"/>
</kw>
<kw name="New Page" library="Browser">
<arg>${LOGIN URL}</arg>
<tag>BrowserControl</tag>
<tag>Setter</tag>
<doc>Open a new Page.</doc>
<msg timestamp="20250124 20:54:19.969" level="INFO">Successfully initialized new page object and opened url: http://localhost:7272/</msg>
<msg timestamp="20250124 20:54:19.969" level="INFO">No context was open. New context was automatically opened when this page is created.</msg>
<status status="PASS" starttime="20250124 20:54:19.134" endtime="20250124 20:54:19.970"/>
</kw>
<status status="PASS" starttime="20250124 20:54:18.560" endtime="20250124 20:54:19.970"/>
</kw>
<kw name="Login Page Should Be Open" library="resource">
<kw name="Get Title" library="Browser">
<arg>equals</arg>
<arg>Login Page</arg>
<tag>Assertion</tag>
<tag>Getter</tag>
<tag>PageContent</tag>
<doc>Returns the title of the current page.</doc>
<msg timestamp="20250124 20:54:19.993" level="INFO">Title: 'Login Page'</msg>
<status status="PASS" starttime="20250124 20:54:19.971" endtime="20250124 20:54:19.994"/>
</kw>
<status status="PASS" starttime="20250124 20:54:19.970" endtime="20250124 20:54:19.995"/>
</kw>
<kw name="Input Username" library="resource">
<arg>demo</arg>
<kw name="Fill Text" library="Browser">
<arg>id=username_field</arg>
<arg>${username}</arg>
<tag>PageContent</tag>
<tag>Setter</tag>
<doc>Clears and fills the given ``txt`` into the text field found by ``selector``.</doc>
<msg timestamp="20250124 20:54:19.996" level="INFO">Fills the text 'demo' in the given field.</msg>
<status status="PASS" starttime="20250124 20:54:19.996" endtime="20250124 20:54:20.071"/>
</kw>
<status status="PASS" starttime="20250124 20:54:19.995" endtime="20250124 20:54:20.072"/>
</kw>
<kw name="Input Password" library="resource">
<arg>mode</arg>
<kw name="Fill Text" library="Browser">
<arg>id=password_field</arg>
<arg>${password}</arg>
<tag>PageContent</tag>
<tag>Setter</tag>
<doc>Clears and fills the given ``txt`` into the text field found by ``selector``.</doc>
<msg timestamp="20250124 20:54:20.076" level="INFO">Fills the text 'mode' in the given field.</msg>
<status status="PASS" starttime="20250124 20:54:20.076" endtime="20250124 20:54:20.115"/>
</kw>
<status status="PASS" starttime="20250124 20:54:20.072" endtime="20250124 20:54:20.116"/>
</kw>
<kw name="Submit Credentials" library="resource">
<kw name="Click" library="Browser">
<arg>id=login_button</arg>
<tag>PageContent</tag>
<tag>Setter</tag>
<doc>Simulates mouse click on the element found by ``selector``.</doc>
<msg timestamp="20250124 20:54:20.117" level="INFO">Clicks the element 'id=login_button'.</msg>
<status status="PASS" starttime="20250124 20:54:20.117" endtime="20250124 20:54:20.210"/>
</kw>
<status status="PASS" starttime="20250124 20:54:20.116" endtime="20250124 20:54:20.211"/>
</kw>
<kw name="Welcome Page Should Be Open" library="resource">
<kw name="Get Url" library="Browser">
<arg>*=</arg>
<arg>${WELCOME URL}</arg>
<tag>Assertion</tag>
<tag>Getter</tag>
<tag>PageContent</tag>
<doc>Returns the current URL.</doc>
<status status="PASS" starttime="20250124 20:54:20.213" endtime="20250124 20:54:20.229"/>
</kw>
<kw name="Get Title" library="Browser">
<arg>equals</arg>
<arg>Welcome Page</arg>
<tag>Assertion</tag>
<tag>Getter</tag>
<tag>PageContent</tag>
<doc>Returns the title of the current page.</doc>
<msg timestamp="20250124 20:54:20.245" level="INFO">Title: 'Welcome Page'</msg>
<status status="PASS" starttime="20250124 20:54:20.230" endtime="20250124 20:54:20.245"/>
</kw>
<status status="PASS" starttime="20250124 20:54:20.212" endtime="20250124 20:54:20.245"/>
</kw>
<kw name="Close Browser" library="Browser" type="TEARDOWN">
<tag>BrowserControl</tag>
<tag>Setter</tag>
<doc>Closes the current browser.</doc>
<msg timestamp="20250124 20:54:20.602" level="INFO">Closed browser</msg>
<status status="PASS" starttime="20250124 20:54:20.246" endtime="20250124 20:54:20.602"/>
</kw>
<status status="PASS" starttime="20250124 20:54:18.557" endtime="20250124 20:54:20.603"/>
</test>
<doc>A test suite with a single test for valid login.

This test has a workflow that is created using keywords in
the imported resource file.</doc>
<status status="PASS" starttime="20250124 20:54:18.471" endtime="20250124 20:54:20.627"/>
</suite>
<status status="PASS" starttime="20250124 20:54:06.444" endtime="20250124 20:54:20.643"/>
</suite>
<statistics>
<total>
<stat pass="7" fail="0" skip="0">All Tests</stat>
</total>
<tag>
</tag>
<suite>
<stat pass="7" fail="0" skip="0" id="s1" name="Tests">Tests</stat>
<stat pass="6" fail="0" skip="0" id="s1-s1" name="Invalid Login">Tests.Invalid Login</stat>
<stat pass="1" fail="0" skip="0" id="s1-s2" name="Valid Login">Tests.Valid Login</stat>
</suite>
</statistics>
<errors>
</errors>
</robot>
