<?xml version="1.0" encoding="UTF-8"?>
<robot generator="Robot 6.0.2 (Python 3.11.9 on darwin)" generated="20250124 18:20:20.488" rpa="false" schemaversion="3">
<suite id="s1" name="Tests" source="/Users/lennart/Documents/Development/Studium/Robocon/robotframework-perfbot/example/tests">
<suite id="s1-s1" name="Invalid Login" source="/Users/lennart/Documents/Development/Studium/Robocon/robotframework-perfbot/example/tests/invalid_login.robot">
<kw name="Open Browser To Login Page" library="resource" type="SETUP">
<kw name="New Browser" library="Browser">
<arg>browser=${BROWSER}</arg>
<arg>headless=${HEADLESS}</arg>
<tag>BrowserControl</tag>
<tag>Setter</tag>
<doc>Create a new playwright Browser with specified options.</doc>
<msg timestamp="20250124 18:20:21.015" level="INFO">{"browser": "chromium", "headless": false, "chromiumSandbox": false, "devtools": false, "handleSIGHUP": true, "handleSIGINT": true, "handleSIGTERM": true, "slowMo": 0.0, "timeout": 30000.0, "tracesDir": "/Users/lennart/Documents/Development/Studium/Robocon/robotframework-perfbot/example/browser/traces/temp/415eef98-29ab-499b-b1a1-6c1fed073f66"}</msg>
<msg timestamp="20250124 18:20:21.475" level="INFO">Starting Browser process /usr/local/lib/python3.11/site-packages/Browser/wrapper/index.js using port 52795</msg>
<msg timestamp="20250124 18:20:21.475" level="INFO">Node startup parameters: ['node', '/usr/local/lib/python3.11/site-packages/Browser/wrapper/index.js', '52795']</msg>
<msg timestamp="20250124 18:20:26.356" level="INFO">Successfully created browser with options: {"browser":"chromium","headless":false,"chromiumSandbox":false,"devtools":false,"handleSIGHUP":true,"handleSIGINT":true,"handleSIGTERM":true,"slowMo":0,"timeout":30000,"tracesDir":"/Users/lennart/Documents/Development/Studium/Robocon/robotframework-perfbot/example/browser/traces/temp/415eef98-29ab-499b-b1a1-6c1fed073f66"}</msg>
<status status="PASS" starttime="20250124 18:20:21.014" endtime="20250124 18:20:26.356"/>
</kw>
<kw name="New Page" library="Browser">
<arg>${LOGIN URL}</arg>
<tag>BrowserControl</tag>
<tag>Setter</tag>
<doc>Open a new Page.</doc>
<msg timestamp="20250124 18:20:27.687" level="INFO">Successfully initialized new page object and opened url: http://localhost:7272/</msg>
<msg timestamp="20250124 18:20:27.687" level="INFO">No context was open. New context was automatically opened when this page is created.</msg>
<status status="PASS" starttime="20250124 18:20:26.357" endtime="20250124 18:20:27.688"/>
</kw>
<status status="PASS" starttime="20250124 18:20:21.013" endtime="20250124 18:20:27.689"/>
</kw>
<test id="s1-s1-t1" name="Invalid Username" line="17">
<kw name="Go To Login Page" library="resource" type="SETUP">
<kw name="New Page" library="Browser">
<arg>${LOGIN URL}</arg>
<tag>BrowserControl</tag>
<tag>Setter</tag>
<doc>Open a new Page.</doc>
<msg timestamp="20250124 18:20:27.911" level="INFO">Successfully initialized new page object and opened url: http://localhost:7272/</msg>
<status status="PASS" starttime="20250124 18:20:27.739" endtime="20250124 18:20:27.911"/>
</kw>
<status status="PASS" starttime="20250124 18:20:27.738" endtime="20250124 18:20:27.912"/>
</kw>
<kw name="Login With Invalid Credentials Should Fail">
<arg>invalid</arg>
<arg>${VALID PASSWORD}</arg>
<kw name="Input Username" library="resource">
<arg>${username}</arg>
<kw name="Fill Text" library="Browser">
<arg>id=username_field</arg>
<arg>${username}</arg>
<tag>PageContent</tag>
<tag>Setter</tag>
<doc>Clears and fills the given ``txt`` into the text field found by ``selector``.</doc>
<msg timestamp="20250124 18:20:27.916" level="INFO">Fills the text 'invalid' in the given field.</msg>
<status status="PASS" starttime="20250124 18:20:27.914" endtime="20250124 18:20:28.090"/>
</kw>
<status status="PASS" starttime="20250124 18:20:27.913" endtime="20250124 18:20:28.091"/>
</kw>
<kw name="Input Password" library="resource">
<arg>${password}</arg>
<kw name="Fill Text" library="Browser">
<arg>id=password_field</arg>
<arg>${password}</arg>
<tag>PageContent</tag>
<tag>Setter</tag>
<doc>Clears and fills the given ``txt`` into the text field found by ``selector``.</doc>
<msg timestamp="20250124 18:20:28.093" level="INFO">Fills the text 'mode' in the given field.</msg>
<status status="PASS" starttime="20250124 18:20:28.092" endtime="20250124 18:20:28.142"/>
</kw>
<status status="PASS" starttime="20250124 18:20:28.091" endtime="20250124 18:20:28.144"/>
</kw>
<kw name="Submit Credentials" library="resource">
<kw name="Click" library="Browser">
<arg>id=login_button</arg>
<tag>PageContent</tag>
<tag>Setter</tag>
<doc>Simulates mouse click on the element found by ``selector``.</doc>
<msg timestamp="20250124 18:20:28.146" level="INFO">Clicks the element 'id=login_button'.</msg>
<status status="PASS" starttime="20250124 18:20:28.145" endtime="20250124 18:20:28.255"/>
</kw>
<status status="PASS" starttime="20250124 18:20:28.144" endtime="20250124 18:20:28.256"/>
</kw>
<kw name="Login Should Have Failed">
<kw name="Get Url" library="Browser">
<arg>*=</arg>
<arg>${ERROR URL}</arg>
<tag>Assertion</tag>
<tag>Getter</tag>
<tag>PageContent</tag>
<doc>Returns the current URL.</doc>
<status status="PASS" starttime="20250124 18:20:28.257" endtime="20250124 18:20:28.267"/>
</kw>
<kw name="Get Title" library="Browser">
<arg>equals</arg>
<arg>Error Page</arg>
<tag>Assertion</tag>
<tag>Getter</tag>
<tag>PageContent</tag>
<doc>Returns the title of the current page.</doc>
<msg timestamp="20250124 18:20:28.277" level="INFO">Title: 'Error Page'</msg>
<status status="PASS" starttime="20250124 18:20:28.267" endtime="20250124 18:20:28.278"/>
</kw>
<status status="PASS" starttime="20250124 18:20:28.256" endtime="20250124 18:20:28.278"/>
</kw>
<status status="PASS" starttime="20250124 18:20:27.912" endtime="20250124 18:20:28.278"/>
</kw>
<status status="PASS" starttime="20250124 18:20:27.689" endtime="20250124 18:20:28.278"/>
</test>
<test id="s1-s1-t2" name="Invalid Password" line="18">
<kw name="Go To Login Page" library="resource" type="SETUP">
<kw name="New Page" library="Browser">
<arg>${LOGIN URL}</arg>
<tag>BrowserControl</tag>
<tag>Setter</tag>
<doc>Open a new Page.</doc>
<msg timestamp="20250124 18:20:28.630" level="INFO">Successfully initialized new page object and opened url: http://localhost:7272/</msg>
<status status="PASS" starttime="20250124 18:20:28.434" endtime="20250124 18:20:28.631"/>
</kw>
<status status="PASS" starttime="20250124 18:20:28.433" endtime="20250124 18:20:28.632"/>
</kw>
<kw name="Login With Invalid Credentials Should Fail">
<arg>${VALID USER}</arg>
<arg>invalid</arg>
<kw name="Input Username" library="resource">
<arg>${username}</arg>
<kw name="Fill Text" library="Browser">
<arg>id=username_field</arg>
<arg>${username}</arg>
<tag>PageContent</tag>
<tag>Setter</tag>
<doc>Clears and fills the given ``txt`` into the text field found by ``selector``.</doc>
<msg timestamp="20250124 18:20:28.635" level="INFO">Fills the text 'demo' in the given field.</msg>
<status status="PASS" starttime="20250124 18:20:28.635" endtime="20250124 18:20:28.722"/>
</kw>
<status status="PASS" starttime="20250124 18:20:28.634" endtime="20250124 18:20:28.723"/>
</kw>
<kw name="Input Password" library="resource">
<arg>${password}</arg>
<kw name="Fill Text" library="Browser">
<arg>id=password_field</arg>
<arg>${password}</arg>
<tag>PageContent</tag>
<tag>Setter</tag>
<doc>Clears and fills the given ``txt`` into the text field found by ``selector``.</doc>
<msg timestamp="20250124 18:20:28.727" level="INFO">Fills the text 'invalid' in the given field.</msg>
<status status="PASS" starttime="20250124 18:20:28.724" endtime="20250124 18:20:28.770"/>
</kw>
<status status="PASS" starttime="20250124 18:20:28.723" endtime="20250124 18:20:28.771"/>
</kw>
<kw name="Submit Credentials" library="resource">
<kw name="Click" library="Browser">
<arg>id=login_button</arg>
<tag>PageContent</tag>
<tag>Setter</tag>
<doc>Simulates mouse click on the element found by ``selector``.</doc>
<msg timestamp="20250124 18:20:28.772" level="INFO">Clicks the element 'id=login_button'.</msg>
<status status="PASS" starttime="20250124 18:20:28.772" endtime="20250124 18:20:28.863"/>
</kw>
<status status="PASS" starttime="20250124 18:20:28.771" endtime="20250124 18:20:28.864"/>
</kw>
<kw name="Login Should Have Failed">
<kw name="Get Url" library="Browser">
<arg>*=</arg>
<arg>${ERROR URL}</arg>
<tag>Assertion</tag>
<tag>Getter</tag>
<tag>PageContent</tag>
<doc>Returns the current URL.</doc>
<status status="PASS" starttime="20250124 18:20:28.865" endtime="20250124 18:20:28.869"/>
</kw>
<kw name="Get Title" library="Browser">
<arg>equals</arg>
<arg>Error Page</arg>
<tag>Assertion</tag>
<tag>Getter</tag>
<tag>PageContent</tag>
<doc>Returns the title of the current page.</doc>
<msg timestamp="20250124 18:20:28.877" level="INFO">Title: 'Error Page'</msg>
<status status="PASS" starttime="20250124 18:20:28.869" endtime="20250124 18:20:28.877"/>
</kw>
<status status="PASS" starttime="20250124 18:20:28.864" endtime="20250124 18:20:28.877"/>
</kw>
<status status="PASS" starttime="20250124 18:20:28.632" endtime="20250124 18:20:28.878"/>
</kw>
<status status="PASS" starttime="20250124 18:20:28.406" endtime="20250124 18:20:28.878"/>
</test>
<test id="s1-s1-t3" name="Invalid Username And Password" line="19">
<kw name="Go To Login Page" library="resource" type="SETUP">
<kw name="New Page" library="Browser">
<arg>${LOGIN URL}</arg>
<tag>BrowserControl</tag>
<tag>Setter</tag>
<doc>Open a new Page.</doc>
<msg timestamp="20250124 18:20:29.130" level="INFO">Successfully initialized new page object and opened url: http://localhost:7272/</msg>
<status status="PASS" starttime="20250124 18:20:28.981" endtime="20250124 18:20:29.130"/>
</kw>
<status status="PASS" starttime="20250124 18:20:28.980" endtime="20250124 18:20:29.131"/>
</kw>
<kw name="Login With Invalid Credentials Should Fail">
<arg>invalid</arg>
<arg>whatever</arg>
<kw name="Input Username" library="resource">
<arg>${username}</arg>
<kw name="Fill Text" library="Browser">
<arg>id=username_field</arg>
<arg>${username}</arg>
<tag>PageContent</tag>
<tag>Setter</tag>
<doc>Clears and fills the given ``txt`` into the text field found by ``selector``.</doc>
<msg timestamp="20250124 18:20:29.160" level="INFO">Fills the text 'invalid' in the given field.</msg>
<status status="PASS" starttime="20250124 18:20:29.159" endtime="20250124 18:20:29.235"/>
</kw>
<status status="PASS" starttime="20250124 18:20:29.132" endtime="20250124 18:20:29.235"/>
</kw>
<kw name="Input Password" library="resource">
<arg>${password}</arg>
<kw name="Fill Text" library="Browser">
<arg>id=password_field</arg>
<arg>${password}</arg>
<tag>PageContent</tag>
<tag>Setter</tag>
<doc>Clears and fills the given ``txt`` into the text field found by ``selector``.</doc>
<msg timestamp="20250124 18:20:29.238" level="INFO">Fills the text 'whatever' in the given field.</msg>
<status status="PASS" starttime="20250124 18:20:29.237" endtime="20250124 18:20:29.271"/>
</kw>
<status status="PASS" starttime="20250124 18:20:29.236" endtime="20250124 18:20:29.272"/>
</kw>
<kw name="Submit Credentials" library="resource">
<kw name="Click" library="Browser">
<arg>id=login_button</arg>
<tag>PageContent</tag>
<tag>Setter</tag>
<doc>Simulates mouse click on the element found by ``selector``.</doc>
<msg timestamp="20250124 18:20:29.273" level="INFO">Clicks the element 'id=login_button'.</msg>
<status status="PASS" starttime="20250124 18:20:29.272" endtime="20250124 18:20:29.361"/>
</kw>
<status status="PASS" starttime="20250124 18:20:29.272" endtime="20250124 18:20:29.362"/>
</kw>
<kw name="Login Should Have Failed">
<kw name="Get Url" library="Browser">
<arg>*=</arg>
<arg>${ERROR URL}</arg>
<tag>Assertion</tag>
<tag>Getter</tag>
<tag>PageContent</tag>
<doc>Returns the current URL.</doc>
<status status="PASS" starttime="20250124 18:20:29.362" endtime="20250124 18:20:29.365"/>
</kw>
<kw name="Get Title" library="Browser">
<arg>equals</arg>
<arg>Error Page</arg>
<tag>Assertion</tag>
<tag>Getter</tag>
<tag>PageContent</tag>
<doc>Returns the title of the current page.</doc>
<msg timestamp="20250124 18:20:29.373" level="INFO">Title: 'Error Page'</msg>
<status status="PASS" starttime="20250124 18:20:29.366" endtime="20250124 18:20:29.373"/>
</kw>
<status status="PASS" starttime="20250124 18:20:29.362" endtime="20250124 18:20:29.374"/>
</kw>
<status status="PASS" starttime="20250124 18:20:29.131" endtime="20250124 18:20:29.374"/>
</kw>
<status status="PASS" starttime="20250124 18:20:28.961" endtime="20250124 18:20:29.374"/>
</test>
<test id="s1-s1-t4" name="Empty Username" line="20">
<kw name="Go To Login Page" library="resource" type="SETUP">
<kw name="New Page" library="Browser">
<arg>${LOGIN URL}</arg>
<tag>BrowserControl</tag>
<tag>Setter</tag>
<doc>Open a new Page.</doc>
<msg timestamp="20250124 18:20:29.604" level="INFO">Successfully initialized new page object and opened url: http://localhost:7272/</msg>
<status status="PASS" starttime="20250124 18:20:29.471" endtime="20250124 18:20:29.605"/>
</kw>
<status status="PASS" starttime="20250124 18:20:29.470" endtime="20250124 18:20:29.605"/>
</kw>
<kw name="Login With Invalid Credentials Should Fail">
<arg>${EMPTY}</arg>
<arg>${VALID PASSWORD}</arg>
<kw name="Input Username" library="resource">
<arg>${username}</arg>
<kw name="Fill Text" library="Browser">
<arg>id=username_field</arg>
<arg>${username}</arg>
<tag>PageContent</tag>
<tag>Setter</tag>
<doc>Clears and fills the given ``txt`` into the text field found by ``selector``.</doc>
<msg timestamp="20250124 18:20:29.611" level="INFO">Fills the text '' in the given field.</msg>
<status status="PASS" starttime="20250124 18:20:29.611" endtime="20250124 18:20:29.746"/>
</kw>
<status status="PASS" starttime="20250124 18:20:29.608" endtime="20250124 18:20:29.746"/>
</kw>
<kw name="Input Password" library="resource">
<arg>${password}</arg>
<kw name="Fill Text" library="Browser">
<arg>id=password_field</arg>
<arg>${password}</arg>
<tag>PageContent</tag>
<tag>Setter</tag>
<doc>Clears and fills the given ``txt`` into the text field found by ``selector``.</doc>
<msg timestamp="20250124 18:20:29.748" level="INFO">Fills the text 'mode' in the given field.</msg>
<status status="PASS" starttime="20250124 18:20:29.747" endtime="20250124 18:20:29.784"/>
</kw>
<status status="PASS" starttime="20250124 18:20:29.746" endtime="20250124 18:20:29.784"/>
</kw>
<kw name="Submit Credentials" library="resource">
<kw name="Click" library="Browser">
<arg>id=login_button</arg>
<tag>PageContent</tag>
<tag>Setter</tag>
<doc>Simulates mouse click on the element found by ``selector``.</doc>
<msg timestamp="20250124 18:20:29.786" level="INFO">Clicks the element 'id=login_button'.</msg>
<status status="PASS" starttime="20250124 18:20:29.785" endtime="20250124 18:20:29.860"/>
</kw>
<status status="PASS" starttime="20250124 18:20:29.785" endtime="20250124 18:20:29.861"/>
</kw>
<kw name="Login Should Have Failed">
<kw name="Get Url" library="Browser">
<arg>*=</arg>
<arg>${ERROR URL}</arg>
<tag>Assertion</tag>
<tag>Getter</tag>
<tag>PageContent</tag>
<doc>Returns the current URL.</doc>
<status status="PASS" starttime="20250124 18:20:29.863" endtime="20250124 18:20:29.866"/>
</kw>
<kw name="Get Title" library="Browser">
<arg>equals</arg>
<arg>Error Page</arg>
<tag>Assertion</tag>
<tag>Getter</tag>
<tag>PageContent</tag>
<doc>Returns the title of the current page.</doc>
<msg timestamp="20250124 18:20:29.874" level="INFO">Title: 'Error Page'</msg>
<status status="PASS" starttime="20250124 18:20:29.866" endtime="20250124 18:20:29.874"/>
</kw>
<status status="PASS" starttime="20250124 18:20:29.861" endtime="20250124 18:20:29.875"/>
</kw>
<status status="PASS" starttime="20250124 18:20:29.606" endtime="20250124 18:20:29.875"/>
</kw>
<status status="PASS" starttime="20250124 18:20:29.449" endtime="20250124 18:20:29.875"/>
</test>
<test id="s1-s1-t5" name="Empty Password" line="21">
<kw name="Go To Login Page" library="resource" type="SETUP">
<kw name="New Page" library="Browser">
<arg>${LOGIN URL}</arg>
<tag>BrowserControl</tag>
<tag>Setter</tag>
<doc>Open a new Page.</doc>
<msg timestamp="20250124 18:20:30.096" level="INFO">Successfully initialized new page object and opened url: http://localhost:7272/</msg>
<status status="PASS" starttime="20250124 18:20:29.972" endtime="20250124 18:20:30.096"/>
</kw>
<status status="PASS" starttime="20250124 18:20:29.971" endtime="20250124 18:20:30.097"/>
</kw>
<kw name="Login With Invalid Credentials Should Fail">
<arg>${VALID USER}</arg>
<arg>${EMPTY}</arg>
<kw name="Input Username" library="resource">
<arg>${username}</arg>
<kw name="Fill Text" library="Browser">
<arg>id=username_field</arg>
<arg>${username}</arg>
<tag>PageContent</tag>
<tag>Setter</tag>
<doc>Clears and fills the given ``txt`` into the text field found by ``selector``.</doc>
<msg timestamp="20250124 18:20:30.120" level="INFO">Fills the text 'demo' in the given field.</msg>
<status status="PASS" starttime="20250124 18:20:30.120" endtime="20250124 18:20:30.203"/>
</kw>
<status status="PASS" starttime="20250124 18:20:30.099" endtime="20250124 18:20:30.203"/>
</kw>
<kw name="Input Password" library="resource">
<arg>${password}</arg>
<kw name="Fill Text" library="Browser">
<arg>id=password_field</arg>
<arg>${password}</arg>
<tag>PageContent</tag>
<tag>Setter</tag>
<doc>Clears and fills the given ``txt`` into the text field found by ``selector``.</doc>
<msg timestamp="20250124 18:20:30.205" level="INFO">Fills the text '' in the given field.</msg>
<status status="PASS" starttime="20250124 18:20:30.205" endtime="20250124 18:20:30.247"/>
</kw>
<status status="PASS" starttime="20250124 18:20:30.204" endtime="20250124 18:20:30.248"/>
</kw>
<kw name="Submit Credentials" library="resource">
<kw name="Click" library="Browser">
<arg>id=login_button</arg>
<tag>PageContent</tag>
<tag>Setter</tag>
<doc>Simulates mouse click on the element found by ``selector``.</doc>
<msg timestamp="20250124 18:20:30.249" level="INFO">Clicks the element 'id=login_button'.</msg>
<status status="PASS" starttime="20250124 18:20:30.249" endtime="20250124 18:20:30.323"/>
</kw>
<status status="PASS" starttime="20250124 18:20:30.248" endtime="20250124 18:20:30.323"/>
</kw>
<kw name="Login Should Have Failed">
<kw name="Get Url" library="Browser">
<arg>*=</arg>
<arg>${ERROR URL}</arg>
<tag>Assertion</tag>
<tag>Getter</tag>
<tag>PageContent</tag>
<doc>Returns the current URL.</doc>
<status status="PASS" starttime="20250124 18:20:30.324" endtime="20250124 18:20:30.330"/>
</kw>
<kw name="Get Title" library="Browser">
<arg>equals</arg>
<arg>Error Page</arg>
<tag>Assertion</tag>
<tag>Getter</tag>
<tag>PageContent</tag>
<doc>Returns the title of the current page.</doc>
<msg timestamp="20250124 18:20:30.346" level="INFO">Title: 'Error Page'</msg>
<status status="PASS" starttime="20250124 18:20:30.331" endtime="20250124 18:20:30.347"/>
</kw>
<status status="PASS" starttime="20250124 18:20:30.323" endtime="20250124 18:20:30.347"/>
</kw>
<status status="PASS" starttime="20250124 18:20:30.098" endtime="20250124 18:20:30.347"/>
</kw>
<status status="PASS" starttime="20250124 18:20:29.950" endtime="20250124 18:20:30.348"/>
</test>
<test id="s1-s1-t6" name="Empty Username And Password" line="22">
<kw name="Go To Login Page" library="resource" type="SETUP">
<kw name="New Page" library="Browser">
<arg>${LOGIN URL}</arg>
<tag>BrowserControl</tag>
<tag>Setter</tag>
<doc>Open a new Page.</doc>
<msg timestamp="20250124 18:20:30.598" level="INFO">Successfully initialized new page object and opened url: http://localhost:7272/</msg>
<status status="PASS" starttime="20250124 18:20:30.459" endtime="20250124 18:20:30.598"/>
</kw>
<status status="PASS" starttime="20250124 18:20:30.459" endtime="20250124 18:20:30.599"/>
</kw>
<kw name="Login With Invalid Credentials Should Fail">
<arg>${EMPTY}</arg>
<arg>${EMPTY}</arg>
<kw name="Input Username" library="resource">
<arg>${username}</arg>
<kw name="Fill Text" library="Browser">
<arg>id=username_field</arg>
<arg>${username}</arg>
<tag>PageContent</tag>
<tag>Setter</tag>
<doc>Clears and fills the given ``txt`` into the text field found by ``selector``.</doc>
<msg timestamp="20250124 18:20:30.603" level="INFO">Fills the text '' in the given field.</msg>
<status status="PASS" starttime="20250124 18:20:30.602" endtime="20250124 18:20:30.710"/>
</kw>
<status status="PASS" starttime="20250124 18:20:30.601" endtime="20250124 18:20:30.712"/>
</kw>
<kw name="Input Password" library="resource">
<arg>${password}</arg>
<kw name="Fill Text" library="Browser">
<arg>id=password_field</arg>
<arg>${password}</arg>
<tag>PageContent</tag>
<tag>Setter</tag>
<doc>Clears and fills the given ``txt`` into the text field found by ``selector``.</doc>
<msg timestamp="20250124 18:20:30.727" level="INFO">Fills the text '' in the given field.</msg>
<status status="PASS" starttime="20250124 18:20:30.725" endtime="20250124 18:20:30.788"/>
</kw>
<status status="PASS" starttime="20250124 18:20:30.723" endtime="20250124 18:20:30.788"/>
</kw>
<kw name="Submit Credentials" library="resource">
<kw name="Click" library="Browser">
<arg>id=login_button</arg>
<tag>PageContent</tag>
<tag>Setter</tag>
<doc>Simulates mouse click on the element found by ``selector``.</doc>
<msg timestamp="20250124 18:20:30.790" level="INFO">Clicks the element 'id=login_button'.</msg>
<status status="PASS" starttime="20250124 18:20:30.790" endtime="20250124 18:20:30.869"/>
</kw>
<status status="PASS" starttime="20250124 18:20:30.789" endtime="20250124 18:20:30.869"/>
</kw>
<kw name="Login Should Have Failed">
<kw name="Get Url" library="Browser">
<arg>*=</arg>
<arg>${ERROR URL}</arg>
<tag>Assertion</tag>
<tag>Getter</tag>
<tag>PageContent</tag>
<doc>Returns the current URL.</doc>
<status status="PASS" starttime="20250124 18:20:30.870" endtime="20250124 18:20:30.876"/>
</kw>
<kw name="Get Title" library="Browser">
<arg>equals</arg>
<arg>Error Page</arg>
<tag>Assertion</tag>
<tag>Getter</tag>
<tag>PageContent</tag>
<doc>Returns the title of the current page.</doc>
<msg timestamp="20250124 18:20:30.888" level="INFO">Title: 'Error Page'</msg>
<status status="PASS" starttime="20250124 18:20:30.877" endtime="20250124 18:20:30.888"/>
</kw>
<status status="PASS" starttime="20250124 18:20:30.870" endtime="20250124 18:20:30.889"/>
</kw>
<status status="PASS" starttime="20250124 18:20:30.599" endtime="20250124 18:20:30.889"/>
</kw>
<status status="PASS" starttime="20250124 18:20:30.441" endtime="20250124 18:20:30.889"/>
</test>
<kw name="Close Browser" library="Browser" type="TEARDOWN">
<tag>BrowserControl</tag>
<tag>Setter</tag>
<doc>Closes the current browser.</doc>
<msg timestamp="20250124 18:20:31.295" level="INFO">Closed browser</msg>
<status status="PASS" starttime="20250124 18:20:30.976" endtime="20250124 18:20:31.296"/>
</kw>
<doc>A test suite containing tests related to invalid login.

These tests are data-driven by their nature. They use a single
keyword, specified with Test Template setting, that is called
with different arguments to cover different scenarios.

This suite also demonstrates using setups and teardowns in
different levels.</doc>
<status status="PASS" starttime="20250124 18:20:20.525" endtime="20250124 18:20:31.296"/>
</suite>
<suite id="s1-s2" name="Valid Login" source="/Users/lennart/Documents/Development/Studium/Robocon/robotframework-perfbot/example/tests/valid_login.robot">
<test id="s1-s2-t1" name="Valid Login" line="10">
<kw name="Open Browser To Login Page" library="resource">
<kw name="New Browser" library="Browser">
<arg>browser=${BROWSER}</arg>
<arg>headless=${HEADLESS}</arg>
<tag>BrowserControl</tag>
<tag>Setter</tag>
<doc>Create a new playwright Browser with specified options.</doc>
<msg timestamp="20250124 18:20:31.418" level="INFO">{"browser": "chromium", "headless": false, "chromiumSandbox": false, "devtools": false, "handleSIGHUP": true, "handleSIGINT": true, "handleSIGTERM": true, "slowMo": 0.0, "timeout": 30000.0, "tracesDir": "/Users/lennart/Documents/Development/Studium/Robocon/robotframework-perfbot/example/browser/traces/temp/10c7abd6-e9f4-49c9-a1be-473f54121053"}</msg>
<msg timestamp="20250124 18:20:32.023" level="INFO">Successfully created browser with options: {"browser":"chromium","headless":false,"chromiumSandbox":false,"devtools":false,"handleSIGHUP":true,"handleSIGINT":true,"handleSIGTERM":true,"slowMo":0,"timeout":30000,"tracesDir":"/Users/lennart/Documents/Development/Studium/Robocon/robotframework-perfbot/example/browser/traces/temp/10c7abd6-e9f4-49c9-a1be-473f54121053"}</msg>
<status status="PASS" starttime="20250124 18:20:31.416" endtime="20250124 18:20:32.035"/>
</kw>
<kw name="New Page" library="Browser">
<arg>${LOGIN URL}</arg>
<tag>BrowserControl</tag>
<tag>Setter</tag>
<doc>Open a new Page.</doc>
<msg timestamp="20250124 18:20:32.724" level="INFO">Successfully initialized new page object and opened url: http://localhost:7272/</msg>
<msg timestamp="20250124 18:20:32.724" level="INFO">No context was open. New context was automatically opened when this page is created.</msg>
<status status="PASS" starttime="20250124 18:20:32.036" endtime="20250124 18:20:32.726"/>
</kw>
<status status="PASS" starttime="20250124 18:20:31.413" endtime="20250124 18:20:32.726"/>
</kw>
<kw name="Login Page Should Be Open" library="resource">
<kw name="Get Title" library="Browser">
<arg>equals</arg>
<arg>Login Page</arg>
<tag>Assertion</tag>
<tag>Getter</tag>
<tag>PageContent</tag>
<doc>Returns the title of the current page.</doc>
<msg timestamp="20250124 18:20:32.745" level="INFO">Title: 'Login Page'</msg>
<status status="PASS" starttime="20250124 18:20:32.728" endtime="20250124 18:20:32.745"/>
</kw>
<status status="PASS" starttime="20250124 18:20:32.727" endtime="20250124 18:20:32.745"/>
</kw>
<kw name="Input Username" library="resource">
<arg>demo</arg>
<kw name="Fill Text" library="Browser">
<arg>id=username_field</arg>
<arg>${username}</arg>
<tag>PageContent</tag>
<tag>Setter</tag>
<doc>Clears and fills the given ``txt`` into the text field found by ``selector``.</doc>
<msg timestamp="20250124 18:20:32.756" level="INFO">Fills the text 'demo' in the given field.</msg>
<status status="PASS" starttime="20250124 18:20:32.748" endtime="20250124 18:20:32.832"/>
</kw>
<status status="PASS" starttime="20250124 18:20:32.746" endtime="20250124 18:20:32.833"/>
</kw>
<kw name="Input Password" library="resource">
<arg>mode</arg>
<kw name="Fill Text" library="Browser">
<arg>id=password_field</arg>
<arg>${password}</arg>
<tag>PageContent</tag>
<tag>Setter</tag>
<doc>Clears and fills the given ``txt`` into the text field found by ``selector``.</doc>
<msg timestamp="20250124 18:20:32.835" level="INFO">Fills the text 'mode' in the given field.</msg>
<status status="PASS" starttime="20250124 18:20:32.835" endtime="20250124 18:20:32.888"/>
</kw>
<status status="PASS" starttime="20250124 18:20:32.833" endtime="20250124 18:20:32.888"/>
</kw>
<kw name="Submit Credentials" library="resource">
<kw name="Click" library="Browser">
<arg>id=login_button</arg>
<tag>PageContent</tag>
<tag>Setter</tag>
<doc>Simulates mouse click on the element found by ``selector``.</doc>
<msg timestamp="20250124 18:20:32.890" level="INFO">Clicks the element 'id=login_button'.</msg>
<status status="PASS" starttime="20250124 18:20:32.889" endtime="20250124 18:20:32.985"/>
</kw>
<status status="PASS" starttime="20250124 18:20:32.888" endtime="20250124 18:20:32.985"/>
</kw>
<kw name="Welcome Page Should Be Open" library="resource">
<kw name="Get Url" library="Browser">
<arg>*=</arg>
<arg>${WELCOME URL}</arg>
<tag>Assertion</tag>
<tag>Getter</tag>
<tag>PageContent</tag>
<doc>Returns the current URL.</doc>
<status status="PASS" starttime="20250124 18:20:32.986" endtime="20250124 18:20:32.996"/>
</kw>
<kw name="Get Title" library="Browser">
<arg>equals</arg>
<arg>Welcome Page</arg>
<tag>Assertion</tag>
<tag>Getter</tag>
<tag>PageContent</tag>
<doc>Returns the title of the current page.</doc>
<msg timestamp="20250124 18:20:33.015" level="INFO">Title: 'Welcome Page'</msg>
<status status="PASS" starttime="20250124 18:20:32.996" endtime="20250124 18:20:33.016"/>
</kw>
<status status="PASS" starttime="20250124 18:20:32.985" endtime="20250124 18:20:33.016"/>
</kw>
<kw name="Close Browser" library="Browser" type="TEARDOWN">
<tag>BrowserControl</tag>
<tag>Setter</tag>
<doc>Closes the current browser.</doc>
<msg timestamp="20250124 18:20:33.271" level="INFO">Closed browser</msg>
<status status="PASS" starttime="20250124 18:20:33.017" endtime="20250124 18:20:33.271"/>
</kw>
<status status="PASS" starttime="20250124 18:20:31.403" endtime="20250124 18:20:33.271"/>
</test>
<doc>A test suite with a single test for valid login.

This test has a workflow that is created using keywords in
the imported resource file.</doc>
<status status="PASS" starttime="20250124 18:20:31.307" endtime="20250124 18:20:33.289"/>
</suite>
<status status="PASS" starttime="20250124 18:20:20.490" endtime="20250124 18:20:33.319"/>
</suite>
<statistics>
<total>
<stat pass="7" fail="0" skip="0">All Tests</stat>
</total>
<tag>
</tag>
<suite>
<stat pass="7" fail="0" skip="0" id="s1" name="Tests">Tests</stat>
<stat pass="6" fail="0" skip="0" id="s1-s1" name="Invalid Login">Tests.Invalid Login</stat>
<stat pass="1" fail="0" skip="0" id="s1-s2" name="Valid Login">Tests.Valid Login</stat>
</suite>
</statistics>
<errors>
</errors>
</robot>
