<?xml version="1.0" encoding="UTF-8"?>
<robot generator="Robot 6.0.2 (Python 3.11.2 on darwin)" generated="20230429 10:09:21.361" rpa="false" schemaversion="3">
<suite id="s1" name="Robot-Execution-Time" source="/Users/lennart/Documents/Development/Studium/2022_Master-Thesis/robot-execution-time">
<suite id="s1-s1" name="Tests" source="/Users/lennart/Documents/Development/Studium/2022_Master-Thesis/robot-execution-time/tests">
<suite id="s1-s1-s1" name="Itests" source="/Users/lennart/Documents/Development/Studium/2022_Master-Thesis/robot-execution-time/tests/itests">
<suite id="s1-s1-s1-s1" name="Integrationstest" source="/Users/lennart/Documents/Development/Studium/2022_Master-Thesis/robot-execution-time/tests/itests/Integrationstest.robot">
<kw name="Vorbereiten" type="SETUP">
<kw name="Remove Directory" library="OperatingSystem">
<arg>tests/itests/temp</arg>
<arg>recursive=True</arg>
<doc>Removes the directory pointed to by the given ``path``.</doc>
<msg timestamp="20230429 10:09:21.598" level="INFO" html="true">Removed directory '&lt;a href="file:///Users/lennart/Documents/Development/Studium/2022_Master-Thesis/robot-execution-time/tests/itests/temp"&gt;/Users/lennart/Documents/Development/Studium/2022_Master-Thesis/robot-execution-time/tests/itests/temp&lt;/a&gt;'.</msg>
<status status="PASS" starttime="20230429 10:09:21.596" endtime="20230429 10:09:21.598"/>
</kw>
<kw name="Beispiel SUT starten">
<kw name="Start Process" library="Process">
<arg>${START_SUT}</arg>
<arg>shell=yes</arg>
<arg>alias=sut</arg>
<doc>Starts a new process on background.</doc>
<msg timestamp="20230429 10:09:21.603" level="INFO">Starting process:
python3 example/sut/server.py</msg>
<status status="PASS" starttime="20230429 10:09:21.599" endtime="20230429 10:09:21.623"/>
</kw>
<status status="PASS" starttime="20230429 10:09:21.598" endtime="20230429 10:09:21.624"/>
</kw>
<kw name="Run Process" library="Process">
<var>${pwd}</var>
<arg>pwd</arg>
<arg>shell=yes</arg>
<doc>Runs a process and waits for it to complete.</doc>
<msg timestamp="20230429 10:09:21.625" level="INFO">Starting process:
pwd</msg>
<msg timestamp="20230429 10:09:21.660" level="INFO">Waiting for process to complete.</msg>
<msg timestamp="20230429 10:09:21.665" level="INFO">Process completed.</msg>
<msg timestamp="20230429 10:09:21.666" level="INFO">${pwd} = &lt;result object with rc 0&gt;</msg>
<status status="PASS" starttime="20230429 10:09:21.624" endtime="20230429 10:09:21.666"/>
</kw>
<kw name="Log" library="BuiltIn">
<arg>pwd: ${pwd.stdout}</arg>
<doc>Logs the given message with the given level.</doc>
<msg timestamp="20230429 10:09:21.668" level="INFO">pwd: /Users/lennart/Documents/Development/Studium/2022_Master-Thesis/robot-execution-time</msg>
<status status="PASS" starttime="20230429 10:09:21.667" endtime="20230429 10:09:21.668"/>
</kw>
<kw name="Set Global Variable" library="BuiltIn">
<arg>${LOG_HTML}</arg>
<arg>file://${pwd.stdout}/tests/itests/temp/log.html</arg>
<doc>Makes a variable available globally in all tests and suites.</doc>
<msg timestamp="20230429 10:09:21.670" level="INFO">${LOG_HTML} = file:///Users/lennart/Documents/Development/Studium/2022_Master-Thesis/robot-execution-time/tests/itests/temp/log.html</msg>
<status status="PASS" starttime="20230429 10:09:21.669" endtime="20230429 10:09:21.670"/>
</kw>
<kw name="Log" library="BuiltIn">
<arg>Ablageort der LOG-HTML ermittelt: ${LOG_HTML}</arg>
<doc>Logs the given message with the given level.</doc>
<msg timestamp="20230429 10:09:21.671" level="INFO">Ablageort der LOG-HTML ermittelt: file:///Users/lennart/Documents/Development/Studium/2022_Master-Thesis/robot-execution-time/tests/itests/temp/log.html</msg>
<status status="PASS" starttime="20230429 10:09:21.671" endtime="20230429 10:09:21.671"/>
</kw>
<status status="PASS" starttime="20230429 10:09:21.595" endtime="20230429 10:09:21.671"/>
</kw>
<test id="s1-s1-s1-s1-t1" name="Perfbot im ersten Durchlauf testen" line="15">
<kw name="Beispiel mit Robot testen">
<kw name="Run Process" library="Process">
<var>${result}</var>
<arg>${RUN_ROBOT}</arg>
<arg>shell=yes</arg>
<doc>Runs a process and waits for it to complete.</doc>
<msg timestamp="20230429 10:09:21.674" level="INFO">Starting process:
robot --prerebotmodifier perfbot/perfbot.py:devn=0.1:db_path="tests/itests/temp/test.db":boxplot=True:testbreaker=True:boxplot_folder="tests/itests/temp/" --outputdir tests/itests/temp example/tests</msg>
<msg timestamp="20230429 10:09:21.693" level="INFO">Waiting for process to complete.</msg>
<msg timestamp="20230429 10:09:29.452" level="INFO">Process completed.</msg>
<msg timestamp="20230429 10:09:29.453" level="INFO">${result} = &lt;result object with rc 7&gt;</msg>
<status status="PASS" starttime="20230429 10:09:21.673" endtime="20230429 10:09:29.453"/>
</kw>
<status status="PASS" starttime="20230429 10:09:21.672" endtime="20230429 10:09:29.453"/>
</kw>
<kw name="Vorhandensein der Dateien pruefen">
<kw name="File Should Exist" library="OperatingSystem">
<arg>tests/itests/temp/test.db</arg>
<doc>Fails unless the given ``path`` points to an existing file.</doc>
<msg timestamp="20230429 10:09:29.456" level="FAIL">File '/Users/lennart/Documents/Development/Studium/2022_Master-Thesis/robot-execution-time/tests/itests/temp/test.db' does not exist.</msg>
<status status="FAIL" starttime="20230429 10:09:29.454" endtime="20230429 10:09:29.457"/>
</kw>
<kw name="File Should Exist" library="OperatingSystem">
<arg>tests/itests/temp/output.xml</arg>
<doc>Fails unless the given ``path`` points to an existing file.</doc>
<status status="NOT RUN" starttime="20230429 10:09:29.457" endtime="20230429 10:09:29.457"/>
</kw>
<kw name="File Should Exist" library="OperatingSystem">
<arg>tests/itests/temp/log.html</arg>
<doc>Fails unless the given ``path`` points to an existing file.</doc>
<status status="NOT RUN" starttime="20230429 10:09:29.458" endtime="20230429 10:09:29.458"/>
</kw>
<kw name="File Should Exist" library="OperatingSystem">
<arg>tests/itests/temp/report.html</arg>
<doc>Fails unless the given ``path`` points to an existing file.</doc>
<status status="NOT RUN" starttime="20230429 10:09:29.458" endtime="20230429 10:09:29.459"/>
</kw>
<status status="FAIL" starttime="20230429 10:09:29.454" endtime="20230429 10:09:29.459"/>
</kw>
<kw name="Log-Datei pruefen">
<arg>testflauf_anzahl=NO STATS</arg>
<status status="NOT RUN" starttime="20230429 10:09:29.459" endtime="20230429 10:09:29.459"/>
</kw>
<kw name="Close Browser" library="SeleniumLibrary">
<doc>Closes the current browser.</doc>
<status status="NOT RUN" starttime="20230429 10:09:29.460" endtime="20230429 10:09:29.460"/>
</kw>
<status status="FAIL" starttime="20230429 10:09:21.671" endtime="20230429 10:09:29.460">File '/Users/lennart/Documents/Development/Studium/2022_Master-Thesis/robot-execution-time/tests/itests/temp/test.db' does not exist.</status>
</test>
<test id="s1-s1-s1-s1-t2" name="Perfbot im zweiten Durchlauf testen" line="21">
<kw name="Beispiel mit Robot testen">
<kw name="Run Process" library="Process">
<var>${result}</var>
<arg>${RUN_ROBOT}</arg>
<arg>shell=yes</arg>
<doc>Runs a process and waits for it to complete.</doc>
<msg timestamp="20230429 10:09:29.463" level="INFO">Starting process:
robot --prerebotmodifier perfbot/perfbot.py:devn=0.1:db_path="tests/itests/temp/test.db":boxplot=True:testbreaker=True:boxplot_folder="tests/itests/temp/" --outputdir tests/itests/temp example/tests</msg>
<msg timestamp="20230429 10:09:29.470" level="INFO">Waiting for process to complete.</msg>
<msg timestamp="20230429 10:09:36.386" level="INFO">Process completed.</msg>
<msg timestamp="20230429 10:09:36.387" level="INFO">${result} = &lt;result object with rc 7&gt;</msg>
<status status="PASS" starttime="20230429 10:09:29.462" endtime="20230429 10:09:36.387"/>
</kw>
<status status="PASS" starttime="20230429 10:09:29.462" endtime="20230429 10:09:36.387"/>
</kw>
<kw name="Vorhandensein der Dateien pruefen">
<kw name="File Should Exist" library="OperatingSystem">
<arg>tests/itests/temp/test.db</arg>
<doc>Fails unless the given ``path`` points to an existing file.</doc>
<msg timestamp="20230429 10:09:36.390" level="FAIL">File '/Users/lennart/Documents/Development/Studium/2022_Master-Thesis/robot-execution-time/tests/itests/temp/test.db' does not exist.</msg>
<status status="FAIL" starttime="20230429 10:09:36.388" endtime="20230429 10:09:36.391"/>
</kw>
<kw name="File Should Exist" library="OperatingSystem">
<arg>tests/itests/temp/output.xml</arg>
<doc>Fails unless the given ``path`` points to an existing file.</doc>
<status status="NOT RUN" starttime="20230429 10:09:36.391" endtime="20230429 10:09:36.391"/>
</kw>
<kw name="File Should Exist" library="OperatingSystem">
<arg>tests/itests/temp/log.html</arg>
<doc>Fails unless the given ``path`` points to an existing file.</doc>
<status status="NOT RUN" starttime="20230429 10:09:36.391" endtime="20230429 10:09:36.392"/>
</kw>
<kw name="File Should Exist" library="OperatingSystem">
<arg>tests/itests/temp/report.html</arg>
<doc>Fails unless the given ``path`` points to an existing file.</doc>
<status status="NOT RUN" starttime="20230429 10:09:36.392" endtime="20230429 10:09:36.392"/>
</kw>
<status status="FAIL" starttime="20230429 10:09:36.388" endtime="20230429 10:09:36.392"/>
</kw>
<kw name="Log-Datei pruefen">
<arg>testflauf_anzahl=1</arg>
<status status="NOT RUN" starttime="20230429 10:09:36.393" endtime="20230429 10:09:36.393"/>
</kw>
<kw name="Boxplot in Log-Datei und lokal pruefen">
<status status="NOT RUN" starttime="20230429 10:09:36.393" endtime="20230429 10:09:36.394"/>
</kw>
<kw name="Close Browser" library="SeleniumLibrary">
<doc>Closes the current browser.</doc>
<status status="NOT RUN" starttime="20230429 10:09:36.394" endtime="20230429 10:09:36.394"/>
</kw>
<status status="FAIL" starttime="20230429 10:09:29.461" endtime="20230429 10:09:36.395">File '/Users/lennart/Documents/Development/Studium/2022_Master-Thesis/robot-execution-time/tests/itests/temp/test.db' does not exist.</status>
</test>
<test id="s1-s1-s1-s1-t3" name="Perfbot im dritten Durchlauf testen" line="27">
<kw name="Beispiel mit Robot testen">
<kw name="Run Process" library="Process">
<var>${result}</var>
<arg>${RUN_ROBOT}</arg>
<arg>shell=yes</arg>
<doc>Runs a process and waits for it to complete.</doc>
<msg timestamp="20230429 10:09:36.397" level="INFO">Starting process:
robot --prerebotmodifier perfbot/perfbot.py:devn=0.1:db_path="tests/itests/temp/test.db":boxplot=True:testbreaker=True:boxplot_folder="tests/itests/temp/" --outputdir tests/itests/temp example/tests</msg>
<msg timestamp="20230429 10:09:36.406" level="INFO">Waiting for process to complete.</msg>
<msg timestamp="20230429 10:09:43.371" level="INFO">Process completed.</msg>
<msg timestamp="20230429 10:09:43.371" level="INFO">${result} = &lt;result object with rc 7&gt;</msg>
<status status="PASS" starttime="20230429 10:09:36.396" endtime="20230429 10:09:43.372"/>
</kw>
<status status="PASS" starttime="20230429 10:09:36.396" endtime="20230429 10:09:43.372"/>
</kw>
<kw name="Vorhandensein der Dateien pruefen">
<kw name="File Should Exist" library="OperatingSystem">
<arg>tests/itests/temp/test.db</arg>
<doc>Fails unless the given ``path`` points to an existing file.</doc>
<msg timestamp="20230429 10:09:43.375" level="FAIL">File '/Users/lennart/Documents/Development/Studium/2022_Master-Thesis/robot-execution-time/tests/itests/temp/test.db' does not exist.</msg>
<status status="FAIL" starttime="20230429 10:09:43.373" endtime="20230429 10:09:43.375"/>
</kw>
<kw name="File Should Exist" library="OperatingSystem">
<arg>tests/itests/temp/output.xml</arg>
<doc>Fails unless the given ``path`` points to an existing file.</doc>
<status status="NOT RUN" starttime="20230429 10:09:43.376" endtime="20230429 10:09:43.376"/>
</kw>
<kw name="File Should Exist" library="OperatingSystem">
<arg>tests/itests/temp/log.html</arg>
<doc>Fails unless the given ``path`` points to an existing file.</doc>
<status status="NOT RUN" starttime="20230429 10:09:43.376" endtime="20230429 10:09:43.376"/>
</kw>
<kw name="File Should Exist" library="OperatingSystem">
<arg>tests/itests/temp/report.html</arg>
<doc>Fails unless the given ``path`` points to an existing file.</doc>
<status status="NOT RUN" starttime="20230429 10:09:43.376" endtime="20230429 10:09:43.376"/>
</kw>
<status status="FAIL" starttime="20230429 10:09:43.372" endtime="20230429 10:09:43.377"/>
</kw>
<kw name="Log-Datei pruefen">
<arg>testflauf_anzahl=2</arg>
<status status="NOT RUN" starttime="20230429 10:09:43.377" endtime="20230429 10:09:43.377"/>
</kw>
<kw name="Boxplot in Log-Datei und lokal pruefen">
<status status="NOT RUN" starttime="20230429 10:09:43.378" endtime="20230429 10:09:43.378"/>
</kw>
<kw name="Close Browser" library="SeleniumLibrary">
<doc>Closes the current browser.</doc>
<status status="NOT RUN" starttime="20230429 10:09:43.378" endtime="20230429 10:09:43.378"/>
</kw>
<status status="FAIL" starttime="20230429 10:09:36.395" endtime="20230429 10:09:43.379">File '/Users/lennart/Documents/Development/Studium/2022_Master-Thesis/robot-execution-time/tests/itests/temp/test.db' does not exist.</status>
</test>
<kw name="Aufraeumen" type="TEARDOWN">
<kw name="Terminate All Processes" library="Process">
<arg>kill=True</arg>
<doc>Terminates all still running processes started by this library.</doc>
<status status="PASS" starttime="20230429 10:09:43.381" endtime="20230429 10:09:43.383"/>
</kw>
<status status="PASS" starttime="20230429 10:09:43.380" endtime="20230429 10:09:43.383"/>
</kw>
<doc>Integrationstest zur Perfbot. Startet die Beispieltests und prüft die log.html und report.html. Vorm Starten den Ablageort der LOG_HTML anpassen.</doc>
<status status="FAIL" starttime="20230429 10:09:21.400" endtime="20230429 10:09:43.383"/>
</suite>
<status status="FAIL" starttime="20230429 10:09:21.398" endtime="20230429 10:09:43.387"/>
</suite>
<status status="FAIL" starttime="20230429 10:09:21.395" endtime="20230429 10:09:43.389"/>
</suite>
<status status="FAIL" starttime="20230429 10:09:21.368" endtime="20230429 10:09:43.391"/>
</suite>
<statistics>
<total>
<stat pass="0" fail="3" skip="0">All Tests</stat>
</total>
<tag>
</tag>
<suite>
<stat pass="0" fail="3" skip="0" id="s1" name="Robot-Execution-Time">Robot-Execution-Time</stat>
<stat pass="0" fail="3" skip="0" id="s1-s1" name="Tests">Robot-Execution-Time.Tests</stat>
<stat pass="0" fail="3" skip="0" id="s1-s1-s1" name="Itests">Robot-Execution-Time.Tests.Itests</stat>
<stat pass="0" fail="3" skip="0" id="s1-s1-s1-s1" name="Integrationstest">Robot-Execution-Time.Tests.Itests.Integrationstest</stat>
</suite>
</statistics>
<errors>
</errors>
</robot>
