<?xml version="1.0" encoding="UTF-8"?>
<robot generator="Robot 6.0.2 (Python 3.11.9 on darwin)" generated="20250124 18:23:05.229" rpa="false" schemaversion="3">
<suite id="s1" name="Tests" source="/Users/lennart/Documents/Development/Studium/Robocon/robotframework-perfbot/example/tests">
<suite id="s1-s1" name="Invalid Login" source="/Users/lennart/Documents/Development/Studium/Robocon/robotframework-perfbot/example/tests/invalid_login.robot">
<kw name="Open Browser To Login Page" library="resource" type="SETUP">
<kw name="New Browser" library="Browser">
<arg>browser=${BROWSER}</arg>
<arg>headless=${HEADLESS}</arg>
<tag>BrowserControl</tag>
<tag>Setter</tag>
<doc>Create a new playwright Browser with specified options.</doc>
<msg timestamp="20250124 18:23:05.652" level="INFO">{"browser": "chromium", "headless": false, "chromiumSandbox": false, "devtools": false, "handleSIGHUP": true, "handleSIGINT": true, "handleSIGTERM": true, "slowMo": 0.0, "timeout": 30000.0, "tracesDir": "/Users/lennart/Documents/Development/Studium/Robocon/robotframework-perfbot/example/browser/traces/temp/f95f3117-5a68-4aa2-8a3e-859b01ee59a7"}</msg>
<msg timestamp="20250124 18:23:05.706" level="INFO">Starting Browser process /usr/local/lib/python3.11/site-packages/Browser/wrapper/index.js using port 53158</msg>
<msg timestamp="20250124 18:23:05.707" level="INFO">Node startup parameters: ['node', '/usr/local/lib/python3.11/site-packages/Browser/wrapper/index.js', '53158']</msg>
<msg timestamp="20250124 18:23:08.853" level="INFO">Successfully created browser with options: {"browser":"chromium","headless":false,"chromiumSandbox":false,"devtools":false,"handleSIGHUP":true,"handleSIGINT":true,"handleSIGTERM":true,"slowMo":0,"timeout":30000,"tracesDir":"/Users/lennart/Documents/Development/Studium/Robocon/robotframework-perfbot/example/browser/traces/temp/f95f3117-5a68-4aa2-8a3e-859b01ee59a7"}</msg>
<status status="PASS" starttime="20250124 18:23:05.651" endtime="20250124 18:23:08.853"/>
</kw>
<kw name="New Page" library="Browser">
<arg>${LOGIN URL}</arg>
<tag>BrowserControl</tag>
<tag>Setter</tag>
<doc>Open a new Page.</doc>
<msg timestamp="20250124 18:23:09.925" level="INFO">Successfully initialized new page object and opened url: http://localhost:7272/</msg>
<msg timestamp="20250124 18:23:09.926" level="INFO">No context was open. New context was automatically opened when this page is created.</msg>
<status status="PASS" starttime="20250124 18:23:08.854" endtime="20250124 18:23:09.926"/>
</kw>
<status status="PASS" starttime="20250124 18:23:05.651" endtime="20250124 18:23:09.926"/>
</kw>
<test id="s1-s1-t1" name="Invalid Username" line="17">
<kw name="Go To Login Page" library="resource" type="SETUP">
<kw name="New Page" library="Browser">
<arg>${LOGIN URL}</arg>
<tag>BrowserControl</tag>
<tag>Setter</tag>
<doc>Open a new Page.</doc>
<msg timestamp="20250124 18:23:10.139" level="INFO">Successfully initialized new page object and opened url: http://localhost:7272/</msg>
<status status="PASS" starttime="20250124 18:23:09.974" endtime="20250124 18:23:10.139"/>
</kw>
<status status="PASS" starttime="20250124 18:23:09.973" endtime="20250124 18:23:10.139"/>
</kw>
<kw name="Login With Invalid Credentials Should Fail">
<arg>invalid</arg>
<arg>${VALID PASSWORD}</arg>
<kw name="Input Username" library="resource">
<arg>${username}</arg>
<kw name="Fill Text" library="Browser">
<arg>id=username_field</arg>
<arg>${username}</arg>
<tag>PageContent</tag>
<tag>Setter</tag>
<doc>Clears and fills the given ``txt`` into the text field found by ``selector``.</doc>
<msg timestamp="20250124 18:23:10.143" level="INFO">Fills the text 'invalid' in the given field.</msg>
<status status="PASS" starttime="20250124 18:23:10.143" endtime="20250124 18:23:10.260"/>
</kw>
<status status="PASS" starttime="20250124 18:23:10.142" endtime="20250124 18:23:10.261"/>
</kw>
<kw name="Input Password" library="resource">
<arg>${password}</arg>
<kw name="Fill Text" library="Browser">
<arg>id=password_field</arg>
<arg>${password}</arg>
<tag>PageContent</tag>
<tag>Setter</tag>
<doc>Clears and fills the given ``txt`` into the text field found by ``selector``.</doc>
<msg timestamp="20250124 18:23:10.262" level="INFO">Fills the text 'mode' in the given field.</msg>
<status status="PASS" starttime="20250124 18:23:10.262" endtime="20250124 18:23:10.303"/>
</kw>
<status status="PASS" starttime="20250124 18:23:10.261" endtime="20250124 18:23:10.303"/>
</kw>
<kw name="Submit Credentials" library="resource">
<kw name="Click" library="Browser">
<arg>id=login_button</arg>
<tag>PageContent</tag>
<tag>Setter</tag>
<doc>Simulates mouse click on the element found by ``selector``.</doc>
<msg timestamp="20250124 18:23:10.304" level="INFO">Clicks the element 'id=login_button'.</msg>
<status status="PASS" starttime="20250124 18:23:10.304" endtime="20250124 18:23:10.401"/>
</kw>
<status status="PASS" starttime="20250124 18:23:10.303" endtime="20250124 18:23:10.401"/>
</kw>
<kw name="Login Should Have Failed">
<kw name="Get Url" library="Browser">
<arg>*=</arg>
<arg>${ERROR URL}</arg>
<tag>Assertion</tag>
<tag>Getter</tag>
<tag>PageContent</tag>
<doc>Returns the current URL.</doc>
<status status="PASS" starttime="20250124 18:23:10.402" endtime="20250124 18:23:10.411"/>
</kw>
<kw name="Get Title" library="Browser">
<arg>equals</arg>
<arg>Error Page</arg>
<tag>Assertion</tag>
<tag>Getter</tag>
<tag>PageContent</tag>
<doc>Returns the title of the current page.</doc>
<msg timestamp="20250124 18:23:10.424" level="INFO">Title: 'Error Page'</msg>
<status status="PASS" starttime="20250124 18:23:10.411" endtime="20250124 18:23:10.424"/>
</kw>
<status status="PASS" starttime="20250124 18:23:10.401" endtime="20250124 18:23:10.425"/>
</kw>
<status status="PASS" starttime="20250124 18:23:10.140" endtime="20250124 18:23:10.425"/>
</kw>
<status status="PASS" starttime="20250124 18:23:09.927" endtime="20250124 18:23:10.426"/>
</test>
<test id="s1-s1-t2" name="Invalid Password" line="18">
<kw name="Go To Login Page" library="resource" type="SETUP">
<kw name="New Page" library="Browser">
<arg>${LOGIN URL}</arg>
<tag>BrowserControl</tag>
<tag>Setter</tag>
<doc>Open a new Page.</doc>
<msg timestamp="20250124 18:23:10.761" level="INFO">Successfully initialized new page object and opened url: http://localhost:7272/</msg>
<status status="PASS" starttime="20250124 18:23:10.635" endtime="20250124 18:23:10.763"/>
</kw>
<status status="PASS" starttime="20250124 18:23:10.635" endtime="20250124 18:23:10.764"/>
</kw>
<kw name="Login With Invalid Credentials Should Fail">
<arg>${VALID USER}</arg>
<arg>invalid</arg>
<kw name="Input Username" library="resource">
<arg>${username}</arg>
<kw name="Fill Text" library="Browser">
<arg>id=username_field</arg>
<arg>${username}</arg>
<tag>PageContent</tag>
<tag>Setter</tag>
<doc>Clears and fills the given ``txt`` into the text field found by ``selector``.</doc>
<msg timestamp="20250124 18:23:10.768" level="INFO">Fills the text 'demo' in the given field.</msg>
<status status="PASS" starttime="20250124 18:23:10.768" endtime="20250124 18:23:10.888"/>
</kw>
<status status="PASS" starttime="20250124 18:23:10.767" endtime="20250124 18:23:10.889"/>
</kw>
<kw name="Input Password" library="resource">
<arg>${password}</arg>
<kw name="Fill Text" library="Browser">
<arg>id=password_field</arg>
<arg>${password}</arg>
<tag>PageContent</tag>
<tag>Setter</tag>
<doc>Clears and fills the given ``txt`` into the text field found by ``selector``.</doc>
<msg timestamp="20250124 18:23:10.890" level="INFO">Fills the text 'invalid' in the given field.</msg>
<status status="PASS" starttime="20250124 18:23:10.890" endtime="20250124 18:23:10.934"/>
</kw>
<status status="PASS" starttime="20250124 18:23:10.889" endtime="20250124 18:23:10.934"/>
</kw>
<kw name="Submit Credentials" library="resource">
<kw name="Click" library="Browser">
<arg>id=login_button</arg>
<tag>PageContent</tag>
<tag>Setter</tag>
<doc>Simulates mouse click on the element found by ``selector``.</doc>
<msg timestamp="20250124 18:23:10.935" level="INFO">Clicks the element 'id=login_button'.</msg>
<status status="PASS" starttime="20250124 18:23:10.935" endtime="20250124 18:23:11.021"/>
</kw>
<status status="PASS" starttime="20250124 18:23:10.935" endtime="20250124 18:23:11.021"/>
</kw>
<kw name="Login Should Have Failed">
<kw name="Get Url" library="Browser">
<arg>*=</arg>
<arg>${ERROR URL}</arg>
<tag>Assertion</tag>
<tag>Getter</tag>
<tag>PageContent</tag>
<doc>Returns the current URL.</doc>
<status status="PASS" starttime="20250124 18:23:11.023" endtime="20250124 18:23:11.029"/>
</kw>
<kw name="Get Title" library="Browser">
<arg>equals</arg>
<arg>Error Page</arg>
<tag>Assertion</tag>
<tag>Getter</tag>
<tag>PageContent</tag>
<doc>Returns the title of the current page.</doc>
<msg timestamp="20250124 18:23:11.039" level="INFO">Title: 'Error Page'</msg>
<status status="PASS" starttime="20250124 18:23:11.030" endtime="20250124 18:23:11.039"/>
</kw>
<status status="PASS" starttime="20250124 18:23:11.022" endtime="20250124 18:23:11.040"/>
</kw>
<status status="PASS" starttime="20250124 18:23:10.767" endtime="20250124 18:23:11.040"/>
</kw>
<status status="PASS" starttime="20250124 18:23:10.602" endtime="20250124 18:23:11.040"/>
</test>
<test id="s1-s1-t3" name="Invalid Username And Password" line="19">
<kw name="Go To Login Page" library="resource" type="SETUP">
<kw name="New Page" library="Browser">
<arg>${LOGIN URL}</arg>
<tag>BrowserControl</tag>
<tag>Setter</tag>
<doc>Open a new Page.</doc>
<msg timestamp="20250124 18:23:11.383" level="INFO">Successfully initialized new page object and opened url: http://localhost:7272/</msg>
<status status="PASS" starttime="20250124 18:23:11.153" endtime="20250124 18:23:11.383"/>
</kw>
<status status="PASS" starttime="20250124 18:23:11.153" endtime="20250124 18:23:11.383"/>
</kw>
<kw name="Login With Invalid Credentials Should Fail">
<arg>invalid</arg>
<arg>whatever</arg>
<kw name="Input Username" library="resource">
<arg>${username}</arg>
<kw name="Fill Text" library="Browser">
<arg>id=username_field</arg>
<arg>${username}</arg>
<tag>PageContent</tag>
<tag>Setter</tag>
<doc>Clears and fills the given ``txt`` into the text field found by ``selector``.</doc>
<msg timestamp="20250124 18:23:11.386" level="INFO">Fills the text 'invalid' in the given field.</msg>
<status status="PASS" starttime="20250124 18:23:11.385" endtime="20250124 18:23:11.471"/>
</kw>
<status status="PASS" starttime="20250124 18:23:11.385" endtime="20250124 18:23:11.471"/>
</kw>
<kw name="Input Password" library="resource">
<arg>${password}</arg>
<kw name="Fill Text" library="Browser">
<arg>id=password_field</arg>
<arg>${password}</arg>
<tag>PageContent</tag>
<tag>Setter</tag>
<doc>Clears and fills the given ``txt`` into the text field found by ``selector``.</doc>
<msg timestamp="20250124 18:23:11.475" level="INFO">Fills the text 'whatever' in the given field.</msg>
<status status="PASS" starttime="20250124 18:23:11.474" endtime="20250124 18:23:11.513"/>
</kw>
<status status="PASS" starttime="20250124 18:23:11.473" endtime="20250124 18:23:11.514"/>
</kw>
<kw name="Submit Credentials" library="resource">
<kw name="Click" library="Browser">
<arg>id=login_button</arg>
<tag>PageContent</tag>
<tag>Setter</tag>
<doc>Simulates mouse click on the element found by ``selector``.</doc>
<msg timestamp="20250124 18:23:11.516" level="INFO">Clicks the element 'id=login_button'.</msg>
<status status="PASS" starttime="20250124 18:23:11.515" endtime="20250124 18:23:11.577"/>
</kw>
<status status="PASS" starttime="20250124 18:23:11.514" endtime="20250124 18:23:11.578"/>
</kw>
<kw name="Login Should Have Failed">
<kw name="Get Url" library="Browser">
<arg>*=</arg>
<arg>${ERROR URL}</arg>
<tag>Assertion</tag>
<tag>Getter</tag>
<tag>PageContent</tag>
<doc>Returns the current URL.</doc>
<status status="PASS" starttime="20250124 18:23:11.579" endtime="20250124 18:23:11.586"/>
</kw>
<kw name="Get Title" library="Browser">
<arg>equals</arg>
<arg>Error Page</arg>
<tag>Assertion</tag>
<tag>Getter</tag>
<tag>PageContent</tag>
<doc>Returns the title of the current page.</doc>
<msg timestamp="20250124 18:23:11.593" level="INFO">Title: 'Error Page'</msg>
<status status="PASS" starttime="20250124 18:23:11.586" endtime="20250124 18:23:11.593"/>
</kw>
<status status="PASS" starttime="20250124 18:23:11.578" endtime="20250124 18:23:11.593"/>
</kw>
<status status="PASS" starttime="20250124 18:23:11.384" endtime="20250124 18:23:11.593"/>
</kw>
<status status="PASS" starttime="20250124 18:23:11.129" endtime="20250124 18:23:11.593"/>
</test>
<test id="s1-s1-t4" name="Empty Username" line="20">
<kw name="Go To Login Page" library="resource" type="SETUP">
<kw name="New Page" library="Browser">
<arg>${LOGIN URL}</arg>
<tag>BrowserControl</tag>
<tag>Setter</tag>
<doc>Open a new Page.</doc>
<msg timestamp="20250124 18:23:11.977" level="INFO">Successfully initialized new page object and opened url: http://localhost:7272/</msg>
<status status="PASS" starttime="20250124 18:23:11.710" endtime="20250124 18:23:11.977"/>
</kw>
<status status="PASS" starttime="20250124 18:23:11.708" endtime="20250124 18:23:11.977"/>
</kw>
<kw name="Login With Invalid Credentials Should Fail">
<arg>${EMPTY}</arg>
<arg>${VALID PASSWORD}</arg>
<kw name="Input Username" library="resource">
<arg>${username}</arg>
<kw name="Fill Text" library="Browser">
<arg>id=username_field</arg>
<arg>${username}</arg>
<tag>PageContent</tag>
<tag>Setter</tag>
<doc>Clears and fills the given ``txt`` into the text field found by ``selector``.</doc>
<msg timestamp="20250124 18:23:11.981" level="INFO">Fills the text '' in the given field.</msg>
<status status="PASS" starttime="20250124 18:23:11.980" endtime="20250124 18:23:12.078"/>
</kw>
<status status="PASS" starttime="20250124 18:23:11.980" endtime="20250124 18:23:12.078"/>
</kw>
<kw name="Input Password" library="resource">
<arg>${password}</arg>
<kw name="Fill Text" library="Browser">
<arg>id=password_field</arg>
<arg>${password}</arg>
<tag>PageContent</tag>
<tag>Setter</tag>
<doc>Clears and fills the given ``txt`` into the text field found by ``selector``.</doc>
<msg timestamp="20250124 18:23:12.080" level="INFO">Fills the text 'mode' in the given field.</msg>
<status status="PASS" starttime="20250124 18:23:12.079" endtime="20250124 18:23:12.113"/>
</kw>
<status status="PASS" starttime="20250124 18:23:12.078" endtime="20250124 18:23:12.113"/>
</kw>
<kw name="Submit Credentials" library="resource">
<kw name="Click" library="Browser">
<arg>id=login_button</arg>
<tag>PageContent</tag>
<tag>Setter</tag>
<doc>Simulates mouse click on the element found by ``selector``.</doc>
<msg timestamp="20250124 18:23:12.115" level="INFO">Clicks the element 'id=login_button'.</msg>
<status status="PASS" starttime="20250124 18:23:12.114" endtime="20250124 18:23:12.194"/>
</kw>
<status status="PASS" starttime="20250124 18:23:12.114" endtime="20250124 18:23:12.194"/>
</kw>
<kw name="Login Should Have Failed">
<kw name="Get Url" library="Browser">
<arg>*=</arg>
<arg>${ERROR URL}</arg>
<tag>Assertion</tag>
<tag>Getter</tag>
<tag>PageContent</tag>
<doc>Returns the current URL.</doc>
<status status="PASS" starttime="20250124 18:23:12.195" endtime="20250124 18:23:12.199"/>
</kw>
<kw name="Get Title" library="Browser">
<arg>equals</arg>
<arg>Error Page</arg>
<tag>Assertion</tag>
<tag>Getter</tag>
<tag>PageContent</tag>
<doc>Returns the title of the current page.</doc>
<msg timestamp="20250124 18:23:12.207" level="INFO">Title: 'Error Page'</msg>
<status status="PASS" starttime="20250124 18:23:12.199" endtime="20250124 18:23:12.207"/>
</kw>
<status status="PASS" starttime="20250124 18:23:12.194" endtime="20250124 18:23:12.207"/>
</kw>
<status status="PASS" starttime="20250124 18:23:11.978" endtime="20250124 18:23:12.207"/>
</kw>
<status status="PASS" starttime="20250124 18:23:11.684" endtime="20250124 18:23:12.208"/>
</test>
<test id="s1-s1-t5" name="Empty Password" line="21">
<kw name="Go To Login Page" library="resource" type="SETUP">
<kw name="New Page" library="Browser">
<arg>${LOGIN URL}</arg>
<tag>BrowserControl</tag>
<tag>Setter</tag>
<doc>Open a new Page.</doc>
<msg timestamp="20250124 18:23:12.436" level="INFO">Successfully initialized new page object and opened url: http://localhost:7272/</msg>
<status status="PASS" starttime="20250124 18:23:12.316" endtime="20250124 18:23:12.436"/>
</kw>
<status status="PASS" starttime="20250124 18:23:12.314" endtime="20250124 18:23:12.436"/>
</kw>
<kw name="Login With Invalid Credentials Should Fail">
<arg>${VALID USER}</arg>
<arg>${EMPTY}</arg>
<kw name="Input Username" library="resource">
<arg>${username}</arg>
<kw name="Fill Text" library="Browser">
<arg>id=username_field</arg>
<arg>${username}</arg>
<tag>PageContent</tag>
<tag>Setter</tag>
<doc>Clears and fills the given ``txt`` into the text field found by ``selector``.</doc>
<msg timestamp="20250124 18:23:12.441" level="INFO">Fills the text 'demo' in the given field.</msg>
<status status="PASS" starttime="20250124 18:23:12.440" endtime="20250124 18:23:12.520"/>
</kw>
<status status="PASS" starttime="20250124 18:23:12.439" endtime="20250124 18:23:12.520"/>
</kw>
<kw name="Input Password" library="resource">
<arg>${password}</arg>
<kw name="Fill Text" library="Browser">
<arg>id=password_field</arg>
<arg>${password}</arg>
<tag>PageContent</tag>
<tag>Setter</tag>
<doc>Clears and fills the given ``txt`` into the text field found by ``selector``.</doc>
<msg timestamp="20250124 18:23:12.522" level="INFO">Fills the text '' in the given field.</msg>
<status status="PASS" starttime="20250124 18:23:12.521" endtime="20250124 18:23:12.571"/>
</kw>
<status status="PASS" starttime="20250124 18:23:12.520" endtime="20250124 18:23:12.571"/>
</kw>
<kw name="Submit Credentials" library="resource">
<kw name="Click" library="Browser">
<arg>id=login_button</arg>
<tag>PageContent</tag>
<tag>Setter</tag>
<doc>Simulates mouse click on the element found by ``selector``.</doc>
<msg timestamp="20250124 18:23:12.575" level="INFO">Clicks the element 'id=login_button'.</msg>
<status status="PASS" starttime="20250124 18:23:12.573" endtime="20250124 18:23:12.653"/>
</kw>
<status status="PASS" starttime="20250124 18:23:12.572" endtime="20250124 18:23:12.653"/>
</kw>
<kw name="Login Should Have Failed">
<kw name="Get Url" library="Browser">
<arg>*=</arg>
<arg>${ERROR URL}</arg>
<tag>Assertion</tag>
<tag>Getter</tag>
<tag>PageContent</tag>
<doc>Returns the current URL.</doc>
<status status="PASS" starttime="20250124 18:23:12.654" endtime="20250124 18:23:12.659"/>
</kw>
<kw name="Get Title" library="Browser">
<arg>equals</arg>
<arg>Error Page</arg>
<tag>Assertion</tag>
<tag>Getter</tag>
<tag>PageContent</tag>
<doc>Returns the title of the current page.</doc>
<msg timestamp="20250124 18:23:12.667" level="INFO">Title: 'Error Page'</msg>
<status status="PASS" starttime="20250124 18:23:12.659" endtime="20250124 18:23:12.668"/>
</kw>
<status status="PASS" starttime="20250124 18:23:12.653" endtime="20250124 18:23:12.668"/>
</kw>
<status status="PASS" starttime="20250124 18:23:12.437" endtime="20250124 18:23:12.668"/>
</kw>
<status status="PASS" starttime="20250124 18:23:12.292" endtime="20250124 18:23:12.668"/>
</test>
<test id="s1-s1-t6" name="Empty Username And Password" line="22">
<kw name="Go To Login Page" library="resource" type="SETUP">
<kw name="New Page" library="Browser">
<arg>${LOGIN URL}</arg>
<tag>BrowserControl</tag>
<tag>Setter</tag>
<doc>Open a new Page.</doc>
<msg timestamp="20250124 18:23:12.897" level="INFO">Successfully initialized new page object and opened url: http://localhost:7272/</msg>
<status status="PASS" starttime="20250124 18:23:12.762" endtime="20250124 18:23:12.897"/>
</kw>
<status status="PASS" starttime="20250124 18:23:12.761" endtime="20250124 18:23:12.898"/>
</kw>
<kw name="Login With Invalid Credentials Should Fail">
<arg>${EMPTY}</arg>
<arg>${EMPTY}</arg>
<kw name="Input Username" library="resource">
<arg>${username}</arg>
<kw name="Fill Text" library="Browser">
<arg>id=username_field</arg>
<arg>${username}</arg>
<tag>PageContent</tag>
<tag>Setter</tag>
<doc>Clears and fills the given ``txt`` into the text field found by ``selector``.</doc>
<msg timestamp="20250124 18:23:12.903" level="INFO">Fills the text '' in the given field.</msg>
<status status="PASS" starttime="20250124 18:23:12.903" endtime="20250124 18:23:13.028"/>
</kw>
<status status="PASS" starttime="20250124 18:23:12.902" endtime="20250124 18:23:13.028"/>
</kw>
<kw name="Input Password" library="resource">
<arg>${password}</arg>
<kw name="Fill Text" library="Browser">
<arg>id=password_field</arg>
<arg>${password}</arg>
<tag>PageContent</tag>
<tag>Setter</tag>
<doc>Clears and fills the given ``txt`` into the text field found by ``selector``.</doc>
<msg timestamp="20250124 18:23:13.031" level="INFO">Fills the text '' in the given field.</msg>
<status status="PASS" starttime="20250124 18:23:13.029" endtime="20250124 18:23:13.065"/>
</kw>
<status status="PASS" starttime="20250124 18:23:13.029" endtime="20250124 18:23:13.065"/>
</kw>
<kw name="Submit Credentials" library="resource">
<kw name="Click" library="Browser">
<arg>id=login_button</arg>
<tag>PageContent</tag>
<tag>Setter</tag>
<doc>Simulates mouse click on the element found by ``selector``.</doc>
<msg timestamp="20250124 18:23:13.067" level="INFO">Clicks the element 'id=login_button'.</msg>
<status status="PASS" starttime="20250124 18:23:13.066" endtime="20250124 18:23:13.144"/>
</kw>
<status status="PASS" starttime="20250124 18:23:13.065" endtime="20250124 18:23:13.144"/>
</kw>
<kw name="Login Should Have Failed">
<kw name="Get Url" library="Browser">
<arg>*=</arg>
<arg>${ERROR URL}</arg>
<tag>Assertion</tag>
<tag>Getter</tag>
<tag>PageContent</tag>
<doc>Returns the current URL.</doc>
<status status="PASS" starttime="20250124 18:23:13.145" endtime="20250124 18:23:13.150"/>
</kw>
<kw name="Get Title" library="Browser">
<arg>equals</arg>
<arg>Error Page</arg>
<tag>Assertion</tag>
<tag>Getter</tag>
<tag>PageContent</tag>
<doc>Returns the title of the current page.</doc>
<msg timestamp="20250124 18:23:13.158" level="INFO">Title: 'Error Page'</msg>
<status status="PASS" starttime="20250124 18:23:13.150" endtime="20250124 18:23:13.158"/>
</kw>
<status status="PASS" starttime="20250124 18:23:13.144" endtime="20250124 18:23:13.158"/>
</kw>
<status status="PASS" starttime="20250124 18:23:12.900" endtime="20250124 18:23:13.158"/>
</kw>
<status status="PASS" starttime="20250124 18:23:12.741" endtime="20250124 18:23:13.158"/>
</test>
<kw name="Close Browser" library="Browser" type="TEARDOWN">
<tag>BrowserControl</tag>
<tag>Setter</tag>
<doc>Closes the current browser.</doc>
<msg timestamp="20250124 18:23:13.512" level="INFO">Closed browser</msg>
<status status="PASS" starttime="20250124 18:23:13.238" endtime="20250124 18:23:13.512"/>
</kw>
<doc>A test suite containing tests related to invalid login.

These tests are data-driven by their nature. They use a single
keyword, specified with Test Template setting, that is called
with different arguments to cover different scenarios.

This suite also demonstrates using setups and teardowns in
different levels.</doc>
<status status="PASS" starttime="20250124 18:23:05.265" endtime="20250124 18:23:13.513"/>
</suite>
<suite id="s1-s2" name="Valid Login" source="/Users/lennart/Documents/Development/Studium/Robocon/robotframework-perfbot/example/tests/valid_login.robot">
<test id="s1-s2-t1" name="Valid Login" line="10">
<kw name="Open Browser To Login Page" library="resource">
<kw name="New Browser" library="Browser">
<arg>browser=${BROWSER}</arg>
<arg>headless=${HEADLESS}</arg>
<tag>BrowserControl</tag>
<tag>Setter</tag>
<doc>Create a new playwright Browser with specified options.</doc>
<msg timestamp="20250124 18:23:13.615" level="INFO">{"browser": "chromium", "headless": false, "chromiumSandbox": false, "devtools": false, "handleSIGHUP": true, "handleSIGINT": true, "handleSIGTERM": true, "slowMo": 0.0, "timeout": 30000.0, "tracesDir": "/Users/lennart/Documents/Development/Studium/Robocon/robotframework-perfbot/example/browser/traces/temp/718f4b53-e697-43b7-b3ee-2eff489f73b0"}</msg>
<msg timestamp="20250124 18:23:14.170" level="INFO">Successfully created browser with options: {"browser":"chromium","headless":false,"chromiumSandbox":false,"devtools":false,"handleSIGHUP":true,"handleSIGINT":true,"handleSIGTERM":true,"slowMo":0,"timeout":30000,"tracesDir":"/Users/lennart/Documents/Development/Studium/Robocon/robotframework-perfbot/example/browser/traces/temp/718f4b53-e697-43b7-b3ee-2eff489f73b0"}</msg>
<status status="PASS" starttime="20250124 18:23:13.614" endtime="20250124 18:23:14.176"/>
</kw>
<kw name="New Page" library="Browser">
<arg>${LOGIN URL}</arg>
<tag>BrowserControl</tag>
<tag>Setter</tag>
<doc>Open a new Page.</doc>
<msg timestamp="20250124 18:23:15.125" level="INFO">Successfully initialized new page object and opened url: http://localhost:7272/</msg>
<msg timestamp="20250124 18:23:15.125" level="INFO">No context was open. New context was automatically opened when this page is created.</msg>
<status status="PASS" starttime="20250124 18:23:14.176" endtime="20250124 18:23:15.125"/>
</kw>
<status status="PASS" starttime="20250124 18:23:13.613" endtime="20250124 18:23:15.126"/>
</kw>
<kw name="Login Page Should Be Open" library="resource">
<kw name="Get Title" library="Browser">
<arg>equals</arg>
<arg>Login Page</arg>
<tag>Assertion</tag>
<tag>Getter</tag>
<tag>PageContent</tag>
<doc>Returns the title of the current page.</doc>
<msg timestamp="20250124 18:23:15.159" level="INFO">Title: 'Login Page'</msg>
<status status="PASS" starttime="20250124 18:23:15.127" endtime="20250124 18:23:15.159"/>
</kw>
<status status="PASS" starttime="20250124 18:23:15.126" endtime="20250124 18:23:15.159"/>
</kw>
<kw name="Input Username" library="resource">
<arg>demo</arg>
<kw name="Fill Text" library="Browser">
<arg>id=username_field</arg>
<arg>${username}</arg>
<tag>PageContent</tag>
<tag>Setter</tag>
<doc>Clears and fills the given ``txt`` into the text field found by ``selector``.</doc>
<msg timestamp="20250124 18:23:15.162" level="INFO">Fills the text 'demo' in the given field.</msg>
<status status="PASS" starttime="20250124 18:23:15.161" endtime="20250124 18:23:15.230"/>
</kw>
<status status="PASS" starttime="20250124 18:23:15.160" endtime="20250124 18:23:15.230"/>
</kw>
<kw name="Input Password" library="resource">
<arg>mode</arg>
<kw name="Fill Text" library="Browser">
<arg>id=password_field</arg>
<arg>${password}</arg>
<tag>PageContent</tag>
<tag>Setter</tag>
<doc>Clears and fills the given ``txt`` into the text field found by ``selector``.</doc>
<msg timestamp="20250124 18:23:15.232" level="INFO">Fills the text 'mode' in the given field.</msg>
<status status="PASS" starttime="20250124 18:23:15.231" endtime="20250124 18:23:15.280"/>
</kw>
<status status="PASS" starttime="20250124 18:23:15.231" endtime="20250124 18:23:15.280"/>
</kw>
<kw name="Submit Credentials" library="resource">
<kw name="Click" library="Browser">
<arg>id=login_button</arg>
<tag>PageContent</tag>
<tag>Setter</tag>
<doc>Simulates mouse click on the element found by ``selector``.</doc>
<msg timestamp="20250124 18:23:15.283" level="INFO">Clicks the element 'id=login_button'.</msg>
<status status="PASS" starttime="20250124 18:23:15.281" endtime="20250124 18:23:15.357"/>
</kw>
<status status="PASS" starttime="20250124 18:23:15.281" endtime="20250124 18:23:15.358"/>
</kw>
<kw name="Sleep" library="BuiltIn">
<arg>5</arg>
<doc>Pauses the test executed for the given time.</doc>
<msg timestamp="20250124 18:23:20.361" level="INFO">Slept 5 seconds</msg>
<status status="PASS" starttime="20250124 18:23:15.359" endtime="20250124 18:23:20.361"/>
</kw>
<kw name="Welcome Page Should Be Open" library="resource">
<kw name="Get Url" library="Browser">
<arg>*=</arg>
<arg>${WELCOME URL}</arg>
<tag>Assertion</tag>
<tag>Getter</tag>
<tag>PageContent</tag>
<doc>Returns the current URL.</doc>
<status status="PASS" starttime="20250124 18:23:20.362" endtime="20250124 18:23:20.372"/>
</kw>
<kw name="Get Title" library="Browser">
<arg>equals</arg>
<arg>Welcome Page</arg>
<tag>Assertion</tag>
<tag>Getter</tag>
<tag>PageContent</tag>
<doc>Returns the title of the current page.</doc>
<msg timestamp="20250124 18:23:20.387" level="INFO">Title: 'Welcome Page'</msg>
<status status="PASS" starttime="20250124 18:23:20.372" endtime="20250124 18:23:20.387"/>
</kw>
<status status="PASS" starttime="20250124 18:23:20.361" endtime="20250124 18:23:20.387"/>
</kw>
<kw name="Close Browser" library="Browser" type="TEARDOWN">
<tag>BrowserControl</tag>
<tag>Setter</tag>
<doc>Closes the current browser.</doc>
<msg timestamp="20250124 18:23:20.769" level="INFO">Closed browser</msg>
<status status="PASS" starttime="20250124 18:23:20.387" endtime="20250124 18:23:20.770"/>
</kw>
<status status="PASS" starttime="20250124 18:23:13.608" endtime="20250124 18:23:20.770"/>
</test>
<doc>A test suite with a single test for valid login.

This test has a workflow that is created using keywords in
the imported resource file.</doc>
<status status="PASS" starttime="20250124 18:23:13.527" endtime="20250124 18:23:20.788"/>
</suite>
<status status="PASS" starttime="20250124 18:23:05.232" endtime="20250124 18:23:20.809"/>
</suite>
<statistics>
<total>
<stat pass="7" fail="0" skip="0">All Tests</stat>
</total>
<tag>
</tag>
<suite>
<stat pass="7" fail="0" skip="0" id="s1" name="Tests">Tests</stat>
<stat pass="6" fail="0" skip="0" id="s1-s1" name="Invalid Login">Tests.Invalid Login</stat>
<stat pass="1" fail="0" skip="0" id="s1-s2" name="Valid Login">Tests.Valid Login</stat>
</suite>
</statistics>
<errors>
</errors>
</robot>
