<?xml version="1.0" encoding="UTF-8"?>
<robot generator="Robot 6.0.2 (Python 3.11.9 on darwin)" generated="20250124 20:56:44.720" rpa="false" schemaversion="3">
<suite id="s1" name="Tests" source="/Users/lennart/Documents/Development/Studium/2022_Master-Thesis/robotframework-perfbot/example/tests">
<suite id="s1-s1" name="Invalid Login" source="/Users/lennart/Documents/Development/Studium/2022_Master-Thesis/robotframework-perfbot/example/tests/invalid_login.robot">
<kw name="Open Browser To Login Page" library="resource" type="SETUP">
<kw name="New Browser" library="Browser">
<arg>browser=${BROWSER}</arg>
<arg>headless=${HEADLESS}</arg>
<tag>BrowserControl</tag>
<tag>Setter</tag>
<doc>Create a new playwright Browser with specified options.</doc>
<msg timestamp="20250124 20:56:45.392" level="INFO">{"browser": "chromium", "headless": false, "chromiumSandbox": false, "devtools": false, "handleSIGHUP": true, "handleSIGINT": true, "handleSIGTERM": true, "slowMo": 0.0, "timeout": 30000.0, "tracesDir": "/Users/lennart/Documents/Development/Studium/2022_Master-Thesis/robotframework-perfbot/example/browser/traces/temp/bc4a2304-aabf-4086-9670-97218415b38e"}</msg>
<msg timestamp="20250124 20:56:45.854" level="INFO">Starting Browser process /usr/local/lib/python3.11/site-packages/Browser/wrapper/index.js using port 55799</msg>
<msg timestamp="20250124 20:56:45.854" level="INFO">Node startup parameters: ['node', '/usr/local/lib/python3.11/site-packages/Browser/wrapper/index.js', '55799']</msg>
<msg timestamp="20250124 20:56:51.725" level="INFO">Successfully created browser with options: {"browser":"chromium","headless":false,"chromiumSandbox":false,"devtools":false,"handleSIGHUP":true,"handleSIGINT":true,"handleSIGTERM":true,"slowMo":0,"timeout":30000,"tracesDir":"/Users/lennart/Documents/Development/Studium/2022_Master-Thesis/robotframework-perfbot/example/browser/traces/temp/bc4a2304-aabf-4086-9670-97218415b38e"}</msg>
<status status="PASS" starttime="20250124 20:56:45.390" endtime="20250124 20:56:51.726"/>
</kw>
<kw name="New Page" library="Browser">
<arg>${LOGIN URL}</arg>
<tag>BrowserControl</tag>
<tag>Setter</tag>
<doc>Open a new Page.</doc>
<msg timestamp="20250124 20:56:53.507" level="INFO">Successfully initialized new page object and opened url: http://localhost:7272/</msg>
<msg timestamp="20250124 20:56:53.507" level="INFO">No context was open. New context was automatically opened when this page is created.</msg>
<status status="PASS" starttime="20250124 20:56:51.726" endtime="20250124 20:56:53.509"/>
</kw>
<status status="PASS" starttime="20250124 20:56:45.388" endtime="20250124 20:56:53.509"/>
</kw>
<test id="s1-s1-t1" name="Invalid Username" line="17">
<kw name="Go To Login Page" library="resource" type="SETUP">
<kw name="New Page" library="Browser">
<arg>${LOGIN URL}</arg>
<tag>BrowserControl</tag>
<tag>Setter</tag>
<doc>Open a new Page.</doc>
<msg timestamp="20250124 20:56:53.730" level="INFO">Successfully initialized new page object and opened url: http://localhost:7272/</msg>
<status status="PASS" starttime="20250124 20:56:53.569" endtime="20250124 20:56:53.730"/>
</kw>
<status status="PASS" starttime="20250124 20:56:53.568" endtime="20250124 20:56:53.731"/>
</kw>
<kw name="Login With Invalid Credentials Should Fail">
<arg>invalid</arg>
<arg>${VALID PASSWORD}</arg>
<kw name="Input Username" library="resource">
<arg>${username}</arg>
<kw name="Fill Text" library="Browser">
<arg>id=username_field</arg>
<arg>${username}</arg>
<tag>PageContent</tag>
<tag>Setter</tag>
<doc>Clears and fills the given ``txt`` into the text field found by ``selector``.</doc>
<msg timestamp="20250124 20:56:53.736" level="INFO">Fills the text 'invalid' in the given field.</msg>
<status status="PASS" starttime="20250124 20:56:53.735" endtime="20250124 20:56:53.874"/>
</kw>
<status status="PASS" starttime="20250124 20:56:53.732" endtime="20250124 20:56:53.875"/>
</kw>
<kw name="Input Password" library="resource">
<arg>${password}</arg>
<kw name="Fill Text" library="Browser">
<arg>id=password_field</arg>
<arg>${password}</arg>
<tag>PageContent</tag>
<tag>Setter</tag>
<doc>Clears and fills the given ``txt`` into the text field found by ``selector``.</doc>
<msg timestamp="20250124 20:56:53.878" level="INFO">Fills the text 'mode' in the given field.</msg>
<status status="PASS" starttime="20250124 20:56:53.877" endtime="20250124 20:56:53.919"/>
</kw>
<status status="PASS" starttime="20250124 20:56:53.876" endtime="20250124 20:56:53.919"/>
</kw>
<kw name="Submit Credentials" library="resource">
<kw name="Click" library="Browser">
<arg>id=login_button</arg>
<tag>PageContent</tag>
<tag>Setter</tag>
<doc>Simulates mouse click on the element found by ``selector``.</doc>
<msg timestamp="20250124 20:56:53.922" level="INFO">Clicks the element 'id=login_button'.</msg>
<status status="PASS" starttime="20250124 20:56:53.920" endtime="20250124 20:56:54.032"/>
</kw>
<status status="PASS" starttime="20250124 20:56:53.919" endtime="20250124 20:56:54.032"/>
</kw>
<kw name="Login Should Have Failed">
<kw name="Get Url" library="Browser">
<arg>*=</arg>
<arg>${ERROR URL}</arg>
<tag>Assertion</tag>
<tag>Getter</tag>
<tag>PageContent</tag>
<doc>Returns the current URL.</doc>
<status status="PASS" starttime="20250124 20:56:54.033" endtime="20250124 20:56:54.038"/>
</kw>
<kw name="Get Title" library="Browser">
<arg>equals</arg>
<arg>Error Page</arg>
<tag>Assertion</tag>
<tag>Getter</tag>
<tag>PageContent</tag>
<doc>Returns the title of the current page.</doc>
<msg timestamp="20250124 20:56:54.045" level="INFO">Title: 'Error Page'</msg>
<status status="PASS" starttime="20250124 20:56:54.039" endtime="20250124 20:56:54.045"/>
</kw>
<status status="PASS" starttime="20250124 20:56:54.032" endtime="20250124 20:56:54.046"/>
</kw>
<status status="PASS" starttime="20250124 20:56:53.732" endtime="20250124 20:56:54.046"/>
</kw>
<status status="PASS" starttime="20250124 20:56:53.510" endtime="20250124 20:56:54.046"/>
</test>
<test id="s1-s1-t2" name="Invalid Password" line="18">
<kw name="Go To Login Page" library="resource" type="SETUP">
<kw name="New Page" library="Browser">
<arg>${LOGIN URL}</arg>
<tag>BrowserControl</tag>
<tag>Setter</tag>
<doc>Open a new Page.</doc>
<msg timestamp="20250124 20:56:54.301" level="INFO">Successfully initialized new page object and opened url: http://localhost:7272/</msg>
<status status="PASS" starttime="20250124 20:56:54.177" endtime="20250124 20:56:54.301"/>
</kw>
<status status="PASS" starttime="20250124 20:56:54.175" endtime="20250124 20:56:54.302"/>
</kw>
<kw name="Login With Invalid Credentials Should Fail">
<arg>${VALID USER}</arg>
<arg>invalid</arg>
<kw name="Input Username" library="resource">
<arg>${username}</arg>
<kw name="Fill Text" library="Browser">
<arg>id=username_field</arg>
<arg>${username}</arg>
<tag>PageContent</tag>
<tag>Setter</tag>
<doc>Clears and fills the given ``txt`` into the text field found by ``selector``.</doc>
<msg timestamp="20250124 20:56:54.304" level="INFO">Fills the text 'demo' in the given field.</msg>
<status status="PASS" starttime="20250124 20:56:54.304" endtime="20250124 20:56:54.375"/>
</kw>
<status status="PASS" starttime="20250124 20:56:54.303" endtime="20250124 20:56:54.376"/>
</kw>
<kw name="Input Password" library="resource">
<arg>${password}</arg>
<kw name="Fill Text" library="Browser">
<arg>id=password_field</arg>
<arg>${password}</arg>
<tag>PageContent</tag>
<tag>Setter</tag>
<doc>Clears and fills the given ``txt`` into the text field found by ``selector``.</doc>
<msg timestamp="20250124 20:56:54.379" level="INFO">Fills the text 'invalid' in the given field.</msg>
<status status="PASS" starttime="20250124 20:56:54.378" endtime="20250124 20:56:54.422"/>
</kw>
<status status="PASS" starttime="20250124 20:56:54.376" endtime="20250124 20:56:54.422"/>
</kw>
<kw name="Submit Credentials" library="resource">
<kw name="Click" library="Browser">
<arg>id=login_button</arg>
<tag>PageContent</tag>
<tag>Setter</tag>
<doc>Simulates mouse click on the element found by ``selector``.</doc>
<msg timestamp="20250124 20:56:54.424" level="INFO">Clicks the element 'id=login_button'.</msg>
<status status="PASS" starttime="20250124 20:56:54.423" endtime="20250124 20:56:54.536"/>
</kw>
<status status="PASS" starttime="20250124 20:56:54.423" endtime="20250124 20:56:54.538"/>
</kw>
<kw name="Login Should Have Failed">
<kw name="Get Url" library="Browser">
<arg>*=</arg>
<arg>${ERROR URL}</arg>
<tag>Assertion</tag>
<tag>Getter</tag>
<tag>PageContent</tag>
<doc>Returns the current URL.</doc>
<status status="PASS" starttime="20250124 20:56:54.540" endtime="20250124 20:56:54.548"/>
</kw>
<kw name="Get Title" library="Browser">
<arg>equals</arg>
<arg>Error Page</arg>
<tag>Assertion</tag>
<tag>Getter</tag>
<tag>PageContent</tag>
<doc>Returns the title of the current page.</doc>
<msg timestamp="20250124 20:56:54.562" level="INFO">Title: 'Error Page'</msg>
<status status="PASS" starttime="20250124 20:56:54.549" endtime="20250124 20:56:54.563"/>
</kw>
<status status="PASS" starttime="20250124 20:56:54.539" endtime="20250124 20:56:54.564"/>
</kw>
<status status="PASS" starttime="20250124 20:56:54.302" endtime="20250124 20:56:54.565"/>
</kw>
<status status="PASS" starttime="20250124 20:56:54.150" endtime="20250124 20:56:54.565"/>
</test>
<test id="s1-s1-t3" name="Invalid Username And Password" line="19">
<kw name="Go To Login Page" library="resource" type="SETUP">
<kw name="New Page" library="Browser">
<arg>${LOGIN URL}</arg>
<tag>BrowserControl</tag>
<tag>Setter</tag>
<doc>Open a new Page.</doc>
<msg timestamp="20250124 20:56:54.824" level="INFO">Successfully initialized new page object and opened url: http://localhost:7272/</msg>
<status status="PASS" starttime="20250124 20:56:54.695" endtime="20250124 20:56:54.825"/>
</kw>
<status status="PASS" starttime="20250124 20:56:54.694" endtime="20250124 20:56:54.825"/>
</kw>
<kw name="Login With Invalid Credentials Should Fail">
<arg>invalid</arg>
<arg>whatever</arg>
<kw name="Input Username" library="resource">
<arg>${username}</arg>
<kw name="Fill Text" library="Browser">
<arg>id=username_field</arg>
<arg>${username}</arg>
<tag>PageContent</tag>
<tag>Setter</tag>
<doc>Clears and fills the given ``txt`` into the text field found by ``selector``.</doc>
<msg timestamp="20250124 20:56:54.828" level="INFO">Fills the text 'invalid' in the given field.</msg>
<status status="PASS" starttime="20250124 20:56:54.827" endtime="20250124 20:56:54.916"/>
</kw>
<status status="PASS" starttime="20250124 20:56:54.826" endtime="20250124 20:56:54.916"/>
</kw>
<kw name="Input Password" library="resource">
<arg>${password}</arg>
<kw name="Fill Text" library="Browser">
<arg>id=password_field</arg>
<arg>${password}</arg>
<tag>PageContent</tag>
<tag>Setter</tag>
<doc>Clears and fills the given ``txt`` into the text field found by ``selector``.</doc>
<msg timestamp="20250124 20:56:54.921" level="INFO">Fills the text 'whatever' in the given field.</msg>
<status status="PASS" starttime="20250124 20:56:54.920" endtime="20250124 20:56:54.957"/>
</kw>
<status status="PASS" starttime="20250124 20:56:54.916" endtime="20250124 20:56:54.958"/>
</kw>
<kw name="Submit Credentials" library="resource">
<kw name="Click" library="Browser">
<arg>id=login_button</arg>
<tag>PageContent</tag>
<tag>Setter</tag>
<doc>Simulates mouse click on the element found by ``selector``.</doc>
<msg timestamp="20250124 20:56:54.959" level="INFO">Clicks the element 'id=login_button'.</msg>
<status status="PASS" starttime="20250124 20:56:54.959" endtime="20250124 20:56:55.026"/>
</kw>
<status status="PASS" starttime="20250124 20:56:54.958" endtime="20250124 20:56:55.026"/>
</kw>
<kw name="Login Should Have Failed">
<kw name="Get Url" library="Browser">
<arg>*=</arg>
<arg>${ERROR URL}</arg>
<tag>Assertion</tag>
<tag>Getter</tag>
<tag>PageContent</tag>
<doc>Returns the current URL.</doc>
<status status="PASS" starttime="20250124 20:56:55.027" endtime="20250124 20:56:55.035"/>
</kw>
<kw name="Get Title" library="Browser">
<arg>equals</arg>
<arg>Error Page</arg>
<tag>Assertion</tag>
<tag>Getter</tag>
<tag>PageContent</tag>
<doc>Returns the title of the current page.</doc>
<msg timestamp="20250124 20:56:55.043" level="INFO">Title: 'Error Page'</msg>
<status status="PASS" starttime="20250124 20:56:55.036" endtime="20250124 20:56:55.043"/>
</kw>
<status status="PASS" starttime="20250124 20:56:55.026" endtime="20250124 20:56:55.043"/>
</kw>
<status status="PASS" starttime="20250124 20:56:54.825" endtime="20250124 20:56:55.043"/>
</kw>
<status status="PASS" starttime="20250124 20:56:54.666" endtime="20250124 20:56:55.044"/>
</test>
<test id="s1-s1-t4" name="Empty Username" line="20">
<kw name="Go To Login Page" library="resource" type="SETUP">
<kw name="New Page" library="Browser">
<arg>${LOGIN URL}</arg>
<tag>BrowserControl</tag>
<tag>Setter</tag>
<doc>Open a new Page.</doc>
<msg timestamp="20250124 20:56:55.314" level="INFO">Successfully initialized new page object and opened url: http://localhost:7272/</msg>
<status status="PASS" starttime="20250124 20:56:55.171" endtime="20250124 20:56:55.314"/>
</kw>
<status status="PASS" starttime="20250124 20:56:55.170" endtime="20250124 20:56:55.314"/>
</kw>
<kw name="Login With Invalid Credentials Should Fail">
<arg>${EMPTY}</arg>
<arg>${VALID PASSWORD}</arg>
<kw name="Input Username" library="resource">
<arg>${username}</arg>
<kw name="Fill Text" library="Browser">
<arg>id=username_field</arg>
<arg>${username}</arg>
<tag>PageContent</tag>
<tag>Setter</tag>
<doc>Clears and fills the given ``txt`` into the text field found by ``selector``.</doc>
<msg timestamp="20250124 20:56:55.317" level="INFO">Fills the text '' in the given field.</msg>
<status status="PASS" starttime="20250124 20:56:55.316" endtime="20250124 20:56:55.411"/>
</kw>
<status status="PASS" starttime="20250124 20:56:55.315" endtime="20250124 20:56:55.411"/>
</kw>
<kw name="Input Password" library="resource">
<arg>${password}</arg>
<kw name="Fill Text" library="Browser">
<arg>id=password_field</arg>
<arg>${password}</arg>
<tag>PageContent</tag>
<tag>Setter</tag>
<doc>Clears and fills the given ``txt`` into the text field found by ``selector``.</doc>
<msg timestamp="20250124 20:56:55.412" level="INFO">Fills the text 'mode' in the given field.</msg>
<status status="PASS" starttime="20250124 20:56:55.412" endtime="20250124 20:56:55.445"/>
</kw>
<status status="PASS" starttime="20250124 20:56:55.411" endtime="20250124 20:56:55.445"/>
</kw>
<kw name="Submit Credentials" library="resource">
<kw name="Click" library="Browser">
<arg>id=login_button</arg>
<tag>PageContent</tag>
<tag>Setter</tag>
<doc>Simulates mouse click on the element found by ``selector``.</doc>
<msg timestamp="20250124 20:56:55.446" level="INFO">Clicks the element 'id=login_button'.</msg>
<status status="PASS" starttime="20250124 20:56:55.445" endtime="20250124 20:56:55.519"/>
</kw>
<status status="PASS" starttime="20250124 20:56:55.445" endtime="20250124 20:56:55.519"/>
</kw>
<kw name="Login Should Have Failed">
<kw name="Get Url" library="Browser">
<arg>*=</arg>
<arg>${ERROR URL}</arg>
<tag>Assertion</tag>
<tag>Getter</tag>
<tag>PageContent</tag>
<doc>Returns the current URL.</doc>
<status status="PASS" starttime="20250124 20:56:55.522" endtime="20250124 20:56:55.528"/>
</kw>
<kw name="Get Title" library="Browser">
<arg>equals</arg>
<arg>Error Page</arg>
<tag>Assertion</tag>
<tag>Getter</tag>
<tag>PageContent</tag>
<doc>Returns the title of the current page.</doc>
<msg timestamp="20250124 20:56:55.535" level="INFO">Title: 'Error Page'</msg>
<status status="PASS" starttime="20250124 20:56:55.528" endtime="20250124 20:56:55.535"/>
</kw>
<status status="PASS" starttime="20250124 20:56:55.521" endtime="20250124 20:56:55.536"/>
</kw>
<status status="PASS" starttime="20250124 20:56:55.314" endtime="20250124 20:56:55.536"/>
</kw>
<status status="PASS" starttime="20250124 20:56:55.156" endtime="20250124 20:56:55.536"/>
</test>
<test id="s1-s1-t5" name="Empty Password" line="21">
<kw name="Go To Login Page" library="resource" type="SETUP">
<kw name="New Page" library="Browser">
<arg>${LOGIN URL}</arg>
<tag>BrowserControl</tag>
<tag>Setter</tag>
<doc>Open a new Page.</doc>
<msg timestamp="20250124 20:56:55.761" level="INFO">Successfully initialized new page object and opened url: http://localhost:7272/</msg>
<status status="PASS" starttime="20250124 20:56:55.641" endtime="20250124 20:56:55.763"/>
</kw>
<status status="PASS" starttime="20250124 20:56:55.640" endtime="20250124 20:56:55.763"/>
</kw>
<kw name="Login With Invalid Credentials Should Fail">
<arg>${VALID USER}</arg>
<arg>${EMPTY}</arg>
<kw name="Input Username" library="resource">
<arg>${username}</arg>
<kw name="Fill Text" library="Browser">
<arg>id=username_field</arg>
<arg>${username}</arg>
<tag>PageContent</tag>
<tag>Setter</tag>
<doc>Clears and fills the given ``txt`` into the text field found by ``selector``.</doc>
<msg timestamp="20250124 20:56:55.767" level="INFO">Fills the text 'demo' in the given field.</msg>
<status status="PASS" starttime="20250124 20:56:55.767" endtime="20250124 20:56:55.918"/>
</kw>
<status status="PASS" starttime="20250124 20:56:55.766" endtime="20250124 20:56:55.918"/>
</kw>
<kw name="Input Password" library="resource">
<arg>${password}</arg>
<kw name="Fill Text" library="Browser">
<arg>id=password_field</arg>
<arg>${password}</arg>
<tag>PageContent</tag>
<tag>Setter</tag>
<doc>Clears and fills the given ``txt`` into the text field found by ``selector``.</doc>
<msg timestamp="20250124 20:56:55.920" level="INFO">Fills the text '' in the given field.</msg>
<status status="PASS" starttime="20250124 20:56:55.919" endtime="20250124 20:56:55.959"/>
</kw>
<status status="PASS" starttime="20250124 20:56:55.919" endtime="20250124 20:56:55.960"/>
</kw>
<kw name="Submit Credentials" library="resource">
<kw name="Click" library="Browser">
<arg>id=login_button</arg>
<tag>PageContent</tag>
<tag>Setter</tag>
<doc>Simulates mouse click on the element found by ``selector``.</doc>
<msg timestamp="20250124 20:56:55.962" level="INFO">Clicks the element 'id=login_button'.</msg>
<status status="PASS" starttime="20250124 20:56:55.961" endtime="20250124 20:56:56.034"/>
</kw>
<status status="PASS" starttime="20250124 20:56:55.960" endtime="20250124 20:56:56.034"/>
</kw>
<kw name="Login Should Have Failed">
<kw name="Get Url" library="Browser">
<arg>*=</arg>
<arg>${ERROR URL}</arg>
<tag>Assertion</tag>
<tag>Getter</tag>
<tag>PageContent</tag>
<doc>Returns the current URL.</doc>
<status status="PASS" starttime="20250124 20:56:56.036" endtime="20250124 20:56:56.043"/>
</kw>
<kw name="Get Title" library="Browser">
<arg>equals</arg>
<arg>Error Page</arg>
<tag>Assertion</tag>
<tag>Getter</tag>
<tag>PageContent</tag>
<doc>Returns the title of the current page.</doc>
<msg timestamp="20250124 20:56:56.059" level="INFO">Title: 'Error Page'</msg>
<status status="PASS" starttime="20250124 20:56:56.044" endtime="20250124 20:56:56.059"/>
</kw>
<status status="PASS" starttime="20250124 20:56:56.035" endtime="20250124 20:56:56.060"/>
</kw>
<status status="PASS" starttime="20250124 20:56:55.764" endtime="20250124 20:56:56.060"/>
</kw>
<status status="PASS" starttime="20250124 20:56:55.616" endtime="20250124 20:56:56.061"/>
</test>
<test id="s1-s1-t6" name="Empty Username And Password" line="22">
<kw name="Go To Login Page" library="resource" type="SETUP">
<kw name="New Page" library="Browser">
<arg>${LOGIN URL}</arg>
<tag>BrowserControl</tag>
<tag>Setter</tag>
<doc>Open a new Page.</doc>
<msg timestamp="20250124 20:56:56.301" level="INFO">Successfully initialized new page object and opened url: http://localhost:7272/</msg>
<status status="PASS" starttime="20250124 20:56:56.182" endtime="20250124 20:56:56.301"/>
</kw>
<status status="PASS" starttime="20250124 20:56:56.181" endtime="20250124 20:56:56.301"/>
</kw>
<kw name="Login With Invalid Credentials Should Fail">
<arg>${EMPTY}</arg>
<arg>${EMPTY}</arg>
<kw name="Input Username" library="resource">
<arg>${username}</arg>
<kw name="Fill Text" library="Browser">
<arg>id=username_field</arg>
<arg>${username}</arg>
<tag>PageContent</tag>
<tag>Setter</tag>
<doc>Clears and fills the given ``txt`` into the text field found by ``selector``.</doc>
<msg timestamp="20250124 20:56:56.307" level="INFO">Fills the text '' in the given field.</msg>
<status status="PASS" starttime="20250124 20:56:56.307" endtime="20250124 20:56:56.401"/>
</kw>
<status status="PASS" starttime="20250124 20:56:56.303" endtime="20250124 20:56:56.401"/>
</kw>
<kw name="Input Password" library="resource">
<arg>${password}</arg>
<kw name="Fill Text" library="Browser">
<arg>id=password_field</arg>
<arg>${password}</arg>
<tag>PageContent</tag>
<tag>Setter</tag>
<doc>Clears and fills the given ``txt`` into the text field found by ``selector``.</doc>
<msg timestamp="20250124 20:56:56.406" level="INFO">Fills the text '' in the given field.</msg>
<status status="PASS" starttime="20250124 20:56:56.402" endtime="20250124 20:56:56.440"/>
</kw>
<status status="PASS" starttime="20250124 20:56:56.402" endtime="20250124 20:56:56.440"/>
</kw>
<kw name="Submit Credentials" library="resource">
<kw name="Click" library="Browser">
<arg>id=login_button</arg>
<tag>PageContent</tag>
<tag>Setter</tag>
<doc>Simulates mouse click on the element found by ``selector``.</doc>
<msg timestamp="20250124 20:56:56.442" level="INFO">Clicks the element 'id=login_button'.</msg>
<status status="PASS" starttime="20250124 20:56:56.441" endtime="20250124 20:56:56.510"/>
</kw>
<status status="PASS" starttime="20250124 20:56:56.440" endtime="20250124 20:56:56.511"/>
</kw>
<kw name="Login Should Have Failed">
<kw name="Get Url" library="Browser">
<arg>*=</arg>
<arg>${ERROR URL}</arg>
<tag>Assertion</tag>
<tag>Getter</tag>
<tag>PageContent</tag>
<doc>Returns the current URL.</doc>
<status status="PASS" starttime="20250124 20:56:56.512" endtime="20250124 20:56:56.518"/>
</kw>
<kw name="Get Title" library="Browser">
<arg>equals</arg>
<arg>Error Page</arg>
<tag>Assertion</tag>
<tag>Getter</tag>
<tag>PageContent</tag>
<doc>Returns the title of the current page.</doc>
<msg timestamp="20250124 20:56:56.525" level="INFO">Title: 'Error Page'</msg>
<status status="PASS" starttime="20250124 20:56:56.518" endtime="20250124 20:56:56.525"/>
</kw>
<status status="PASS" starttime="20250124 20:56:56.511" endtime="20250124 20:56:56.526"/>
</kw>
<status status="PASS" starttime="20250124 20:56:56.302" endtime="20250124 20:56:56.526"/>
</kw>
<status status="PASS" starttime="20250124 20:56:56.158" endtime="20250124 20:56:56.526"/>
</test>
<kw name="Close Browser" library="Browser" type="TEARDOWN">
<tag>BrowserControl</tag>
<tag>Setter</tag>
<doc>Closes the current browser.</doc>
<msg timestamp="20250124 20:56:57.042" level="INFO">Closed browser</msg>
<status status="PASS" starttime="20250124 20:56:56.610" endtime="20250124 20:56:57.043"/>
</kw>
<doc>A test suite containing tests related to invalid login.

These tests are data-driven by their nature. They use a single
keyword, specified with Test Template setting, that is called
with different arguments to cover different scenarios.

This suite also demonstrates using setups and teardowns in
different levels.</doc>
<status status="PASS" starttime="20250124 20:56:44.759" endtime="20250124 20:56:57.043"/>
</suite>
<suite id="s1-s2" name="Valid Login" source="/Users/lennart/Documents/Development/Studium/2022_Master-Thesis/robotframework-perfbot/example/tests/valid_login.robot">
<test id="s1-s2-t1" name="Valid Login" line="10">
<kw name="Open Browser To Login Page" library="resource">
<kw name="New Browser" library="Browser">
<arg>browser=${BROWSER}</arg>
<arg>headless=${HEADLESS}</arg>
<tag>BrowserControl</tag>
<tag>Setter</tag>
<doc>Create a new playwright Browser with specified options.</doc>
<msg timestamp="20250124 20:56:57.183" level="INFO">{"browser": "chromium", "headless": false, "chromiumSandbox": false, "devtools": false, "handleSIGHUP": true, "handleSIGINT": true, "handleSIGTERM": true, "slowMo": 0.0, "timeout": 30000.0, "tracesDir": "/Users/lennart/Documents/Development/Studium/2022_Master-Thesis/robotframework-perfbot/example/browser/traces/temp/d881722c-643c-4252-9748-786d84f90b4d"}</msg>
<msg timestamp="20250124 20:56:57.820" level="INFO">Successfully created browser with options: {"browser":"chromium","headless":false,"chromiumSandbox":false,"devtools":false,"handleSIGHUP":true,"handleSIGINT":true,"handleSIGTERM":true,"slowMo":0,"timeout":30000,"tracesDir":"/Users/lennart/Documents/Development/Studium/2022_Master-Thesis/robotframework-perfbot/example/browser/traces/temp/d881722c-643c-4252-9748-786d84f90b4d"}</msg>
<status status="PASS" starttime="20250124 20:56:57.183" endtime="20250124 20:56:57.831"/>
</kw>
<kw name="New Page" library="Browser">
<arg>${LOGIN URL}</arg>
<tag>BrowserControl</tag>
<tag>Setter</tag>
<doc>Open a new Page.</doc>
<msg timestamp="20250124 20:56:58.615" level="INFO">Successfully initialized new page object and opened url: http://localhost:7272/</msg>
<msg timestamp="20250124 20:56:58.615" level="INFO">No context was open. New context was automatically opened when this page is created.</msg>
<status status="PASS" starttime="20250124 20:56:57.832" endtime="20250124 20:56:58.617"/>
</kw>
<status status="PASS" starttime="20250124 20:56:57.182" endtime="20250124 20:56:58.617"/>
</kw>
<kw name="Login Page Should Be Open" library="resource">
<kw name="Get Title" library="Browser">
<arg>equals</arg>
<arg>Login Page</arg>
<tag>Assertion</tag>
<tag>Getter</tag>
<tag>PageContent</tag>
<doc>Returns the title of the current page.</doc>
<msg timestamp="20250124 20:56:58.645" level="INFO">Title: 'Login Page'</msg>
<status status="PASS" starttime="20250124 20:56:58.618" endtime="20250124 20:56:58.645"/>
</kw>
<status status="PASS" starttime="20250124 20:56:58.617" endtime="20250124 20:56:58.646"/>
</kw>
<kw name="Input Username" library="resource">
<arg>demo</arg>
<kw name="Fill Text" library="Browser">
<arg>id=username_field</arg>
<arg>${username}</arg>
<tag>PageContent</tag>
<tag>Setter</tag>
<doc>Clears and fills the given ``txt`` into the text field found by ``selector``.</doc>
<msg timestamp="20250124 20:56:58.648" level="INFO">Fills the text 'demo' in the given field.</msg>
<status status="PASS" starttime="20250124 20:56:58.647" endtime="20250124 20:56:58.719"/>
</kw>
<status status="PASS" starttime="20250124 20:56:58.647" endtime="20250124 20:56:58.719"/>
</kw>
<kw name="Input Password" library="resource">
<arg>mode</arg>
<kw name="Fill Text" library="Browser">
<arg>id=password_field</arg>
<arg>${password}</arg>
<tag>PageContent</tag>
<tag>Setter</tag>
<doc>Clears and fills the given ``txt`` into the text field found by ``selector``.</doc>
<msg timestamp="20250124 20:56:58.722" level="INFO">Fills the text 'mode' in the given field.</msg>
<status status="PASS" starttime="20250124 20:56:58.722" endtime="20250124 20:56:58.765"/>
</kw>
<status status="PASS" starttime="20250124 20:56:58.720" endtime="20250124 20:56:58.765"/>
</kw>
<kw name="Sleep" library="BuiltIn">
<arg>5</arg>
<doc>Pauses the test executed for the given time.</doc>
<msg timestamp="20250124 20:57:03.767" level="INFO">Slept 5 seconds</msg>
<status status="PASS" starttime="20250124 20:56:58.766" endtime="20250124 20:57:03.767"/>
</kw>
<kw name="Submit Credentials" library="resource">
<kw name="Click" library="Browser">
<arg>id=login_button</arg>
<tag>PageContent</tag>
<tag>Setter</tag>
<doc>Simulates mouse click on the element found by ``selector``.</doc>
<msg timestamp="20250124 20:57:03.769" level="INFO">Clicks the element 'id=login_button'.</msg>
<status status="PASS" starttime="20250124 20:57:03.768" endtime="20250124 20:57:03.881"/>
</kw>
<status status="PASS" starttime="20250124 20:57:03.767" endtime="20250124 20:57:03.881"/>
</kw>
<kw name="Welcome Page Should Be Open" library="resource">
<kw name="Get Url" library="Browser">
<arg>*=</arg>
<arg>${WELCOME URL}</arg>
<tag>Assertion</tag>
<tag>Getter</tag>
<tag>PageContent</tag>
<doc>Returns the current URL.</doc>
<status status="PASS" starttime="20250124 20:57:03.883" endtime="20250124 20:57:03.906"/>
</kw>
<kw name="Get Title" library="Browser">
<arg>equals</arg>
<arg>Welcome Page</arg>
<tag>Assertion</tag>
<tag>Getter</tag>
<tag>PageContent</tag>
<doc>Returns the title of the current page.</doc>
<msg timestamp="20250124 20:57:03.921" level="INFO">Title: 'Welcome Page'</msg>
<status status="PASS" starttime="20250124 20:57:03.907" endtime="20250124 20:57:03.921"/>
</kw>
<status status="PASS" starttime="20250124 20:57:03.881" endtime="20250124 20:57:03.922"/>
</kw>
<kw name="Close Browser" library="Browser" type="TEARDOWN">
<tag>BrowserControl</tag>
<tag>Setter</tag>
<doc>Closes the current browser.</doc>
<msg timestamp="20250124 20:57:04.267" level="INFO">Closed browser</msg>
<status status="PASS" starttime="20250124 20:57:03.924" endtime="20250124 20:57:04.267"/>
</kw>
<status status="PASS" starttime="20250124 20:56:57.166" endtime="20250124 20:57:04.267"/>
</test>
<doc>A test suite with a single test for valid login.

This test has a workflow that is created using keywords in
the imported resource file.</doc>
<status status="PASS" starttime="20250124 20:56:57.058" endtime="20250124 20:57:04.289"/>
</suite>
<status status="PASS" starttime="20250124 20:56:44.725" endtime="20250124 20:57:04.309"/>
</suite>
<statistics>
<total>
<stat pass="7" fail="0" skip="0">All Tests</stat>
</total>
<tag>
</tag>
<suite>
<stat pass="7" fail="0" skip="0" id="s1" name="Tests">Tests</stat>
<stat pass="6" fail="0" skip="0" id="s1-s1" name="Invalid Login">Tests.Invalid Login</stat>
<stat pass="1" fail="0" skip="0" id="s1-s2" name="Valid Login">Tests.Valid Login</stat>
</suite>
</statistics>
<errors>
</errors>
</robot>
